{"total": {"lines":{"total":27743,"covered":23321,"skipped":0,"pct":84.06},"statements":{"total":27743,"covered":23321,"skipped":0,"pct":84.06},"functions":{"total":816,"covered":783,"skipped":0,"pct":95.95},"branches":{"total":6407,"covered":4763,"skipped":0,"pct":74.34},"branchesTrue":{"total":0,"covered":0,"skipped":0,"pct":100}}
,"F:\\Auto-apply\\src\\background.ts": {"lines":{"total":4034,"covered":3070,"skipped":0,"pct":76.1},"functions":{"total":104,"covered":94,"skipped":0,"pct":90.38},"statements":{"total":4034,"covered":3070,"skipped":0,"pct":76.1},"branches":{"total":734,"covered":484,"skipped":0,"pct":65.94}}
,"F:\\Auto-apply\\src\\popup.ts": {"lines":{"total":2452,"covered":1886,"skipped":0,"pct":76.91},"functions":{"total":88,"covered":82,"skipped":0,"pct":93.18},"statements":{"total":2452,"covered":1886,"skipped":0,"pct":76.91},"branches":{"total":448,"covered":326,"skipped":0,"pct":72.76}}
,"F:\\Auto-apply\\src\\popupDialog.ts": {"lines":{"total":358,"covered":344,"skipped":0,"pct":96.08},"functions":{"total":13,"covered":13,"skipped":0,"pct":100},"statements":{"total":358,"covered":344,"skipped":0,"pct":96.08},"branches":{"total":71,"covered":67,"skipped":0,"pct":94.36}}
,"F:\\Auto-apply\\src\\popupState.ts": {"lines":{"total":146,"covered":138,"skipped":0,"pct":94.52},"functions":{"total":6,"covered":6,"skipped":0,"pct":100},"statements":{"total":146,"covered":138,"skipped":0,"pct":94.52},"branches":{"total":40,"covered":37,"skipped":0,"pct":92.5}}
,"F:\\Auto-apply\\src\\shared.ts": {"lines":{"total":8,"covered":8,"skipped":0,"pct":100},"functions":{"total":0,"covered":0,"skipped":0,"pct":100},"statements":{"total":8,"covered":8,"skipped":0,"pct":100},"branches":{"total":0,"covered":0,"skipped":0,"pct":100}}
,"F:\\Auto-apply\\src\\background\\sessionState.ts": {"lines":{"total":178,"covered":157,"skipped":0,"pct":88.2},"functions":{"total":12,"covered":12,"skipped":0,"pct":100},"statements":{"total":178,"covered":157,"skipped":0,"pct":88.2},"branches":{"total":51,"covered":42,"skipped":0,"pct":82.35}}
,"F:\\Auto-apply\\src\\background\\sessionStore.ts": {"lines":{"total":274,"covered":238,"skipped":0,"pct":86.86},"functions":{"total":14,"covered":12,"skipped":0,"pct":85.71},"statements":{"total":274,"covered":238,"skipped":0,"pct":86.86},"branches":{"total":76,"covered":54,"skipped":0,"pct":71.05}}
,"F:\\Auto-apply\\src\\background\\spawnQueue.ts": {"lines":{"total":42,"covered":41,"skipped":0,"pct":97.61},"functions":{"total":1,"covered":1,"skipped":0,"pct":100},"statements":{"total":42,"covered":41,"skipped":0,"pct":97.61},"branches":{"total":12,"covered":9,"skipped":0,"pct":75}}
,"F:\\Auto-apply\\src\\content\\answerCapture.ts": {"lines":{"total":191,"covered":161,"skipped":0,"pct":84.29},"functions":{"total":7,"covered":7,"skipped":0,"pct":100},"statements":{"total":191,"covered":161,"skipped":0,"pct":84.29},"branches":{"total":30,"covered":17,"skipped":0,"pct":56.66}}
,"F:\\Auto-apply\\src\\content\\answerMemory.ts": {"lines":{"total":456,"covered":446,"skipped":0,"pct":97.8},"functions":{"total":14,"covered":14,"skipped":0,"pct":100},"statements":{"total":456,"covered":446,"skipped":0,"pct":97.8},"branches":{"total":81,"covered":73,"skipped":0,"pct":90.12}}
,"F:\\Auto-apply\\src\\content\\applicationSurface.ts": {"lines":{"total":1039,"covered":889,"skipped":0,"pct":85.56},"functions":{"total":23,"covered":23,"skipped":0,"pct":100},"statements":{"total":1039,"covered":889,"skipped":0,"pct":85.56},"branches":{"total":238,"covered":152,"skipped":0,"pct":63.86}}
,"F:\\Auto-apply\\src\\content\\apply.ts": {"lines":{"total":4305,"covered":3559,"skipped":0,"pct":82.67},"functions":{"total":98,"covered":95,"skipped":0,"pct":96.93},"statements":{"total":4305,"covered":3559,"skipped":0,"pct":82.67},"branches":{"total":1262,"covered":964,"skipped":0,"pct":76.38}}
,"F:\\Auto-apply\\src\\content\\autofill.ts": {"lines":{"total":709,"covered":601,"skipped":0,"pct":84.76},"functions":{"total":27,"covered":27,"skipped":0,"pct":100},"statements":{"total":709,"covered":601,"skipped":0,"pct":84.76},"branches":{"total":243,"covered":183,"skipped":0,"pct":75.3}}
,"F:\\Auto-apply\\src\\content\\choiceFill.ts": {"lines":{"total":175,"covered":120,"skipped":0,"pct":68.57},"functions":{"total":6,"covered":5,"skipped":0,"pct":83.33},"statements":{"total":175,"covered":120,"skipped":0,"pct":68.57},"branches":{"total":24,"covered":13,"skipped":0,"pct":54.16}}
,"F:\\Auto-apply\\src\\content\\dom.ts": {"lines":{"total":669,"covered":555,"skipped":0,"pct":82.95},"functions":{"total":14,"covered":14,"skipped":0,"pct":100},"statements":{"total":669,"covered":555,"skipped":0,"pct":82.95},"branches":{"total":183,"covered":140,"skipped":0,"pct":76.5}}
,"F:\\Auto-apply\\src\\content\\jobSearch.ts": {"lines":{"total":3612,"covered":3063,"skipped":0,"pct":84.8},"functions":{"total":85,"covered":84,"skipped":0,"pct":98.82},"statements":{"total":3612,"covered":3063,"skipped":0,"pct":84.8},"branches":{"total":889,"covered":667,"skipped":0,"pct":75.02}}
,"F:\\Auto-apply\\src\\content\\jobSearchHeuristics.ts": {"lines":{"total":919,"covered":818,"skipped":0,"pct":89},"functions":{"total":26,"covered":26,"skipped":0,"pct":100},"statements":{"total":919,"covered":818,"skipped":0,"pct":89},"branches":{"total":236,"covered":183,"skipped":0,"pct":77.54}}
,"F:\\Auto-apply\\src\\content\\manualReview.ts": {"lines":{"total":544,"covered":399,"skipped":0,"pct":73.34},"functions":{"total":17,"covered":16,"skipped":0,"pct":94.11},"statements":{"total":544,"covered":399,"skipped":0,"pct":73.34},"branches":{"total":134,"covered":71,"skipped":0,"pct":52.98}}
,"F:\\Auto-apply\\src\\content\\progression.ts": {"lines":{"total":166,"covered":149,"skipped":0,"pct":89.75},"functions":{"total":5,"covered":5,"skipped":0,"pct":100},"statements":{"total":166,"covered":149,"skipped":0,"pct":89.75},"branches":{"total":33,"covered":29,"skipped":0,"pct":87.87}}
,"F:\\Auto-apply\\src\\content\\resumeStep.ts": {"lines":{"total":48,"covered":46,"skipped":0,"pct":95.83},"functions":{"total":4,"covered":4,"skipped":0,"pct":100},"statements":{"total":48,"covered":46,"skipped":0,"pct":95.83},"branches":{"total":12,"covered":11,"skipped":0,"pct":91.66}}
,"F:\\Auto-apply\\src\\content\\resumeUpload.ts": {"lines":{"total":812,"covered":767,"skipped":0,"pct":94.45},"functions":{"total":27,"covered":26,"skipped":0,"pct":96.29},"statements":{"total":812,"covered":767,"skipped":0,"pct":94.45},"branches":{"total":204,"covered":171,"skipped":0,"pct":83.82}}
,"F:\\Auto-apply\\src\\content\\runtimeHelpers.ts": {"lines":{"total":609,"covered":523,"skipped":0,"pct":85.87},"functions":{"total":25,"covered":25,"skipped":0,"pct":100},"statements":{"total":609,"covered":523,"skipped":0,"pct":85.87},"branches":{"total":144,"covered":101,"skipped":0,"pct":70.13}}
,"F:\\Auto-apply\\src\\content\\searchResults.ts": {"lines":{"total":2127,"covered":1631,"skipped":0,"pct":76.68},"functions":{"total":60,"covered":54,"skipped":0,"pct":90},"statements":{"total":2127,"covered":1631,"skipped":0,"pct":76.68},"branches":{"total":475,"covered":336,"skipped":0,"pct":70.73}}
,"F:\\Auto-apply\\src\\content\\sitePatterns.ts": {"lines":{"total":154,"covered":154,"skipped":0,"pct":100},"functions":{"total":4,"covered":4,"skipped":0,"pct":100},"statements":{"total":154,"covered":154,"skipped":0,"pct":100},"branches":{"total":6,"covered":6,"skipped":0,"pct":100}}
,"F:\\Auto-apply\\src\\content\\stageFlow.ts": {"lines":{"total":34,"covered":34,"skipped":0,"pct":100},"functions":{"total":2,"covered":2,"skipped":0,"pct":100},"statements":{"total":34,"covered":34,"skipped":0,"pct":100},"branches":{"total":4,"covered":4,"skipped":0,"pct":100}}
,"F:\\Auto-apply\\src\\content\\text.ts": {"lines":{"total":194,"covered":182,"skipped":0,"pct":93.81},"functions":{"total":8,"covered":8,"skipped":0,"pct":100},"statements":{"total":194,"covered":182,"skipped":0,"pct":93.81},"branches":{"total":43,"covered":36,"skipped":0,"pct":83.72}}
,"F:\\Auto-apply\\src\\content\\sites\\common.ts": {"lines":{"total":86,"covered":86,"skipped":0,"pct":100},"functions":{"total":0,"covered":0,"skipped":0,"pct":100},"statements":{"total":86,"covered":86,"skipped":0,"pct":100},"branches":{"total":0,"covered":0,"skipped":0,"pct":100}}
,"F:\\Auto-apply\\src\\content\\sites\\index.ts": {"lines":{"total":69,"covered":69,"skipped":0,"pct":100},"functions":{"total":9,"covered":9,"skipped":0,"pct":100},"statements":{"total":69,"covered":69,"skipped":0,"pct":100},"branches":{"total":16,"covered":9,"skipped":0,"pct":56.25}}
,"F:\\Auto-apply\\src\\content\\sites\\builtin\\index.ts": {"lines":{"total":55,"covered":55,"skipped":0,"pct":100},"functions":{"total":0,"covered":0,"skipped":0,"pct":100},"statements":{"total":55,"covered":55,"skipped":0,"pct":100},"branches":{"total":0,"covered":0,"skipped":0,"pct":100}}
,"F:\\Auto-apply\\src\\content\\sites\\dice\\index.ts": {"lines":{"total":31,"covered":31,"skipped":0,"pct":100},"functions":{"total":0,"covered":0,"skipped":0,"pct":100},"statements":{"total":31,"covered":31,"skipped":0,"pct":100},"branches":{"total":0,"covered":0,"skipped":0,"pct":100}}
,"F:\\Auto-apply\\src\\content\\sites\\glassdoor\\index.ts": {"lines":{"total":33,"covered":33,"skipped":0,"pct":100},"functions":{"total":0,"covered":0,"skipped":0,"pct":100},"statements":{"total":33,"covered":33,"skipped":0,"pct":100},"branches":{"total":0,"covered":0,"skipped":0,"pct":100}}
,"F:\\Auto-apply\\src\\content\\sites\\greenhouse\\index.ts": {"lines":{"total":45,"covered":45,"skipped":0,"pct":100},"functions":{"total":0,"covered":0,"skipped":0,"pct":100},"statements":{"total":45,"covered":45,"skipped":0,"pct":100},"branches":{"total":0,"covered":0,"skipped":0,"pct":100}}
,"F:\\Auto-apply\\src\\content\\sites\\indeed\\index.ts": {"lines":{"total":35,"covered":35,"skipped":0,"pct":100},"functions":{"total":0,"covered":0,"skipped":0,"pct":100},"statements":{"total":35,"covered":35,"skipped":0,"pct":100},"branches":{"total":0,"covered":0,"skipped":0,"pct":100}}
,"F:\\Auto-apply\\src\\content\\sites\\monster\\index.ts": {"lines":{"total":44,"covered":44,"skipped":0,"pct":100},"functions":{"total":0,"covered":0,"skipped":0,"pct":100},"statements":{"total":44,"covered":44,"skipped":0,"pct":100},"branches":{"total":0,"covered":0,"skipped":0,"pct":100}}
,"F:\\Auto-apply\\src\\content\\sites\\other_sites\\index.ts": {"lines":{"total":35,"covered":35,"skipped":0,"pct":100},"functions":{"total":0,"covered":0,"skipped":0,"pct":100},"statements":{"total":35,"covered":35,"skipped":0,"pct":100},"branches":{"total":0,"covered":0,"skipped":0,"pct":100}}
,"F:\\Auto-apply\\src\\content\\sites\\startup\\index.ts": {"lines":{"total":32,"covered":32,"skipped":0,"pct":100},"functions":{"total":0,"covered":0,"skipped":0,"pct":100},"statements":{"total":32,"covered":32,"skipped":0,"pct":100},"branches":{"total":0,"covered":0,"skipped":0,"pct":100}}
,"F:\\Auto-apply\\src\\content\\sites\\ziprecruiter\\index.ts": {"lines":{"total":38,"covered":38,"skipped":0,"pct":100},"functions":{"total":0,"covered":0,"skipped":0,"pct":100},"statements":{"total":38,"covered":38,"skipped":0,"pct":100},"branches":{"total":0,"covered":0,"skipped":0,"pct":100}}
,"F:\\Auto-apply\\src\\shared\\catalog.ts": {"lines":{"total":557,"covered":541,"skipped":0,"pct":97.12},"functions":{"total":21,"covered":21,"skipped":0,"pct":100},"statements":{"total":557,"covered":541,"skipped":0,"pct":97.12},"branches":{"total":81,"covered":71,"skipped":0,"pct":87.65}}
,"F:\\Auto-apply\\src\\shared\\pageSignals.ts": {"lines":{"total":748,"covered":701,"skipped":0,"pct":93.71},"functions":{"total":20,"covered":20,"skipped":0,"pct":100},"statements":{"total":748,"covered":701,"skipped":0,"pct":93.71},"branches":{"total":221,"covered":161,"skipped":0,"pct":72.85}}
,"F:\\Auto-apply\\src\\shared\\profiles.ts": {"lines":{"total":125,"covered":122,"skipped":0,"pct":97.6},"functions":{"total":6,"covered":6,"skipped":0,"pct":100},"statements":{"total":125,"covered":122,"skipped":0,"pct":97.6},"branches":{"total":21,"covered":15,"skipped":0,"pct":71.42}}
,"F:\\Auto-apply\\src\\shared\\status.ts": {"lines":{"total":147,"covered":141,"skipped":0,"pct":95.91},"functions":{"total":10,"covered":9,"skipped":0,"pct":90},"statements":{"total":147,"covered":141,"skipped":0,"pct":95.91},"branches":{"total":53,"covered":51,"skipped":0,"pct":96.22}}
,"F:\\Auto-apply\\src\\shared\\storage.ts": {"lines":{"total":440,"covered":421,"skipped":0,"pct":95.68},"functions":{"total":23,"covered":23,"skipped":0,"pct":100},"statements":{"total":440,"covered":421,"skipped":0,"pct":95.68},"branches":{"total":131,"covered":104,"skipped":0,"pct":79.38}}
,"F:\\Auto-apply\\src\\shared\\targets.ts": {"lines":{"total":613,"covered":572,"skipped":0,"pct":93.31},"functions":{"total":33,"covered":32,"skipped":0,"pct":96.96},"statements":{"total":613,"covered":572,"skipped":0,"pct":93.31},"branches":{"total":135,"covered":110,"skipped":0,"pct":81.48}}
,"F:\\Auto-apply\\src\\shared\\types.ts": {"lines":{"total":165,"covered":165,"skipped":0,"pct":100},"functions":{"total":0,"covered":0,"skipped":0,"pct":100},"statements":{"total":165,"covered":165,"skipped":0,"pct":100},"branches":{"total":0,"covered":0,"skipped":0,"pct":100}}
,"F:\\Auto-apply\\src\\shared\\url.ts": {"lines":{"total":190,"covered":176,"skipped":0,"pct":92.63},"functions":{"total":4,"covered":4,"skipped":0,"pct":100},"statements":{"total":190,"covered":176,"skipped":0,"pct":92.63},"branches":{"total":76,"covered":66,"skipped":0,"pct":86.84}}
}
