{"total": {"lines":{"total":13088,"covered":10860,"skipped":0,"pct":82.97},"statements":{"total":13088,"covered":10860,"skipped":0,"pct":82.97},"functions":{"total":376,"covered":356,"skipped":0,"pct":94.68},"branches":{"total":3040,"covered":2214,"skipped":0,"pct":72.82},"branchesTrue":{"total":0,"covered":0,"skipped":0,"pct":100}}
,"F:\\Auto-apply\\src\\popup.ts": {"lines":{"total":1992,"covered":1459,"skipped":0,"pct":73.24},"functions":{"total":67,"covered":63,"skipped":0,"pct":94.02},"statements":{"total":1992,"covered":1459,"skipped":0,"pct":73.24},"branches":{"total":292,"covered":196,"skipped":0,"pct":67.12}}
,"F:\\Auto-apply\\src\\popupDialog.ts": {"lines":{"total":356,"covered":342,"skipped":0,"pct":96.06},"functions":{"total":13,"covered":13,"skipped":0,"pct":100},"statements":{"total":356,"covered":342,"skipped":0,"pct":96.06},"branches":{"total":67,"covered":63,"skipped":0,"pct":94.02}}
,"F:\\Auto-apply\\src\\shared.ts": {"lines":{"total":1850,"covered":1728,"skipped":0,"pct":93.4},"functions":{"total":75,"covered":68,"skipped":0,"pct":90.66},"statements":{"total":1850,"covered":1728,"skipped":0,"pct":93.4},"branches":{"total":452,"covered":338,"skipped":0,"pct":74.77}}
,"F:\\Auto-apply\\src\\content\\answerMemory.ts": {"lines":{"total":349,"covered":334,"skipped":0,"pct":95.7},"functions":{"total":10,"covered":10,"skipped":0,"pct":100},"statements":{"total":349,"covered":334,"skipped":0,"pct":95.7},"branches":{"total":64,"covered":52,"skipped":0,"pct":81.25}}
,"F:\\Auto-apply\\src\\content\\applicationSurface.ts": {"lines":{"total":426,"covered":359,"skipped":0,"pct":84.27},"functions":{"total":8,"covered":8,"skipped":0,"pct":100},"statements":{"total":426,"covered":359,"skipped":0,"pct":84.27},"branches":{"total":90,"covered":63,"skipped":0,"pct":70}}
,"F:\\Auto-apply\\src\\content\\apply.ts": {"lines":{"total":2498,"covered":2007,"skipped":0,"pct":80.34},"functions":{"total":49,"covered":46,"skipped":0,"pct":93.87},"statements":{"total":2498,"covered":2007,"skipped":0,"pct":80.34},"branches":{"total":738,"covered":519,"skipped":0,"pct":70.32}}
,"F:\\Auto-apply\\src\\content\\autofill.ts": {"lines":{"total":494,"covered":404,"skipped":0,"pct":81.78},"functions":{"total":22,"covered":22,"skipped":0,"pct":100},"statements":{"total":494,"covered":404,"skipped":0,"pct":81.78},"branches":{"total":186,"covered":138,"skipped":0,"pct":74.19}}
,"F:\\Auto-apply\\src\\content\\dom.ts": {"lines":{"total":503,"covered":362,"skipped":0,"pct":71.96},"functions":{"total":11,"covered":11,"skipped":0,"pct":100},"statements":{"total":503,"covered":362,"skipped":0,"pct":71.96},"branches":{"total":121,"covered":92,"skipped":0,"pct":76.03}}
,"F:\\Auto-apply\\src\\content\\jobSearch.ts": {"lines":{"total":3409,"covered":2818,"skipped":0,"pct":82.66},"functions":{"total":80,"covered":76,"skipped":0,"pct":95},"statements":{"total":3409,"covered":2818,"skipped":0,"pct":82.66},"branches":{"total":787,"covered":559,"skipped":0,"pct":71.02}}
,"F:\\Auto-apply\\src\\content\\pdfWorker.ts": {"lines":{"total":43,"covered":41,"skipped":0,"pct":95.34},"functions":{"total":4,"covered":4,"skipped":0,"pct":100},"statements":{"total":43,"covered":41,"skipped":0,"pct":95.34},"branches":{"total":8,"covered":6,"skipped":0,"pct":75}}
,"F:\\Auto-apply\\src\\content\\progression.ts": {"lines":{"total":129,"covered":112,"skipped":0,"pct":86.82},"functions":{"total":4,"covered":4,"skipped":0,"pct":100},"statements":{"total":129,"covered":112,"skipped":0,"pct":86.82},"branches":{"total":29,"covered":25,"skipped":0,"pct":86.2}}
,"F:\\Auto-apply\\src\\content\\resumeUpload.ts": {"lines":{"total":718,"covered":588,"skipped":0,"pct":81.89},"functions":{"total":19,"covered":17,"skipped":0,"pct":89.47},"statements":{"total":718,"covered":588,"skipped":0,"pct":81.89},"branches":{"total":157,"covered":127,"skipped":0,"pct":80.89}}
,"F:\\Auto-apply\\src\\content\\sitePatterns.ts": {"lines":{"total":154,"covered":154,"skipped":0,"pct":100},"functions":{"total":4,"covered":4,"skipped":0,"pct":100},"statements":{"total":154,"covered":154,"skipped":0,"pct":100},"branches":{"total":6,"covered":6,"skipped":0,"pct":100}}
,"F:\\Auto-apply\\src\\content\\text.ts": {"lines":{"total":167,"covered":152,"skipped":0,"pct":91.01},"functions":{"total":10,"covered":10,"skipped":0,"pct":100},"statements":{"total":167,"covered":152,"skipped":0,"pct":91.01},"branches":{"total":43,"covered":30,"skipped":0,"pct":69.76}}
}
