TN:
SF:src\popup.ts
FN:149,(anonymous_0)
FN:153,(anonymous_1)
FN:157,(anonymous_2)
FN:161,(anonymous_3)
FN:165,(anonymous_4)
FN:169,(anonymous_5)
FN:173,(anonymous_6)
FN:177,(anonymous_7)
FN:198,(anonymous_8)
FN:219,(anonymous_9)
FN:225,(anonymous_10)
FN:230,(anonymous_11)
FN:235,(anonymous_12)
FN:239,(anonymous_13)
FN:243,(anonymous_14)
FN:248,(anonymous_15)
FN:252,(anonymous_16)
FN:256,(anonymous_17)
FN:262,initialize
FN:306,(anonymous_19)
FN:307,(anonymous_20)
FN:313,startAutomation
FN:514,refreshStatus
FN:709,getContentStatus
FN:722,sendRuntimeMessageWithRetry
FN:750,updateSiteNameDisplay
FN:763,applyStatus
FN:768,setSettingsStatus
FN:778,buildUpdatedProfileFromForm
FN:803,buildFormSettingsUpdate
FN:826,saveCurrentSettings
FN:832,(anonymous_31)
FN:858,switchActiveProfile
FN:869,(anonymous_33)
FN:890,createProfile
FN:900,(anonymous_35)
FN:921,renameSelectedProfile
FN:934,(anonymous_37)
FN:958,deleteSelectedProfile
FN:977,(anonymous_39)
FN:985,(anonymous_40)
FN:1013,clearRememberedAnswers
FN:1038,removeRememberedAnswer
FN:1047,(anonymous_43)
FN:1057,(anonymous_44)
FN:1081,editRememberedAnswer
FN:1099,(anonymous_46)
FN:1128,addPreferenceAnswer
FN:1141,(anonymous_48)
FN:1170,editPreferenceAnswer
FN:1188,(anonymous_50)
FN:1217,removePreferenceAnswer
FN:1226,(anonymous_52)
FN:1236,(anonymous_53)
FN:1260,storeResumeFile
FN:1291,populateSettingsForm
FN:1324,renderProfileOptions
FN:1328,(anonymous_57)
FN:1343,renderRememberedAnswers
FN:1344,(anonymous_59)
FN:1360,renderPreferenceAnswers
FN:1363,(anonymous_61)
FN:1377,renderSavedAnswerList
FN:1430,formatFileSize
FN:1438,isBusy
FN:1442,readFileAsResumeAsset
FN:1457,extractResumeTextFromFile
FN:1490,extractPdfResumeText
FN:1513,(anonymous_68)
FN:1528,extractDocxResumeText
FN:1539,extractPrintableTextFromArrayBuffer
FN:1554,clampResumeText
FN:1562,getFileExtension
FN:1567,readFileAsDataUrl
FN:1568,(anonymous_74)
FN:1570,(anonymous_75)
FN:1577,(anonymous_76)
FN:1584,createEmptySettings
FN:1588,updateModeUi
FN:1599,updateOverviewPreview
FN:1607,getSelectedSearchMode
FN:1614,getSelectedStartupRegion
FN:1622,getSelectedDatePostedWindow
FN:1630,getSelectedProfileId
FN:1634,getConfiguredKeywords
FN:1638,normalizeSearchKeywordsInput
FN:1642,createProfileId
FN:1646,promptForProfileName
FN:1659,(anonymous_88)
FN:1664,promptForSavedAnswer
FN:1681,(anonymous_90)
FN:1707,getStartupRegionLabel
FN:1711,getModePreviewLabel
FN:1718,getRegionPreviewLabel
FN:1725,getSelectedStartupRegions
FN:1732,requireElement
FN:1742,refreshActiveTabContext
FN:1760,findBestActiveTab
FN:1795,(anonymous_98)
FN:1802,(anonymous_99)
FN:1806,getTabUrl
FN:1825,isWebPageTab
FN:1830,isHttpUrl
FN:1834,delay
FN:1835,(anonymous_104)
FN:1840,truncateText
FNF:106
FNH:90
FNDA:2,(anonymous_0)
FNDA:1,(anonymous_1)
FNDA:1,(anonymous_2)
FNDA:3,(anonymous_3)
FNDA:1,(anonymous_4)
FNDA:1,(anonymous_5)
FNDA:2,(anonymous_6)
FNDA:2,(anonymous_7)
FNDA:2,(anonymous_8)
FNDA:0,(anonymous_9)
FNDA:0,(anonymous_10)
FNDA:0,(anonymous_11)
FNDA:0,(anonymous_12)
FNDA:0,(anonymous_13)
FNDA:0,(anonymous_14)
FNDA:2,(anonymous_15)
FNDA:1,(anonymous_16)
FNDA:210,(anonymous_17)
FNDA:20,initialize
FNDA:0,(anonymous_19)
FNDA:0,(anonymous_20)
FNDA:2,startAutomation
FNDA:25,refreshStatus
FNDA:22,getContentStatus
FNDA:24,sendRuntimeMessageWithRetry
FNDA:65,updateSiteNameDisplay
FNDA:28,applyStatus
FNDA:50,setSettingsStatus
FNDA:5,buildUpdatedProfileFromForm
FNDA:5,buildFormSettingsUpdate
FNDA:3,saveCurrentSettings
FNDA:3,(anonymous_31)
FNDA:2,switchActiveProfile
FNDA:2,(anonymous_33)
FNDA:3,createProfile
FNDA:1,(anonymous_35)
FNDA:1,renameSelectedProfile
FNDA:1,(anonymous_37)
FNDA:1,deleteSelectedProfile
FNDA:2,(anonymous_39)
FNDA:1,(anonymous_40)
FNDA:1,clearRememberedAnswers
FNDA:1,removeRememberedAnswer
FNDA:1,(anonymous_43)
FNDA:1,(anonymous_44)
FNDA:1,editRememberedAnswer
FNDA:1,(anonymous_46)
FNDA:2,addPreferenceAnswer
FNDA:1,(anonymous_48)
FNDA:1,editPreferenceAnswer
FNDA:1,(anonymous_50)
FNDA:1,removePreferenceAnswer
FNDA:1,(anonymous_52)
FNDA:1,(anonymous_53)
FNDA:1,storeResumeFile
FNDA:35,populateSettingsForm
FNDA:35,renderProfileOptions
FNDA:8,(anonymous_57)
FNDA:35,renderRememberedAnswers
FNDA:0,(anonymous_59)
FNDA:35,renderPreferenceAnswers
FNDA:0,(anonymous_61)
FNDA:70,renderSavedAnswerList
FNDA:1,formatFileSize
FNDA:0,isBusy
FNDA:1,readFileAsResumeAsset
FNDA:1,extractResumeTextFromFile
FNDA:0,extractPdfResumeText
FNDA:0,(anonymous_68)
FNDA:0,extractDocxResumeText
FNDA:0,extractPrintableTextFromArrayBuffer
FNDA:1,clampResumeText
FNDA:1,getFileExtension
FNDA:1,readFileAsDataUrl
FNDA:1,(anonymous_74)
FNDA:1,(anonymous_75)
FNDA:0,(anonymous_76)
FNDA:20,createEmptySettings
FNDA:20,updateModeUi
FNDA:58,updateOverviewPreview
FNDA:175,getSelectedSearchMode
FNDA:70,getSelectedStartupRegion
FNDA:5,getSelectedDatePostedWindow
FNDA:10,getSelectedProfileId
FNDA:32,getConfiguredKeywords
FNDA:5,normalizeSearchKeywordsInput
FNDA:1,createProfileId
FNDA:4,promptForProfileName
FNDA:3,(anonymous_88)
FNDA:4,promptForSavedAnswer
FNDA:5,(anonymous_90)
FNDA:7,getStartupRegionLabel
FNDA:58,getModePreviewLabel
FNDA:58,getRegionPreviewLabel
FNDA:7,getSelectedStartupRegions
FNDA:1140,requireElement
FNDA:47,refreshActiveTabContext
FNDA:47,findBestActiveTab
FNDA:44,(anonymous_98)
FNDA:2,(anonymous_99)
FNDA:132,getTabUrl
FNDA:46,isWebPageTab
FNDA:46,isHttpUrl
FNDA:1,delay
FNDA:1,(anonymous_104)
FNDA:10,truncateText
DA:31,20
DA:33,20
DA:34,20
DA:36,20
DA:37,20
DA:38,20
DA:39,20
DA:40,20
DA:41,20
DA:42,20
DA:43,20
DA:44,20
DA:45,20
DA:47,20
DA:48,20
DA:49,20
DA:50,20
DA:51,20
DA:54,20
DA:57,20
DA:60,20
DA:61,20
DA:63,20
DA:65,20
DA:66,20
DA:67,20
DA:68,20
DA:69,20
DA:70,20
DA:71,20
DA:72,20
DA:73,20
DA:74,20
DA:75,20
DA:77,20
DA:79,20
DA:81,20
DA:83,20
DA:85,20
DA:86,20
DA:89,20
DA:90,20
DA:91,20
DA:92,20
DA:93,20
DA:94,20
DA:95,20
DA:96,20
DA:97,20
DA:98,20
DA:101,20
DA:104,20
DA:107,20
DA:110,20
DA:113,20
DA:116,20
DA:117,20
DA:120,20
DA:124,20
DA:125,20
DA:126,20
DA:127,20
DA:128,20
DA:147,20
DA:149,20
DA:150,2
DA:153,20
DA:154,1
DA:157,20
DA:158,1
DA:161,20
DA:162,3
DA:165,20
DA:166,1
DA:169,20
DA:170,1
DA:173,20
DA:174,2
DA:177,20
DA:178,2
DA:179,2
DA:180,0
DA:183,2
DA:184,2
DA:185,2
DA:186,2
DA:187,0
DA:190,2
DA:191,1
DA:192,1
DA:195,1
DA:198,20
DA:199,2
DA:200,2
DA:201,0
DA:204,2
DA:205,2
DA:206,2
DA:207,2
DA:208,0
DA:211,2
DA:212,1
DA:213,1
DA:216,1
DA:219,20
DA:220,0
DA:221,0
DA:222,0
DA:225,20
DA:226,0
DA:227,0
DA:230,20
DA:231,0
DA:232,0
DA:235,20
DA:236,0
DA:239,20
DA:240,0
DA:243,20
DA:244,0
DA:245,0
DA:248,20
DA:249,2
DA:252,20
DA:253,1
DA:256,20
DA:257,210
DA:258,210
DA:263,20
DA:264,20
DA:266,20
DA:267,20
DA:269,0
DA:270,0
DA:273,20
DA:274,20
DA:275,0
DA:281,20
DA:289,20
DA:290,20
DA:291,20
DA:293,20
DA:294,20
DA:296,0
DA:303,0
DA:306,20
DA:307,0
DA:315,2
DA:316,2
DA:318,2
DA:319,0
DA:330,0
DA:331,0
DA:334,2
DA:335,2
DA:337,2
DA:338,0
DA:346,0
DA:347,0
DA:356,0
DA:357,0
DA:365,0
DA:366,0
DA:369,0
DA:377,0
DA:388,0
DA:389,0
DA:392,2
DA:393,1
DA:401,1
DA:402,1
DA:411,1
DA:412,0
DA:420,0
DA:421,0
DA:424,1
DA:432,0
DA:443,1
DA:444,1
DA:448,1
DA:449,0
DA:452,0
DA:453,0
DA:456,1
DA:457,0
DA:464,0
DA:465,0
DA:468,1
DA:476,1
DA:477,1
DA:485,1
DA:486,0
DA:494,0
DA:495,0
DA:498,0
DA:507,0
DA:508,0
DA:511,1
DA:515,25
DA:517,25
DA:518,25
DA:519,25
DA:521,25
DA:523,25
DA:524,1
DA:535,1
DA:536,1
DA:540,24
DA:541,1
DA:542,1
DA:549,1
DA:550,1
DA:555,0
DA:556,0
DA:563,0
DA:568,0
DA:573,0
DA:574,0
DA:575,0
DA:578,0
DA:585,0
DA:586,0
DA:589,23
DA:590,1
DA:591,1
DA:598,1
DA:599,1
DA:603,0
DA:604,0
DA:611,0
DA:616,0
DA:621,0
DA:622,0
DA:623,0
DA:626,0
DA:633,0
DA:634,0
DA:638,22
DA:639,0
DA:642,0
DA:643,0
DA:648,22
DA:649,22
DA:656,22
DA:661,22
DA:666,0
DA:667,0
DA:669,0
DA:673,22
DA:675,22
DA:680,0
DA:681,0
DA:683,0
DA:687,22
DA:688,1
DA:695,1
DA:696,1
DA:699,21
DA:706,21
DA:712,22
DA:713,22
DA:716,22
DA:718,0
DA:728,24
DA:729,25
DA:730,25
DA:731,24
DA:732,24
DA:735,1
DA:738,1
DA:739,1
DA:743,0
DA:744,0
DA:747,0
DA:751,65
DA:752,65
DA:753,3
DA:754,62
DA:755,3
DA:757,59
DA:764,28
DA:765,28
DA:773,50
DA:774,50
DA:775,50
DA:781,5
DA:809,5
DA:811,5
DA:827,3
DA:828,3
DA:830,3
DA:831,3
DA:832,3
DA:833,3
DA:836,3
DA:837,3
DA:844,3
DA:846,0
DA:854,3
DA:859,2
DA:860,2
DA:861,0
DA:862,0
DA:865,2
DA:867,2
DA:868,2
DA:869,2
DA:870,2
DA:872,2
DA:873,2
DA:878,2
DA:880,0
DA:891,3
DA:892,2
DA:893,1
DA:896,1
DA:897,1
DA:899,1
DA:900,1
DA:907,1
DA:908,1
DA:909,1
DA:911,0
DA:922,1
DA:923,1
DA:927,1
DA:928,0
DA:931,1
DA:933,1
DA:934,1
DA:945,1
DA:946,1
DA:948,0
DA:959,1
DA:960,1
DA:961,0
DA:962,0
DA:965,1
DA:966,1
DA:973,1
DA:974,0
DA:977,1
DA:978,2
DA:980,1
DA:982,1
DA:984,1
DA:985,1
DA:986,1
DA:987,1
DA:989,1
DA:995,1
DA:996,1
DA:1001,1
DA:1003,0
DA:1014,1
DA:1015,1
DA:1017,1
DA:1018,1
DA:1023,1
DA:1024,1
DA:1026,0
DA:1034,1
DA:1039,1
DA:1040,1
DA:1041,0
DA:1044,1
DA:1046,1
DA:1047,1
DA:1048,1
DA:1049,1
DA:1054,1
DA:1058,1
DA:1064,1
DA:1065,1
DA:1071,0
DA:1082,1
DA:1083,1
DA:1084,0
DA:1087,1
DA:1092,1
DA:1093,0
DA:1096,1
DA:1098,1
DA:1099,1
DA:1100,1
DA:1101,1
DA:1105,1
DA:1106,1
DA:1107,1
DA:1109,1
DA:1115,1
DA:1116,1
DA:1118,0
DA:1129,2
DA:1134,1
DA:1135,0
DA:1138,1
DA:1140,1
DA:1141,1
DA:1142,1
DA:1143,1
DA:1148,1
DA:1157,1
DA:1158,1
DA:1160,0
DA:1171,1
DA:1172,1
DA:1173,0
DA:1176,1
DA:1181,1
DA:1182,0
DA:1185,1
DA:1187,1
DA:1188,1
DA:1189,1
DA:1190,1
DA:1194,1
DA:1195,1
DA:1196,1
DA:1198,1
DA:1204,1
DA:1205,1
DA:1207,0
DA:1218,1
DA:1219,1
DA:1220,0
DA:1223,1
DA:1225,1
DA:1226,1
DA:1227,1
DA:1228,1
DA:1233,1
DA:1237,1
DA:1243,1
DA:1244,1
DA:1250,0
DA:1261,1
DA:1263,1
DA:1264,0
DA:1267,1
DA:1269,1
DA:1270,1
DA:1271,1
DA:1276,1
DA:1277,1
DA:1279,0
DA:1287,1
DA:1292,35
DA:1294,35
DA:1295,35
DA:1296,35
DA:1297,35
DA:1298,35
DA:1299,35
DA:1300,35
DA:1301,35
DA:1302,35
DA:1303,35
DA:1304,35
DA:1305,35
DA:1306,35
DA:1307,35
DA:1308,35
DA:1309,35
DA:1310,35
DA:1311,35
DA:1312,35
DA:1313,35
DA:1314,35
DA:1315,35
DA:1316,35
DA:1317,35
DA:1320,35
DA:1321,35
DA:1328,35
DA:1329,8
DA:1332,35
DA:1334,35
DA:1335,43
DA:1336,43
DA:1337,43
DA:1338,43
DA:1339,43
DA:1344,35
DA:1345,0
DA:1348,35
DA:1349,35
DA:1350,35
DA:1363,35
DA:1364,0
DA:1367,35
DA:1386,70
DA:1388,70
DA:1389,70
DA:1391,70
DA:1392,8
DA:1393,8
DA:1395,8
DA:1396,8
DA:1398,8
DA:1399,8
DA:1400,8
DA:1402,8
DA:1403,8
DA:1404,8
DA:1406,8
DA:1407,8
DA:1409,8
DA:1410,8
DA:1411,8
DA:1412,8
DA:1413,8
DA:1414,8
DA:1416,8
DA:1417,8
DA:1418,8
DA:1419,8
DA:1420,8
DA:1421,8
DA:1423,8
DA:1424,8
DA:1425,8
DA:1426,8
DA:1431,1
DA:1432,0
DA:1434,1
DA:1435,1
DA:1439,0
DA:1443,1
DA:1447,1
DA:1458,1
DA:1459,1
DA:1461,1
DA:1462,0
DA:1465,1
DA:1466,0
DA:1469,1
DA:1475,1
DA:1478,0
DA:1479,0
DA:1487,0
DA:1491,0
DA:1492,0
DA:1497,0
DA:1498,0
DA:1505,0
DA:1506,0
DA:1508,0
DA:1509,0
DA:1510,0
DA:1511,0
DA:1512,0
DA:1514,0
DA:1519,0
DA:1522,0
DA:1525,0
DA:1529,0
DA:1530,0
DA:1533,0
DA:1536,0
DA:1540,0
DA:1541,0
DA:1543,0
DA:1544,0
DA:1545,0
DA:1547,0
DA:1551,0
DA:1555,1
DA:1563,1
DA:1564,1
DA:1568,1
DA:1569,1
DA:1570,1
DA:1571,1
DA:1572,1
DA:1573,1
DA:1575,0
DA:1577,1
DA:1578,0
DA:1580,1
DA:1585,20
DA:1589,20
DA:1590,20
DA:1596,20
DA:1600,58
DA:1601,58
DA:1602,58
DA:1608,175
DA:1609,175
DA:1610,168
DA:1611,157
DA:1615,70
DA:1616,70
DA:1617,70
DA:1619,0
DA:1623,5
DA:1624,5
DA:1625,5
DA:1627,0
DA:1631,10
DA:1635,32
DA:1639,5
DA:1643,1
DA:1650,4
DA:1660,3
DA:1669,4
DA:1682,5
DA:1683,1
DA:1686,4
DA:1687,1
DA:1690,3
DA:1693,3
DA:1694,0
DA:1697,3
DA:1708,7
DA:1712,58
DA:1713,58
DA:1714,56
DA:1715,52
DA:1719,58
DA:1720,58
DA:1721,54
DA:1722,54
DA:1726,7
DA:1733,1140
DA:1734,1140
DA:1735,0
DA:1737,1140
DA:1743,47
DA:1744,47
DA:1746,47
DA:1747,5
DA:1748,5
DA:1749,5
DA:1752,42
DA:1753,47
DA:1755,0
DA:1756,0
DA:1761,47
DA:1772,47
DA:1773,47
DA:1775,47
DA:1776,94
DA:1777,0
DA:1780,94
DA:1781,88
DA:1782,44
DA:1785,44
DA:1786,44
DA:1790,47
DA:1791,5
DA:1795,42
DA:1796,44
DA:1797,44
DA:1799,42
DA:1802,2
DA:1803,2
DA:1807,132
DA:1808,132
DA:1810,132
DA:1811,0
DA:1814,132
DA:1819,6
DA:1822,126
DA:1826,46
DA:1827,46
DA:1831,46
DA:1835,1
DA:1836,1
DA:1841,10
DA:1842,10
DA:1843,9
DA:1846,1
LF:673
LH:518
BRDA:179,0,0,0
BRDA:179,0,1,2
BRDA:186,1,0,0
BRDA:186,1,1,2
BRDA:186,2,0,2
BRDA:186,2,1,2
BRDA:190,3,0,1
BRDA:190,3,1,1
BRDA:200,4,0,0
BRDA:200,4,1,2
BRDA:207,5,0,0
BRDA:207,5,1,2
BRDA:207,6,0,2
BRDA:207,6,1,2
BRDA:211,7,0,1
BRDA:211,7,1,1
BRDA:257,8,0,210
BRDA:257,8,1,0
BRDA:274,9,0,0
BRDA:274,9,1,20
BRDA:318,10,0,0
BRDA:318,10,1,2
BRDA:321,11,0,0
BRDA:321,11,1,0
BRDA:322,12,0,0
BRDA:322,12,1,0
BRDA:323,13,0,0
BRDA:323,13,1,0
BRDA:337,14,0,0
BRDA:337,14,1,2
BRDA:356,15,0,0
BRDA:356,15,1,0
BRDA:361,16,0,0
BRDA:361,16,1,0
BRDA:373,17,0,0
BRDA:373,17,1,0
BRDA:373,18,0,0
BRDA:373,18,1,0
BRDA:381,19,0,0
BRDA:381,19,1,0
BRDA:392,20,0,1
BRDA:392,20,1,1
BRDA:411,21,0,0
BRDA:411,21,1,1
BRDA:416,22,0,0
BRDA:416,22,1,0
BRDA:428,23,0,1
BRDA:428,23,1,0
BRDA:428,24,0,1
BRDA:428,24,1,0
BRDA:436,25,0,0
BRDA:436,25,1,0
BRDA:448,26,0,0
BRDA:448,26,1,1
BRDA:456,27,0,0
BRDA:456,27,1,1
BRDA:485,28,0,0
BRDA:485,28,1,1
BRDA:490,29,0,0
BRDA:490,29,1,0
BRDA:502,30,0,0
BRDA:502,30,1,0
BRDA:518,31,0,22
BRDA:518,31,1,3
BRDA:523,32,0,1
BRDA:523,32,1,24
BRDA:526,33,0,1
BRDA:526,33,1,0
BRDA:527,34,0,1
BRDA:527,34,1,0
BRDA:528,35,0,0
BRDA:528,35,1,0
BRDA:540,36,0,1
BRDA:540,36,1,23
BRDA:541,37,0,1
BRDA:541,37,1,0
BRDA:568,38,0,0
BRDA:568,38,1,0
BRDA:569,39,0,0
BRDA:569,39,1,0
BRDA:569,39,2,0
BRDA:589,40,0,1
BRDA:589,40,1,22
BRDA:590,41,0,1
BRDA:590,41,1,0
BRDA:616,42,0,0
BRDA:616,42,1,0
BRDA:617,43,0,0
BRDA:617,43,1,0
BRDA:617,43,2,0
BRDA:638,44,0,0
BRDA:638,44,1,22
BRDA:661,45,0,0
BRDA:661,45,1,22
BRDA:662,46,0,22
BRDA:662,46,1,0
BRDA:662,46,2,0
BRDA:668,47,0,0
BRDA:668,47,1,0
BRDA:675,48,0,0
BRDA:675,48,1,22
BRDA:676,49,0,22
BRDA:676,49,1,0
BRDA:676,49,2,0
BRDA:682,50,0,0
BRDA:682,50,1,0
BRDA:687,51,0,1
BRDA:687,51,1,21
BRDA:716,52,0,22
BRDA:716,52,1,22
BRDA:724,53,0,24
BRDA:731,54,0,24
BRDA:731,54,1,0
BRDA:731,55,0,24
BRDA:731,55,1,24
BRDA:738,56,0,1
BRDA:738,56,1,0
BRDA:743,57,0,0
BRDA:743,57,1,0
BRDA:752,58,0,3
BRDA:752,58,1,62
BRDA:754,59,0,3
BRDA:754,59,1,59
BRDA:757,60,0,56
BRDA:757,60,1,3
BRDA:770,61,0,50
BRDA:771,62,0,50
BRDA:775,63,0,28
BRDA:775,63,1,22
BRDA:809,64,0,5
BRDA:809,64,1,0
BRDA:816,65,0,5
BRDA:816,65,1,0
BRDA:838,66,0,1
BRDA:838,66,1,2
BRDA:847,67,0,0
BRDA:847,67,1,0
BRDA:860,68,0,0
BRDA:860,68,1,2
BRDA:860,69,0,2
BRDA:860,69,1,2
BRDA:881,70,0,0
BRDA:881,70,1,0
BRDA:892,71,0,1
BRDA:892,71,1,1
BRDA:912,72,0,0
BRDA:912,72,1,0
BRDA:927,73,0,0
BRDA:927,73,1,1
BRDA:927,74,0,1
BRDA:927,74,1,1
BRDA:939,75,0,1
BRDA:939,75,1,0
BRDA:949,76,0,0
BRDA:949,76,1,0
BRDA:960,77,0,0
BRDA:960,77,1,1
BRDA:973,78,0,0
BRDA:973,78,1,1
BRDA:980,79,0,1
BRDA:980,79,1,0
BRDA:1004,80,0,0
BRDA:1004,80,1,0
BRDA:1027,81,0,0
BRDA:1027,81,1,0
BRDA:1040,82,0,0
BRDA:1040,82,1,1
BRDA:1072,83,0,0
BRDA:1072,83,1,0
BRDA:1083,84,0,0
BRDA:1083,84,1,1
BRDA:1092,85,0,0
BRDA:1092,85,1,1
BRDA:1119,86,0,0
BRDA:1119,86,1,0
BRDA:1134,87,0,0
BRDA:1134,87,1,1
BRDA:1161,88,0,0
BRDA:1161,88,1,0
BRDA:1172,89,0,0
BRDA:1172,89,1,1
BRDA:1181,90,0,0
BRDA:1181,90,1,1
BRDA:1208,91,0,0
BRDA:1208,91,1,0
BRDA:1219,92,0,0
BRDA:1219,92,1,1
BRDA:1251,93,0,0
BRDA:1251,93,1,0
BRDA:1263,94,0,0
BRDA:1263,94,1,1
BRDA:1280,95,0,0
BRDA:1280,95,1,0
BRDA:1317,96,0,1
BRDA:1317,96,1,34
BRDA:1400,97,0,8
BRDA:1400,97,1,0
BRDA:1404,98,0,8
BRDA:1404,98,1,0
BRDA:1431,99,0,0
BRDA:1431,99,1,1
BRDA:1431,100,0,1
BRDA:1431,100,1,1
BRDA:1439,101,0,0
BRDA:1439,101,1,0
BRDA:1461,102,0,0
BRDA:1461,102,1,1
BRDA:1461,103,0,1
BRDA:1461,103,1,1
BRDA:1465,104,0,0
BRDA:1465,104,1,1
BRDA:1469,105,0,1
BRDA:1469,105,1,0
BRDA:1470,106,0,1
BRDA:1470,106,1,0
BRDA:1470,106,2,0
BRDA:1470,106,3,0
BRDA:1478,107,0,0
BRDA:1478,107,1,0
BRDA:1514,108,0,0
BRDA:1514,108,1,0
BRDA:1514,109,0,0
BRDA:1514,109,1,0
BRDA:1514,109,2,0
BRDA:1515,110,0,0
BRDA:1515,110,1,0
BRDA:1530,111,0,0
BRDA:1530,111,1,0
BRDA:1536,112,0,0
BRDA:1536,112,1,0
BRDA:1544,113,0,0
BRDA:1544,113,1,0
BRDA:1544,114,0,0
BRDA:1544,114,1,0
BRDA:1544,114,2,0
BRDA:1544,114,3,0
BRDA:1544,114,4,0
BRDA:1564,115,0,1
BRDA:1564,115,1,0
BRDA:1571,116,0,1
BRDA:1571,116,1,0
BRDA:1578,117,0,0
BRDA:1578,117,1,0
BRDA:1591,118,0,1
BRDA:1591,118,1,19
BRDA:1593,119,0,1
BRDA:1593,119,1,18
BRDA:1609,120,0,7
BRDA:1609,120,1,168
BRDA:1610,121,0,11
BRDA:1610,121,1,157
BRDA:1616,122,0,70
BRDA:1616,122,1,0
BRDA:1616,123,0,70
BRDA:1616,123,1,70
BRDA:1616,123,2,70
BRDA:1616,123,3,63
BRDA:1624,124,0,5
BRDA:1624,124,1,0
BRDA:1624,125,0,5
BRDA:1624,125,1,5
BRDA:1624,125,2,5
BRDA:1624,125,3,5
BRDA:1631,126,0,10
BRDA:1631,126,1,0
BRDA:1643,127,0,1
BRDA:1643,127,1,0
BRDA:1658,128,0,1
BRDA:1658,128,1,3
BRDA:1660,129,0,2
BRDA:1660,129,1,1
BRDA:1680,130,0,2
BRDA:1680,130,1,2
BRDA:1682,131,0,1
BRDA:1682,131,1,4
BRDA:1686,132,0,1
BRDA:1686,132,1,3
BRDA:1693,133,0,0
BRDA:1693,133,1,3
BRDA:1713,134,0,2
BRDA:1713,134,1,56
BRDA:1714,135,0,4
BRDA:1714,135,1,52
BRDA:1720,136,0,4
BRDA:1720,136,1,54
BRDA:1722,137,0,4
BRDA:1722,137,1,50
BRDA:1734,138,0,0
BRDA:1734,138,1,1140
BRDA:1746,139,0,5
BRDA:1746,139,1,42
BRDA:1752,140,0,42
BRDA:1752,140,1,0
BRDA:1776,141,0,0
BRDA:1776,141,1,94
BRDA:1781,142,0,44
BRDA:1781,142,1,44
BRDA:1781,143,0,88
BRDA:1781,143,1,88
BRDA:1790,144,0,5
BRDA:1790,144,1,42
BRDA:1797,145,0,44
BRDA:1797,145,1,44
BRDA:1799,146,0,40
BRDA:1799,146,1,2
BRDA:1803,147,0,2
BRDA:1803,147,1,0
BRDA:1803,147,2,0
BRDA:1807,148,0,132
BRDA:1807,148,1,0
BRDA:1808,149,0,132
BRDA:1808,149,1,126
BRDA:1810,150,0,0
BRDA:1810,150,1,132
BRDA:1814,151,0,6
BRDA:1814,151,1,126
BRDA:1815,152,0,132
BRDA:1815,152,1,6
BRDA:1815,152,2,0
BRDA:1815,152,3,6
BRDA:1815,152,4,0
BRDA:1831,153,0,46
BRDA:1831,153,1,0
BRDA:1842,154,0,9
BRDA:1842,154,1,1
BRF:325
BRH:166
end_of_record
TN:
SF:src\popupDialog.ts
FN:78,createPopupDialogController
FN:84,(anonymous_1)
FN:89,(anonymous_2)
FN:94,(anonymous_3)
FN:105,(anonymous_4)
FN:119,(anonymous_5)
FN:137,(anonymous_6)
FN:145,(anonymous_7)
FN:169,(anonymous_8)
FN:170,(anonymous_9)
FN:187,(anonymous_10)
FN:233,(anonymous_11)
FN:237,(anonymous_12)
FN:241,(anonymous_13)
FN:248,(anonymous_14)
FN:290,(anonymous_15)
FN:303,(anonymous_16)
FN:311,(anonymous_17)
FN:327,(anonymous_18)
FN:337,(anonymous_19)
FN:348,(anonymous_20)
FNF:21
FNH:20
FNDA:23,createPopupDialogController
FNDA:47,(anonymous_1)
FNDA:4,(anonymous_2)
FNDA:70,(anonymous_3)
FNDA:3,(anonymous_4)
FNDA:34,(anonymous_5)
FNDA:34,(anonymous_6)
FNDA:11,(anonymous_7)
FNDA:13,(anonymous_8)
FNDA:13,(anonymous_9)
FNDA:13,(anonymous_10)
FNDA:1,(anonymous_11)
FNDA:1,(anonymous_12)
FNDA:0,(anonymous_13)
FNDA:12,(anonymous_14)
FNDA:6,(anonymous_15)
FNDA:6,(anonymous_16)
FNDA:5,(anonymous_17)
FNDA:5,(anonymous_18)
FNDA:2,(anonymous_19)
FNDA:2,(anonymous_20)
DA:81,23
DA:82,23
DA:84,23
DA:85,47
DA:86,47
DA:89,23
DA:90,4
DA:91,4
DA:94,23
DA:95,70
DA:96,70
DA:97,70
DA:98,70
DA:99,57
DA:101,13
DA:105,23
DA:106,3
DA:107,3
DA:108,3
DA:109,3
DA:111,3
DA:112,3
DA:113,3
DA:116,0
DA:119,23
DA:120,34
DA:121,34
DA:122,23
DA:125,11
DA:130,8
DA:131,8
DA:134,3
DA:137,23
DA:138,34
DA:139,34
DA:140,34
DA:141,34
DA:142,34
DA:145,23
DA:146,11
DA:147,11
DA:148,11
DA:150,11
DA:151,0
DA:154,11
DA:155,5
DA:156,5
DA:159,6
DA:160,4
DA:163,4
DA:166,2
DA:169,23
DA:170,13
DA:171,13
DA:172,11
DA:173,11
DA:174,11
DA:177,2
DA:178,0
DA:179,0
DA:180,0
DA:183,2
DA:187,23
DA:202,13
DA:203,1
DA:206,13
DA:207,13
DA:212,13
DA:213,13
DA:214,13
DA:215,13
DA:216,13
DA:218,13
DA:219,13
DA:220,13
DA:221,13
DA:223,13
DA:224,13
DA:225,13
DA:226,13
DA:228,13
DA:229,13
DA:230,13
DA:233,23
DA:234,1
DA:237,23
DA:238,1
DA:241,23
DA:242,0
DA:243,0
DA:244,0
DA:248,23
DA:249,12
DA:251,12
DA:252,0
DA:255,12
DA:256,1
DA:257,1
DA:260,11
DA:261,11
DA:262,5
DA:263,5
DA:264,2
DA:265,2
DA:268,3
DA:269,3
DA:272,6
DA:274,6
DA:275,12
DA:276,2
DA:277,2
DA:280,4
DA:286,23
DA:287,23
DA:289,23
DA:291,6
DA:303,6
DA:304,6
DA:312,5
DA:327,5
DA:329,5
DA:338,2
DA:348,2
DA:349,2
LF:124
LH:115
BRDA:96,0,0,57
BRDA:96,0,1,13
BRDA:97,1,0,57
BRDA:97,1,1,13
BRDA:98,2,0,57
BRDA:98,2,1,13
BRDA:111,3,0,3
BRDA:111,3,1,0
BRDA:121,4,0,23
BRDA:121,4,1,11
BRDA:121,5,0,34
BRDA:121,5,1,34
BRDA:125,6,0,8
BRDA:125,6,1,3
BRDA:126,7,0,11
BRDA:126,7,1,8
BRDA:126,7,2,8
BRDA:150,8,0,0
BRDA:150,8,1,11
BRDA:154,9,0,5
BRDA:154,9,1,6
BRDA:159,10,0,4
BRDA:159,10,1,2
BRDA:171,11,0,11
BRDA:171,11,1,2
BRDA:177,12,0,0
BRDA:177,12,1,2
BRDA:202,13,0,1
BRDA:202,13,1,12
BRDA:208,14,0,10
BRDA:208,14,1,3
BRDA:208,15,0,13
BRDA:208,15,1,13
BRDA:212,16,0,13
BRDA:212,16,1,4
BRDA:216,17,0,13
BRDA:216,17,1,11
BRDA:219,18,0,13
BRDA:219,18,1,2
BRDA:220,19,0,13
BRDA:220,19,1,2
BRDA:221,20,0,13
BRDA:221,20,1,5
BRDA:224,21,0,13
BRDA:224,21,1,8
BRDA:225,22,0,13
BRDA:225,22,1,8
BRDA:226,23,0,13
BRDA:226,23,1,9
BRDA:242,24,0,0
BRDA:242,24,1,0
BRDA:251,25,0,0
BRDA:251,25,1,12
BRDA:255,26,0,1
BRDA:255,26,1,11
BRDA:261,27,0,5
BRDA:261,27,1,6
BRDA:262,28,0,5
BRDA:262,28,1,3
BRDA:263,29,0,2
BRDA:263,29,1,3
BRDA:274,30,0,6
BRDA:274,30,1,4
BRDA:275,31,0,2
BRDA:275,31,1,10
BRF:65
BRH:59
end_of_record
TN:
SF:src\shared.ts
FN:211,createEmptyCandidateProfile
FN:229,createAutomationProfile
FN:280,(anonymous_2)
FN:286,(anonymous_3)
FN:292,(anonymous_4)
FN:298,(anonymous_5)
FN:304,(anonymous_6)
FN:310,(anonymous_7)
FN:316,(anonymous_8)
FN:322,(anonymous_9)
FN:363,detectSiteFromUrl
FN:411,createStatus
FN:424,createSession
FN:448,getSessionStorageKey
FN:452,getAiRequestStorageKey
FN:456,getAiResponseStorageKey
FN:460,getSiteLabel
FN:467,isJobBoardSite
FN:479,getResumeKindLabel
FN:483,parseSearchKeywords
FN:489,(anonymous_20)
FN:495,hasConfiguredSearchKeywords
FN:499,buildSearchTargets
FN:505,(anonymous_23)
FN:513,buildStartupSearchTargets
FN:523,(anonymous_25)
FN:524,(anonymous_26)
FN:528,(anonymous_27)
FN:535,buildOtherJobSiteTargets
FN:548,(anonymous_29)
FN:568,dedupeSearchTargets
FN:589,interleaveTargetsByResumeKind
FN:634,resolveStartupTargetRegions
FN:646,resolveStartupRegion
FN:653,inferStartupRegionFromCountry
FN:688,formatStartupRegionList
FN:692,(anonymous_36)
FN:693,(anonymous_37)
FN:697,getActiveAutomationProfile
FN:707,resolveAutomationSettingsForProfile
FN:730,encodeSearchQueryForPath
FN:755,getJobDedupKey
FN:850,getSpawnDedupKey
FN:865,inferResumeKindFromTitle
FN:880,buildMonsterSearchUrl
FN:888,buildGlassdoorSearchUrl
FN:896,buildSingleSearchUrl
FN:927,sleep
FN:928,(anonymous_48)
FN:935,getDocumentTextSnapshot
FN:947,detectBrokenPageReason
FN:982,isProbablyHumanVerificationPage
FN:1001,(anonymous_52)
FN:1012,(anonymous_53)
FN:1038,isProbablyRateLimitPage
FN:1061,hasLikelyApplicationFormSignals
FN:1066,(anonymous_56)
FN:1085,(anonymous_57)
FN:1092,isLikelyVisibleFormField
FN:1123,normalizeQuestionKey
FN:1127,sanitizeStartupCompaniesPayload
FN:1161,isStartupCompaniesCacheFresh
FN:1172,readStartupCompanyCache
FN:1181,refreshStartupCompanies
FN:1221,readAutomationSettings
FN:1226,writeAutomationSettings
FN:1234,(anonymous_66)
FN:1243,(anonymous_67)
FN:1244,(anonymous_68)
FN:1251,mergeAutomationSettings
FN:1309,writeAiAnswerRequest
FN:1313,readAiAnswerRequest
FN:1319,deleteAiAnswerRequest
FN:1323,writeAiAnswerResponse
FN:1327,readAiAnswerResponse
FN:1333,deleteAiAnswerResponse
FN:1337,sanitizeAutomationSettings
FN:1379,sanitizeLegacyProfile
FN:1393,sanitizeAutomationProfiles
FN:1409,sanitizeAutomationProfile
FN:1430,sanitizeCandidateProfile
FN:1450,sanitizeSavedAnswerRecord
FN:1473,cloneSavedAnswers
FN:1477,(anonymous_83)
FN:1481,cloneAutomationProfiles
FN:1485,(anonymous_85)
FN:1498,pickPrimaryResumeAssetFromLegacyResumes
FN:1502,(anonymous_87)
FN:1503,(anonymous_88)
FN:1504,(anonymous_89)
FN:1513,clampJobPageLimit
FN:1519,readString
FN:1523,isRecord
FN:1527,sanitizeHttpUrl
FN:1545,isStartupCompanyRegion
FN:1551,sanitizeStartupCompanyCache
FN:1568,sanitizeSearchMode
FN:1574,sanitizeStartupRegion
FN:1580,sanitizeDatePostedWindow
FN:1586,sanitizeSearchKeywords
FN:1591,sanitizeAiAnswerRequest
FN:1602,sanitizeAiAnswerResponse
FN:1612,sanitizeJobContextSnapshot
FN:1623,sanitizeResumeAsset
FN:1636,sanitizeResumeKind
FNF:105
FNH:97
FNDA:363,createEmptyCandidateProfile
FNDA:187,createAutomationProfile
FNDA:3,(anonymous_2)
FNDA:3,(anonymous_3)
FNDA:3,(anonymous_4)
FNDA:0,(anonymous_5)
FNDA:0,(anonymous_6)
FNDA:0,(anonymous_7)
FNDA:0,(anonymous_8)
FNDA:0,(anonymous_9)
FNDA:122,detectSiteFromUrl
FNDA:31,createStatus
FNDA:3,createSession
FNDA:24,getSessionStorageKey
FNDA:8,getAiRequestStorageKey
FNDA:8,getAiResponseStorageKey
FNDA:78,getSiteLabel
FNDA:129,isJobBoardSite
FNDA:1,getResumeKindLabel
FNDA:180,parseSearchKeywords
FNDA:201,(anonymous_20)
FNDA:2,hasConfiguredSearchKeywords
FNDA:2,buildSearchTargets
FNDA:3,(anonymous_23)
FNDA:4,buildStartupSearchTargets
FNDA:50,(anonymous_25)
FNDA:53,(anonymous_26)
FNDA:19,(anonymous_27)
FNDA:2,buildOtherJobSiteTargets
FNDA:24,(anonymous_29)
FNDA:8,dedupeSearchTargets
FNDA:0,interleaveTargetsByResumeKind
FNDA:19,resolveStartupTargetRegions
FNDA:4,resolveStartupRegion
FNDA:10,inferStartupRegionFromCountry
FNDA:8,formatStartupRegionList
FNDA:10,(anonymous_36)
FNDA:10,(anonymous_37)
FNDA:98,getActiveAutomationProfile
FNDA:140,resolveAutomationSettingsForProfile
FNDA:0,encodeSearchQueryForPath
FNDA:97,getJobDedupKey
FNDA:5,getSpawnDedupKey
FNDA:4,inferResumeKindFromTitle
FNDA:2,buildMonsterSearchUrl
FNDA:1,buildGlassdoorSearchUrl
FNDA:3,buildSingleSearchUrl
FNDA:51,sleep
FNDA:51,(anonymous_48)
FNDA:11,getDocumentTextSnapshot
FNDA:11,detectBrokenPageReason
FNDA:9,isProbablyHumanVerificationPage
FNDA:74,(anonymous_52)
FNDA:28,(anonymous_53)
FNDA:1,isProbablyRateLimitPage
FNDA:3,hasLikelyApplicationFormSignals
FNDA:3,(anonymous_56)
FNDA:18,(anonymous_57)
FNDA:3,isLikelyVisibleFormField
FNDA:796,normalizeQuestionKey
FNDA:4,sanitizeStartupCompaniesPayload
FNDA:3,isStartupCompaniesCacheFresh
FNDA:4,readStartupCompanyCache
FNDA:3,refreshStartupCompanies
FNDA:41,readAutomationSettings
FNDA:18,writeAutomationSettings
FNDA:18,(anonymous_66)
FNDA:18,(anonymous_67)
FNDA:0,(anonymous_68)
FNDA:18,mergeAutomationSettings
FNDA:1,writeAiAnswerRequest
FNDA:2,readAiAnswerRequest
FNDA:1,deleteAiAnswerRequest
FNDA:1,writeAiAnswerResponse
FNDA:2,readAiAnswerResponse
FNDA:1,deleteAiAnswerResponse
FNDA:134,sanitizeAutomationSettings
FNDA:134,sanitizeLegacyProfile
FNDA:142,sanitizeAutomationProfiles
FNDA:145,sanitizeAutomationProfile
FNDA:283,sanitizeCandidateProfile
FNDA:566,sanitizeSavedAnswerRecord
FNDA:56,cloneSavedAnswers
FNDA:11,(anonymous_83)
FNDA:10,cloneAutomationProfiles
FNDA:14,(anonymous_85)
FNDA:134,pickPrimaryResumeAssetFromLegacyResumes
FNDA:402,(anonymous_87)
FNDA:402,(anonymous_88)
FNDA:1,(anonymous_89)
FNDA:134,clampJobPageLimit
FNDA:4579,readString
FNDA:2215,isRecord
FNDA:39,sanitizeHttpUrl
FNDA:10,isStartupCompanyRegion
FNDA:4,sanitizeStartupCompanyCache
FNDA:134,sanitizeSearchMode
FNDA:134,sanitizeStartupRegion
FNDA:134,sanitizeDatePostedWindow
FNDA:140,sanitizeSearchKeywords
FNDA:2,sanitizeAiAnswerRequest
FNDA:2,sanitizeAiAnswerResponse
FNDA:2,sanitizeJobContextSnapshot
FNDA:550,sanitizeResumeAsset
FNDA:2,sanitizeResumeKind
DA:171,42
DA:182,42
DA:188,42
DA:195,42
DA:202,42
DA:208,42
DA:209,42
DA:212,363
DA:234,187
DA:245,42
DA:272,42
DA:274,42
DA:276,42
DA:281,3
DA:287,3
DA:293,3
DA:299,0
DA:305,0
DA:311,0
DA:317,0
DA:323,0
DA:327,42
DA:328,42
DA:329,42
DA:330,42
DA:332,42
DA:333,42
DA:335,42
DA:336,42
DA:337,42
DA:338,42
DA:339,42
DA:341,42
DA:343,42
DA:361,42
DA:364,122
DA:367,102
DA:368,102
DA:370,0
DA:373,102
DA:375,102
DA:376,76
DA:379,26
DA:380,0
DA:383,26
DA:384,0
DA:387,26
DA:388,26
DA:389,47
DA:390,2
DA:391,2
DA:396,24
DA:397,32
DA:398,11
DA:399,11
DA:404,13
DA:405,0
DA:408,13
DA:416,31
DA:436,3
DA:449,24
DA:453,8
DA:457,8
DA:461,78
DA:462,0
DA:464,78
DA:470,129
DA:480,1
DA:484,180
DA:485,180
DA:489,201
DA:496,2
DA:504,2
DA:505,3
DA:517,4
DA:523,4
DA:524,53
DA:527,4
DA:528,19
DA:538,2
DA:545,2
DA:546,2
DA:547,3
DA:548,24
DA:549,15
DA:552,9
DA:553,9
DA:554,0
DA:557,9
DA:565,2
DA:569,8
DA:571,8
DA:572,31
DA:573,31
DA:574,0
DA:577,31
DA:578,31
DA:579,31
DA:586,8
DA:590,0
DA:592,0
DA:593,0
DA:594,0
DA:595,0
DA:596,0
DA:599,0
DA:605,0
DA:606,0
DA:608,0
DA:609,0
DA:611,0
DA:612,0
DA:613,0
DA:614,0
DA:617,0
DA:618,0
DA:619,0
DA:620,0
DA:625,0
DA:628,42
DA:638,19
DA:639,10
DA:642,9
DA:643,9
DA:650,4
DA:656,10
DA:658,10
DA:659,2
DA:662,8
DA:665,1
DA:668,7
DA:674,3
DA:677,4
DA:685,4
DA:691,8
DA:692,10
DA:693,10
DA:700,98
DA:712,140
DA:716,140
DA:717,140
DA:719,140
DA:731,0
DA:738,42
DA:748,42
DA:756,97
DA:757,97
DA:759,97
DA:760,97
DA:761,97
DA:762,97
DA:764,97
DA:774,97
DA:776,2
DA:777,2
DA:780,0
DA:785,0
DA:790,0
DA:791,0
DA:794,0
DA:800,95
DA:801,0
DA:802,0
DA:804,0
DA:805,0
DA:808,0
DA:809,0
DA:813,95
DA:814,36
DA:815,36
DA:816,36
DA:819,94
DA:821,7
DA:824,7
DA:825,7
DA:828,0
DA:832,0
DA:837,87
DA:838,748
DA:839,748
DA:840,33
DA:844,54
DA:846,0
DA:851,5
DA:852,5
DA:854,5
DA:855,5
DA:856,5
DA:857,5
DA:858,5
DA:859,5
DA:861,0
DA:866,4
DA:867,4
DA:870,2
DA:872,2
DA:875,1
DA:877,1
DA:881,2
DA:882,2
DA:883,2
DA:884,2
DA:885,2
DA:889,1
DA:890,1
DA:891,1
DA:892,1
DA:893,1
DA:897,3
DA:899,3
DA:901,0
DA:902,0
DA:903,0
DA:904,0
DA:907,0
DA:908,0
DA:909,0
DA:910,0
DA:913,0
DA:914,0
DA:915,0
DA:916,0
DA:919,2
DA:922,1
DA:928,51
DA:929,51
DA:936,11
DA:937,11
DA:938,11
DA:940,11
DA:948,11
DA:949,11
DA:950,0
DA:954,11
DA:957,11
DA:962,11
DA:963,2
DA:967,9
DA:972,11
DA:975,11
DA:976,2
DA:979,7
DA:983,9
DA:984,2
DA:987,7
DA:988,7
DA:989,9
DA:991,9
DA:1001,74
DA:1002,3
DA:1005,4
DA:1006,4
DA:1007,4
DA:1012,28
DA:1013,0
DA:1017,4
DA:1031,4
DA:1032,1
DA:1035,3
DA:1042,1
DA:1043,1
DA:1044,1
DA:1046,1
DA:1047,1
DA:1048,1
DA:1050,1
DA:1053,1
DA:1054,1
DA:1058,0
DA:1062,3
DA:1066,3
DA:1068,3
DA:1069,1
DA:1072,2
DA:1073,3
DA:1085,3
DA:1086,18
DA:1089,3
DA:1095,3
DA:1096,0
DA:1099,3
DA:1103,0
DA:1106,3
DA:1107,3
DA:1108,0
DA:1111,3
DA:1116,0
DA:1119,3
DA:1120,3
DA:1124,796
DA:1128,4
DA:1134,4
DA:1136,4
DA:1137,6
DA:1138,0
DA:1141,6
DA:1142,6
DA:1143,6
DA:1147,6
DA:1148,1
DA:1151,5
DA:1158,4
DA:1165,3
DA:1173,4
DA:1174,0
DA:1177,4
DA:1178,4
DA:1182,3
DA:1183,3
DA:1184,1
DA:1187,2
DA:1188,2
DA:1192,1
DA:1193,1
DA:1194,1
DA:1195,1
DA:1201,1
DA:1202,1
DA:1207,1
DA:1214,1
DA:1215,0
DA:1218,1
DA:1222,41
DA:1223,41
DA:1234,18
DA:1235,18
DA:1236,18
DA:1237,18
DA:1238,18
DA:1239,18
DA:1240,18
DA:1243,18
DA:1244,18
DA:1245,0
DA:1248,18
DA:1255,18
DA:1257,18
DA:1261,18
DA:1263,18
DA:1264,0
DA:1268,18
DA:1269,18
DA:1295,18
DA:1297,18
DA:1310,1
DA:1314,2
DA:1315,2
DA:1316,2
DA:1320,1
DA:1324,1
DA:1328,2
DA:1329,2
DA:1330,2
DA:1334,1
DA:1338,134
DA:1339,134
DA:1340,134
DA:1341,134
DA:1342,134
DA:1349,134
DA:1353,134
DA:1354,1
DA:1357,134
DA:1376,134
DA:1380,134
DA:1381,134
DA:1383,134
DA:1394,142
DA:1395,142
DA:1397,142
DA:1398,145
DA:1399,145
DA:1400,0
DA:1403,145
DA:1406,142
DA:1413,145
DA:1431,283
DA:1433,283
DA:1451,566
DA:1452,566
DA:1454,566
DA:1455,82
DA:1456,82
DA:1457,82
DA:1458,82
DA:1459,82
DA:1460,82
DA:1461,82
DA:1470,566
DA:1476,56
DA:1477,11
DA:1484,10
DA:1485,14
DA:1501,134
DA:1502,402
DA:1503,402
DA:1506,1
DA:1510,134
DA:1514,134
DA:1515,134
DA:1516,92
DA:1520,4579
DA:1524,2215
DA:1528,39
DA:1529,39
DA:1530,0
DA:1533,39
DA:1534,39
DA:1535,39
DA:1536,0
DA:1538,38
DA:1539,38
DA:1541,1
DA:1548,10
DA:1552,4
DA:1553,2
DA:1556,2
DA:1557,2
DA:1558,0
DA:1561,2
DA:1569,134
DA:1575,134
DA:1581,134
DA:1587,140
DA:1588,140
DA:1592,2
DA:1603,2
DA:1613,2
DA:1614,2
DA:1624,550
DA:1625,11
DA:1633,550
DA:1637,2
LF:433
LH:357
BRDA:230,0,0,187
BRDA:231,1,0,187
BRDA:232,2,0,187
BRDA:236,3,0,187
BRDA:236,3,1,0
BRDA:364,4,0,20
BRDA:364,4,1,102
BRDA:364,5,0,122
BRDA:364,5,1,102
BRDA:375,6,0,76
BRDA:375,6,1,26
BRDA:375,7,0,102
BRDA:375,7,1,26
BRDA:379,8,0,0
BRDA:379,8,1,26
BRDA:379,9,0,26
BRDA:379,9,1,26
BRDA:383,10,0,0
BRDA:383,10,1,26
BRDA:383,11,0,26
BRDA:383,11,1,26
BRDA:389,12,0,2
BRDA:389,12,1,45
BRDA:390,13,0,2
BRDA:390,13,1,0
BRDA:397,14,0,11
BRDA:397,14,1,21
BRDA:398,15,0,11
BRDA:398,15,1,0
BRDA:404,16,0,0
BRDA:404,16,1,13
BRDA:404,17,0,13
BRDA:404,17,1,13
BRDA:461,18,0,0
BRDA:461,18,1,78
BRDA:461,19,0,78
BRDA:461,19,1,78
BRDA:471,20,0,129
BRDA:471,20,1,16
BRDA:471,20,2,16
BRDA:471,20,3,16
BRDA:471,20,4,16
BRDA:484,21,0,180
BRDA:484,21,1,0
BRDA:515,22,0,4
BRDA:548,23,0,15
BRDA:548,23,1,9
BRDA:553,24,0,0
BRDA:553,24,1,9
BRDA:573,25,0,0
BRDA:573,25,1,31
BRDA:577,26,0,31
BRDA:577,26,1,31
BRDA:578,27,0,31
BRDA:578,27,1,0
BRDA:593,28,0,0
BRDA:593,28,1,0
BRDA:594,29,0,0
BRDA:594,29,1,0
BRDA:613,30,0,0
BRDA:613,30,1,0
BRDA:613,31,0,0
BRDA:613,31,1,0
BRDA:618,32,0,0
BRDA:618,32,1,0
BRDA:638,33,0,10
BRDA:638,33,1,9
BRDA:643,34,0,8
BRDA:643,34,1,1
BRDA:650,35,0,4
BRDA:650,35,1,0
BRDA:658,36,0,2
BRDA:658,36,1,8
BRDA:662,37,0,1
BRDA:662,37,1,7
BRDA:668,38,0,3
BRDA:668,38,1,4
BRDA:685,39,0,4
BRDA:685,39,1,0
BRDA:701,40,0,98
BRDA:701,40,1,0
BRDA:701,40,2,0
BRDA:712,41,0,140
BRDA:712,41,1,0
BRDA:712,42,0,140
BRDA:712,42,1,140
BRDA:716,43,0,140
BRDA:716,43,1,0
BRDA:717,44,0,140
BRDA:717,44,1,134
BRDA:724,45,0,6
BRDA:724,45,1,134
BRDA:757,46,0,0
BRDA:757,46,1,97
BRDA:774,47,0,2
BRDA:774,47,1,95
BRDA:777,48,0,2
BRDA:777,48,1,0
BRDA:780,49,0,0
BRDA:780,49,1,0
BRDA:781,50,0,0
BRDA:781,50,1,0
BRDA:781,50,2,0
BRDA:791,51,0,0
BRDA:791,51,1,0
BRDA:800,52,0,0
BRDA:800,52,1,95
BRDA:802,53,0,0
BRDA:802,53,1,0
BRDA:805,54,0,0
BRDA:805,54,1,0
BRDA:809,55,0,0
BRDA:809,55,1,0
BRDA:813,56,0,36
BRDA:813,56,1,59
BRDA:815,57,0,36
BRDA:815,57,1,35
BRDA:816,58,0,1
BRDA:816,58,1,35
BRDA:819,59,0,7
BRDA:819,59,1,87
BRDA:821,60,0,7
BRDA:821,60,1,0
BRDA:821,60,2,0
BRDA:824,61,0,7
BRDA:824,61,1,0
BRDA:828,62,0,0
BRDA:828,62,1,0
BRDA:829,63,0,0
BRDA:829,63,1,0
BRDA:839,64,0,33
BRDA:839,64,1,715
BRDA:852,65,0,0
BRDA:852,65,1,5
BRDA:867,66,0,2
BRDA:867,66,1,2
BRDA:872,67,0,1
BRDA:872,67,1,1
BRDA:899,68,0,0
BRDA:899,68,1,0
BRDA:899,68,2,0
BRDA:899,68,3,2
BRDA:899,68,4,1
BRDA:936,69,0,11
BRDA:936,69,1,0
BRDA:937,70,0,11
BRDA:937,70,1,0
BRDA:937,70,2,0
BRDA:938,71,0,11
BRDA:938,71,1,0
BRDA:949,72,0,0
BRDA:949,72,1,11
BRDA:954,73,0,11
BRDA:954,73,1,9
BRDA:957,74,0,11
BRDA:957,74,1,9
BRDA:957,74,2,9
BRDA:957,74,3,9
BRDA:962,75,0,2
BRDA:962,75,1,9
BRDA:962,76,0,11
BRDA:962,76,1,2
BRDA:967,77,0,9
BRDA:967,77,1,7
BRDA:967,77,2,7
BRDA:967,77,3,7
BRDA:972,78,0,11
BRDA:972,78,1,7
BRDA:975,79,0,2
BRDA:975,79,1,9
BRDA:975,80,0,11
BRDA:975,80,1,2
BRDA:983,81,0,2
BRDA:983,81,1,7
BRDA:988,82,0,7
BRDA:988,82,1,0
BRDA:989,83,0,9
BRDA:989,83,1,0
BRDA:1001,84,0,3
BRDA:1001,84,1,6
BRDA:1001,85,0,74
BRDA:1001,85,1,73
BRDA:1006,86,0,4
BRDA:1006,86,1,0
BRDA:1012,87,0,0
BRDA:1012,87,1,4
BRDA:1012,88,0,28
BRDA:1012,88,1,28
BRDA:1031,89,0,1
BRDA:1031,89,1,3
BRDA:1040,90,0,1
BRDA:1043,91,0,1
BRDA:1043,91,1,0
BRDA:1046,92,0,1
BRDA:1046,92,1,0
BRDA:1046,93,0,1
BRDA:1046,93,1,0
BRDA:1050,94,0,1
BRDA:1050,94,1,0
BRDA:1053,95,0,1
BRDA:1053,95,1,0
BRDA:1053,96,0,1
BRDA:1053,96,1,0
BRDA:1053,96,2,0
BRDA:1068,97,0,1
BRDA:1068,97,1,2
BRDA:1072,98,0,2
BRDA:1072,98,1,0
BRDA:1089,99,0,3
BRDA:1089,99,1,0
BRDA:1095,100,0,0
BRDA:1095,100,1,3
BRDA:1099,101,0,0
BRDA:1099,101,1,3
BRDA:1100,102,0,3
BRDA:1100,102,1,3
BRDA:1107,103,0,0
BRDA:1107,103,1,3
BRDA:1111,104,0,0
BRDA:1111,104,1,3
BRDA:1112,105,0,3
BRDA:1112,105,1,3
BRDA:1112,105,2,3
BRDA:1114,106,0,3
BRDA:1114,106,1,3
BRDA:1120,107,0,3
BRDA:1120,107,1,3
BRDA:1128,108,0,2
BRDA:1128,108,1,2
BRDA:1130,109,0,2
BRDA:1130,109,1,0
BRDA:1130,110,0,2
BRDA:1130,110,1,2
BRDA:1137,111,0,0
BRDA:1137,111,1,6
BRDA:1143,112,0,6
BRDA:1143,112,1,0
BRDA:1147,113,0,1
BRDA:1147,113,1,5
BRDA:1147,114,0,6
BRDA:1147,114,1,5
BRDA:1147,114,2,5
BRDA:1163,115,0,3
BRDA:1166,116,0,3
BRDA:1166,116,1,3
BRDA:1166,116,2,3
BRDA:1173,117,0,0
BRDA:1173,117,1,4
BRDA:1173,118,0,4
BRDA:1173,118,1,4
BRDA:1181,119,0,3
BRDA:1183,120,0,1
BRDA:1183,120,1,2
BRDA:1183,121,0,3
BRDA:1183,121,1,1
BRDA:1192,122,0,1
BRDA:1192,122,1,0
BRDA:1194,123,0,1
BRDA:1194,123,1,0
BRDA:1201,124,0,1
BRDA:1201,124,1,0
BRDA:1201,125,0,1
BRDA:1201,125,1,1
BRDA:1214,126,0,0
BRDA:1214,126,1,1
BRDA:1236,127,0,14
BRDA:1236,127,1,4
BRDA:1255,128,0,18
BRDA:1255,128,1,0
BRDA:1257,129,0,8
BRDA:1257,129,1,10
BRDA:1261,130,0,18
BRDA:1261,130,1,1
BRDA:1263,131,0,0
BRDA:1263,131,1,18
BRDA:1264,132,0,0
BRDA:1264,132,1,0
BRDA:1268,133,0,18
BRDA:1268,133,1,0
BRDA:1272,134,0,2
BRDA:1272,134,1,16
BRDA:1272,135,0,18
BRDA:1272,135,1,2
BRDA:1279,136,0,1
BRDA:1279,136,1,17
BRDA:1280,137,0,1
BRDA:1280,137,1,0
BRDA:1281,138,0,0
BRDA:1281,138,1,17
BRDA:1281,139,0,17
BRDA:1281,139,1,0
BRDA:1285,140,0,4
BRDA:1285,140,1,14
BRDA:1289,141,0,4
BRDA:1289,141,1,14
BRDA:1301,142,0,6
BRDA:1301,142,1,12
BRDA:1316,143,0,2
BRDA:1316,143,1,0
BRDA:1330,144,0,2
BRDA:1330,144,1,0
BRDA:1338,145,0,134
BRDA:1338,145,1,0
BRDA:1342,146,0,95
BRDA:1342,146,1,39
BRDA:1349,147,0,134
BRDA:1349,147,1,39
BRDA:1349,147,2,0
BRDA:1353,148,0,1
BRDA:1353,148,1,133
BRDA:1354,149,0,1
BRDA:1354,149,1,0
BRDA:1360,150,0,91
BRDA:1360,150,1,43
BRDA:1381,151,0,92
BRDA:1381,151,1,42
BRDA:1394,152,0,103
BRDA:1394,152,1,39
BRDA:1399,153,0,0
BRDA:1399,153,1,145
BRDA:1399,154,0,145
BRDA:1399,154,1,145
BRDA:1415,155,0,145
BRDA:1415,155,1,0
BRDA:1418,156,0,145
BRDA:1418,156,1,141
BRDA:1419,157,0,0
BRDA:1419,157,1,141
BRDA:1424,158,0,145
BRDA:1424,158,1,0
BRDA:1431,159,0,243
BRDA:1431,159,1,40
BRDA:1451,160,0,484
BRDA:1451,160,1,82
BRDA:1455,161,0,0
BRDA:1455,161,1,82
BRDA:1458,162,0,0
BRDA:1458,162,1,82
BRDA:1458,163,0,82
BRDA:1458,163,1,82
BRDA:1459,164,0,82
BRDA:1459,164,1,0
BRDA:1460,165,0,0
BRDA:1460,165,1,82
BRDA:1464,166,0,82
BRDA:1464,166,1,0
BRDA:1490,167,0,0
BRDA:1490,167,1,14
BRDA:1506,168,0,1
BRDA:1506,168,1,0
BRDA:1510,169,0,134
BRDA:1510,169,1,130
BRDA:1515,170,0,42
BRDA:1515,170,1,92
BRDA:1520,171,0,3957
BRDA:1520,171,1,622
BRDA:1524,172,0,2215
BRDA:1524,172,1,1471
BRDA:1524,172,2,1330
BRDA:1529,173,0,0
BRDA:1529,173,1,39
BRDA:1535,174,0,0
BRDA:1535,174,1,39
BRDA:1535,175,0,39
BRDA:1535,175,1,38
BRDA:1548,176,0,10
BRDA:1548,176,1,6
BRDA:1548,176,2,5
BRDA:1552,177,0,2
BRDA:1552,177,1,2
BRDA:1557,178,0,0
BRDA:1557,178,1,2
BRDA:1563,179,0,2
BRDA:1563,179,1,0
BRDA:1564,180,0,4
BRDA:1564,180,1,0
BRDA:1569,181,0,10
BRDA:1569,181,1,124
BRDA:1569,182,0,134
BRDA:1569,182,1,131
BRDA:1575,183,0,92
BRDA:1575,183,1,42
BRDA:1575,184,0,134
BRDA:1575,184,1,133
BRDA:1575,184,2,132
BRDA:1575,184,3,127
BRDA:1581,185,0,91
BRDA:1581,185,1,43
BRDA:1581,186,0,134
BRDA:1581,186,1,133
BRDA:1581,186,2,133
BRDA:1581,186,3,133
BRDA:1587,187,0,119
BRDA:1587,187,1,21
BRDA:1594,188,0,1
BRDA:1594,188,1,1
BRDA:1606,189,0,2
BRDA:1606,189,1,2
BRDA:1608,190,0,1
BRDA:1608,190,1,1
BRDA:1613,191,0,2
BRDA:1613,191,1,0
BRDA:1624,192,0,539
BRDA:1624,192,1,11
BRDA:1630,193,0,11
BRDA:1630,193,1,0
BRDA:1631,194,0,11
BRDA:1631,194,1,0
BRDA:1633,195,0,11
BRDA:1633,195,1,0
BRDA:1633,196,0,550
BRDA:1633,196,1,11
BRDA:1637,197,0,1
BRDA:1637,197,1,1
BRDA:1637,198,0,2
BRDA:1637,198,1,1
BRDA:1637,198,2,1
BRF:417
BRH:300
end_of_record
TN:
SF:src\content\answerMemory.ts
FN:124,createRememberedAnswer
FN:147,findBestSavedAnswerMatch
FN:220,getRelevantSavedAnswers
FN:232,(anonymous_3)
FN:278,(anonymous_4)
FN:279,(anonymous_5)
FN:284,(anonymous_6)
FN:288,buildAnswerLookupKeys
FN:302,addLookupKey
FN:309,buildLookupTokenSet
FN:325,detectQuestionIntents
FN:327,(anonymous_11)
FN:333,(anonymous_12)
FN:341,hasCompatibleQuestionIntents
FN:358,calculateTokenOverlap
FN:376,buildQuestionSignature
FN:384,(anonymous_16)
FNF:17
FNH:16
FNDA:1,createRememberedAnswer
FNDA:4,findBestSavedAnswerMatch
FNDA:2,getRelevantSavedAnswers
FNDA:4,(anonymous_3)
FNDA:4,(anonymous_4)
FNDA:0,(anonymous_5)
FNDA:2,(anonymous_6)
FNDA:18,buildAnswerLookupKeys
FNDA:72,addLookupKey
FNDA:18,buildLookupTokenSet
FNDA:18,detectQuestionIntents
FNDA:30,(anonymous_11)
FNDA:597,(anonymous_12)
FNDA:17,hasCompatibleQuestionIntents
FNDA:9,calculateTokenOverlap
FNDA:36,buildQuestionSignature
FNDA:216,(anonymous_16)
DA:4,2
DA:62,2
DA:129,1
DA:130,1
DA:131,1
DA:133,1
DA:134,0
DA:137,1
DA:152,4
DA:153,4
DA:154,4
DA:155,4
DA:156,0
DA:159,4
DA:161,4
DA:162,8
DA:163,8
DA:164,8
DA:165,8
DA:166,0
DA:168,8
DA:169,3
DA:172,5
DA:176,8
DA:178,8
DA:179,15
DA:180,30
DA:181,0
DA:182,0
DA:185,30
DA:189,4
DA:192,30
DA:196,5
DA:197,5
DA:198,1
DA:201,4
DA:202,4
DA:203,3
DA:205,4
DA:206,4
DA:208,4
DA:209,3
DA:212,4
DA:213,4
DA:217,4
DA:224,2
DA:225,2
DA:226,2
DA:227,2
DA:228,0
DA:231,2
DA:233,4
DA:234,4
DA:235,4
DA:236,4
DA:237,0
DA:240,4
DA:243,4
DA:245,4
DA:246,8
DA:247,16
DA:248,2
DA:249,2
DA:252,14
DA:256,0
DA:259,14
DA:263,4
DA:264,4
DA:265,2
DA:268,2
DA:269,2
DA:270,2
DA:272,2
DA:273,2
DA:276,2
DA:278,4
DA:281,0
DA:284,2
DA:292,18
DA:294,18
DA:295,18
DA:296,18
DA:297,18
DA:299,18
DA:303,72
DA:304,72
DA:305,60
DA:310,18
DA:312,18
DA:313,30
DA:314,216
DA:315,216
DA:316,125
DA:318,91
DA:322,18
DA:326,18
DA:327,30
DA:330,18
DA:332,18
DA:333,597
DA:334,18
DA:338,18
DA:345,17
DA:346,4
DA:349,13
DA:350,14
DA:351,10
DA:355,3
DA:362,9
DA:363,0
DA:366,9
DA:367,9
DA:368,29
DA:369,12
DA:373,9
DA:377,36
DA:378,36
DA:379,6
DA:382,30
DA:386,216
DA:391,30
LF:121
LH:111
BRDA:127,0,0,1
BRDA:133,1,0,0
BRDA:133,1,1,1
BRDA:133,2,0,1
BRDA:133,2,1,1
BRDA:133,2,2,1
BRDA:155,3,0,0
BRDA:155,3,1,4
BRDA:162,4,0,8
BRDA:162,4,1,0
BRDA:163,5,0,8
BRDA:163,5,1,0
BRDA:164,6,0,8
BRDA:164,6,1,0
BRDA:165,7,0,0
BRDA:165,7,1,8
BRDA:168,8,0,3
BRDA:168,8,1,5
BRDA:172,9,0,5
BRDA:172,9,1,3
BRDA:172,9,2,3
BRDA:180,10,0,0
BRDA:180,10,1,30
BRDA:185,11,0,4
BRDA:185,11,1,26
BRDA:186,12,0,30
BRDA:186,12,1,29
BRDA:197,13,0,1
BRDA:197,13,1,4
BRDA:197,14,0,5
BRDA:197,14,1,1
BRDA:197,14,2,1
BRDA:202,15,0,3
BRDA:202,15,1,1
BRDA:205,16,0,4
BRDA:205,16,1,0
BRDA:208,17,0,3
BRDA:208,17,1,1
BRDA:208,18,0,4
BRDA:208,18,1,3
BRDA:212,19,0,4
BRDA:212,19,1,0
BRDA:212,20,0,4
BRDA:212,20,1,0
BRDA:217,21,0,4
BRDA:217,21,1,0
BRDA:217,22,0,4
BRDA:217,22,1,4
BRDA:227,23,0,0
BRDA:227,23,1,2
BRDA:236,24,0,0
BRDA:236,24,1,4
BRDA:240,25,0,4
BRDA:240,25,1,4
BRDA:240,25,2,2
BRDA:247,26,0,2
BRDA:247,26,1,14
BRDA:252,27,0,0
BRDA:252,27,1,14
BRDA:253,28,0,14
BRDA:253,28,1,14
BRDA:264,29,0,2
BRDA:264,29,1,2
BRDA:264,30,0,4
BRDA:264,30,1,2
BRDA:264,30,2,2
BRDA:269,31,0,2
BRDA:269,31,1,0
BRDA:272,32,0,2
BRDA:272,32,1,0
BRDA:272,33,0,2
BRDA:272,33,1,2
BRDA:272,33,2,2
BRDA:281,34,0,0
BRDA:281,34,1,0
BRDA:290,35,0,18
BRDA:304,36,0,60
BRDA:304,36,1,12
BRDA:315,37,0,125
BRDA:315,37,1,91
BRDA:315,38,0,216
BRDA:315,38,1,216
BRDA:315,38,2,101
BRDA:333,39,0,18
BRDA:333,39,1,144
BRDA:345,40,0,4
BRDA:345,40,1,13
BRDA:345,41,0,17
BRDA:345,41,1,15
BRDA:350,42,0,10
BRDA:350,42,1,4
BRDA:362,43,0,0
BRDA:362,43,1,9
BRDA:362,44,0,9
BRDA:362,44,1,9
BRDA:368,45,0,12
BRDA:368,45,1,17
BRDA:378,46,0,6
BRDA:378,46,1,30
BRDA:386,47,0,216
BRDA:386,47,1,206
BRDA:386,47,2,91
BRF:102
BRH:83
end_of_record
TN:
SF:src\content\applicationSurface.ts
FN:28,waitForLikelyApplicationSurface
FN:50,hasLikelyApplicationForm
FN:53,(anonymous_2)
FN:61,(anonymous_3)
FN:66,hasLikelyApplicationFrame
FN:70,findStandaloneApplicationFrameUrl
FN:73,(anonymous_6)
FN:81,(anonymous_7)
FN:108,collectLikelyApplicationFrames
FN:171,hasLikelyApplicationSurface
FN:200,isLikelyApplicationField
FN:357,(anonymous_11)
FN:375,(anonymous_12)
FN:378,hasLikelyApplicationPageContent
FN:400,(anonymous_14)
FN:419,(anonymous_15)
FNF:16
FNH:13
FNDA:1,waitForLikelyApplicationSurface
FNDA:5,hasLikelyApplicationForm
FNDA:5,(anonymous_2)
FNDA:1,(anonymous_3)
FNDA:4,hasLikelyApplicationFrame
FNDA:4,findStandaloneApplicationFrameUrl
FNDA:2,(anonymous_6)
FNDA:0,(anonymous_7)
FNDA:7,collectLikelyApplicationFrames
FNDA:3,hasLikelyApplicationSurface
FNDA:16,isLikelyApplicationField
FNDA:0,(anonymous_11)
FNDA:0,(anonymous_12)
FNDA:4,hasLikelyApplicationPageContent
FNDA:43,(anonymous_14)
FNDA:36,(anonymous_15)
DA:26,2
DA:32,1
DA:33,3
DA:34,1
DA:37,2
DA:38,0
DA:44,2
DA:47,0
DA:53,5
DA:54,5
DA:57,5
DA:58,1
DA:61,4
DA:62,1
DA:67,4
DA:73,4
DA:74,2
DA:77,4
DA:78,1
DA:81,3
DA:82,0
DA:85,3
DA:86,0
DA:96,3
DA:97,2
DA:98,2
DA:105,3
DA:117,7
DA:119,7
DA:122,7
DA:123,4
DA:126,3
DA:127,7
DA:129,7
DA:130,0
DA:133,3
DA:134,3
DA:143,3
DA:145,3
DA:146,3
DA:147,3
DA:148,0
DA:150,3
DA:151,3
DA:152,3
DA:153,3
DA:154,3
DA:155,3
DA:157,3
DA:158,0
DA:161,3
DA:168,7
DA:175,3
DA:176,0
DA:179,3
DA:180,0
DA:183,3
DA:184,3
DA:185,3
DA:186,3
DA:187,3
DA:189,3
DA:201,16
DA:202,16
DA:203,16
DA:204,0
DA:207,16
DA:222,1
DA:225,15
DA:231,0
DA:234,15
DA:235,15
DA:236,15
DA:237,0
DA:240,15
DA:241,8
DA:252,7
DA:255,16
DA:275,4
DA:278,3
DA:335,3
DA:338,0
DA:341,0
DA:344,16
DA:345,0
DA:348,0
DA:357,0
DA:359,0
DA:362,0
DA:375,0
DA:379,4
DA:382,4
DA:383,0
DA:386,4
DA:400,43
DA:401,1
DA:404,3
DA:419,36
DA:420,3
LF:99
LH:78
BRDA:33,0,0,1
BRDA:33,0,1,2
BRDA:37,1,0,0
BRDA:37,1,1,2
BRDA:37,2,0,2
BRDA:37,2,1,2
BRDA:37,2,2,2
BRDA:37,2,3,2
BRDA:54,3,0,5
BRDA:54,3,1,4
BRDA:57,4,0,1
BRDA:57,4,1,4
BRDA:62,5,0,1
BRDA:62,5,1,1
BRDA:74,6,0,2
BRDA:74,6,1,2
BRDA:77,7,0,1
BRDA:77,7,1,3
BRDA:82,8,0,0
BRDA:82,8,1,0
BRDA:85,9,0,0
BRDA:85,9,1,3
BRDA:97,10,0,2
BRDA:97,10,1,0
BRDA:97,11,0,2
BRDA:97,11,1,0
BRDA:105,12,0,3
BRDA:105,12,1,1
BRDA:122,13,0,4
BRDA:122,13,1,3
BRDA:126,14,0,3
BRDA:126,14,1,0
BRDA:126,14,2,0
BRDA:129,15,0,0
BRDA:129,15,1,7
BRDA:145,16,0,1
BRDA:145,16,1,2
BRDA:146,17,0,2
BRDA:146,17,1,1
BRDA:147,18,0,0
BRDA:147,18,1,3
BRDA:147,19,0,3
BRDA:147,19,1,3
BRDA:150,20,0,2
BRDA:150,20,1,1
BRDA:151,21,0,0
BRDA:151,21,1,3
BRDA:152,22,0,0
BRDA:152,22,1,3
BRDA:153,23,0,0
BRDA:153,23,1,3
BRDA:154,24,0,2
BRDA:154,24,1,1
BRDA:155,25,0,0
BRDA:155,25,1,3
BRDA:157,26,0,0
BRDA:157,26,1,3
BRDA:175,27,0,0
BRDA:175,27,1,3
BRDA:175,28,0,3
BRDA:175,28,1,0
BRDA:179,29,0,0
BRDA:179,29,1,3
BRDA:179,30,0,3
BRDA:179,30,1,0
BRDA:190,31,0,3
BRDA:190,31,1,2
BRDA:190,31,2,2
BRDA:190,31,3,2
BRDA:190,31,4,2
BRDA:190,31,5,2
BRDA:190,31,6,2
BRDA:190,31,7,0
BRDA:190,31,8,0
BRDA:190,31,9,0
BRDA:190,31,10,2
BRDA:190,31,11,2
BRDA:203,32,0,0
BRDA:203,32,1,16
BRDA:207,33,0,1
BRDA:207,33,1,15
BRDA:225,34,0,0
BRDA:225,34,1,15
BRDA:226,35,0,15
BRDA:226,35,1,15
BRDA:226,35,2,15
BRDA:226,35,3,15
BRDA:234,36,0,15
BRDA:234,36,1,0
BRDA:236,37,0,0
BRDA:236,37,1,15
BRDA:240,38,0,8
BRDA:240,38,1,7
BRDA:252,39,0,7
BRDA:252,39,1,3
BRDA:255,40,0,4
BRDA:255,40,1,12
BRDA:278,41,0,3
BRDA:278,41,1,0
BRDA:344,42,0,0
BRDA:344,42,1,16
BRDA:348,43,0,0
BRDA:348,43,1,0
BRDA:379,44,0,4
BRDA:379,44,1,0
BRDA:382,45,0,0
BRDA:382,45,1,4
BRDA:400,46,0,1
BRDA:400,46,1,3
BRF:109
BRH:77
end_of_record
TN:
SF:src\content\apply.ts
FN:73,collectDeepMatches
FN:106,collectDeepMatchesFromSelectors
FN:126,isKnownBrokenApplyUrl
FN:139,findCompanySiteAction
FN:143,(anonymous_4)
FN:217,(anonymous_5)
FN:336,findMonsterApplyAction
FN:409,scoreMonsterApplyCandidate
FN:494,findZipRecruiterApplyAction
FN:604,(anonymous_9)
FN:647,findGlassdoorApplyAction
FN:756,findDiceApplyAction
FN:805,(anonymous_12)
FN:848,hasIndeedApplyIframe
FN:861,hasZipRecruiterApplyModal
FN:889,findProgressionAction
FN:949,(anonymous_16)
FN:1128,collectProgressionCandidates
FN:1135,getProgressionCandidateSelectors
FN:1209,getMeaningfulProgressionUrl
FN:1233,shouldTreatInternalApplyNavigationAsClick
FN:1247,getElementActionMetadata
FN:1264,isLikelyApplicationContext
FN:1281,isLikelyNavigationChrome
FN:1285,findApplyAction
FN:1346,isLikelyApplyUrl
FN:1402,isAlreadyOnApplyPage
FN:1406,extractLikelyApplyUrl
FN:1428,findExternalApplyUrlInDocument
FN:1430,(anonymous_29)
FN:1465,scoreExternalApplyUrl
FN:1490,(anonymous_31)
FN:1512,scoreApplyElement
FN:1567,(anonymous_33)
FN:1632,getApplyCandidateSelectors
FN:1761,describeApplyTarget
FN:1773,shouldPreferApplyNavigation
FN:1805,getSiteRoot
FNF:38
FNH:32
FNDA:855,collectDeepMatches
FNDA:37,collectDeepMatchesFromSelectors
FNDA:56,isKnownBrokenApplyUrl
FNDA:4,findCompanySiteAction
FNDA:130,(anonymous_4)
FNDA:14,(anonymous_5)
FNDA:5,findMonsterApplyAction
FNDA:8,scoreMonsterApplyCandidate
FNDA:3,findZipRecruiterApplyAction
FNDA:0,(anonymous_9)
FNDA:2,findGlassdoorApplyAction
FNDA:0,findDiceApplyAction
FNDA:0,(anonymous_12)
FNDA:1,hasIndeedApplyIframe
FNDA:2,hasZipRecruiterApplyModal
FNDA:16,findProgressionAction
FNDA:117,(anonymous_16)
FNDA:16,collectProgressionCandidates
FNDA:16,getProgressionCandidateSelectors
FNDA:8,getMeaningfulProgressionUrl
FNDA:2,shouldTreatInternalApplyNavigationAsClick
FNDA:10,getElementActionMetadata
FNDA:27,isLikelyApplicationContext
FNDA:32,isLikelyNavigationChrome
FNDA:7,findApplyAction
FNDA:13,isLikelyApplyUrl
FNDA:4,isAlreadyOnApplyPage
FNDA:8,extractLikelyApplyUrl
FNDA:2,findExternalApplyUrlInDocument
FNDA:0,(anonymous_29)
FNDA:0,scoreExternalApplyUrl
FNDA:0,(anonymous_31)
FNDA:15,scoreApplyElement
FNDA:210,(anonymous_33)
FNDA:12,getApplyCandidateSelectors
FNDA:8,describeApplyTarget
FNDA:18,shouldPreferApplyNavigation
FNDA:3,getSiteRoot
DA:24,4
DA:71,4
DA:76,855
DA:77,855
DA:78,855
DA:80,855
DA:81,960
DA:83,960
DA:84,960
DA:85,69
DA:86,0
DA:89,69
DA:90,69
DA:93,0
DA:96,960
DA:97,4440
DA:98,105
DA:103,855
DA:109,37
DA:110,37
DA:112,37
DA:113,853
DA:114,66
DA:115,36
DA:118,30
DA:119,30
DA:123,37
DA:127,56
DA:128,7
DA:131,49
DA:132,49
DA:133,49
DA:135,0
DA:140,4
DA:143,130
DA:144,4
DA:161,4
DA:162,1
DA:163,1
DA:168,0
DA:171,1
DA:180,1
DA:181,1
DA:182,1
DA:201,1
DA:217,14
DA:219,0
DA:222,1
DA:223,0
DA:226,1
DA:228,1
DA:232,0
DA:234,1
DA:237,1
DA:238,0
DA:239,0
DA:240,0
DA:241,0
DA:243,0
DA:246,0
DA:248,0
DA:253,0
DA:254,0
DA:255,0
DA:256,0
DA:257,0
DA:259,0
DA:263,0
DA:264,0
DA:265,0
DA:266,0
DA:267,0
DA:270,1
DA:271,0
DA:273,1
DA:274,0
DA:276,1
DA:277,0
DA:279,1
DA:280,1
DA:282,1
DA:283,1
DA:285,1
DA:286,1
DA:287,0
DA:288,0
DA:292,1
DA:293,1
DA:294,0
DA:297,1
DA:298,1
DA:302,4
DA:303,3
DA:306,1
DA:311,1
DA:319,0
DA:321,4
DA:322,0
DA:329,0
DA:337,5
DA:347,5
DA:348,8
DA:349,8
DA:350,8
DA:355,8
DA:357,8
DA:358,1
DA:361,7
DA:362,5
DA:371,5
DA:372,0
DA:373,0
DA:374,0
DA:380,0
DA:383,5
DA:384,3
DA:392,2
DA:394,5
DA:395,0
DA:402,2
DA:415,8
DA:436,8
DA:440,8
DA:442,8
DA:455,1
DA:458,7
DA:459,7
DA:461,8
DA:465,0
DA:468,7
DA:470,7
DA:471,7
DA:472,7
DA:474,7
DA:475,7
DA:477,7
DA:478,8
DA:479,7
DA:480,7
DA:482,7
DA:483,7
DA:484,7
DA:485,7
DA:487,7
DA:488,1
DA:491,7
DA:495,3
DA:529,3
DA:530,3
DA:531,3
DA:532,0
DA:535,3
DA:536,3
DA:537,3
DA:545,0
DA:548,3
DA:549,3
DA:566,3
DA:567,3
DA:568,3
DA:569,3
DA:570,3
DA:571,3
DA:572,3
DA:573,3
DA:574,3
DA:575,3
DA:576,3
DA:577,3
DA:578,3
DA:580,3
DA:581,0
DA:584,3
DA:585,3
DA:589,3
DA:590,0
DA:595,0
DA:596,0
DA:597,0
DA:600,0
DA:601,0
DA:602,0
DA:605,0
DA:608,0
DA:611,0
DA:612,0
DA:613,0
DA:614,0
DA:615,0
DA:616,0
DA:618,0
DA:619,0
DA:622,0
DA:623,0
DA:628,3
DA:629,0
DA:632,3
DA:633,2
DA:640,1
DA:648,2
DA:675,2
DA:676,2
DA:677,2
DA:678,0
DA:681,2
DA:682,2
DA:683,2
DA:691,0
DA:694,2
DA:699,2
DA:716,2
DA:718,2
DA:719,2
DA:720,2
DA:721,2
DA:722,2
DA:723,2
DA:724,2
DA:725,2
DA:726,2
DA:728,2
DA:729,0
DA:732,2
DA:733,2
DA:737,2
DA:738,0
DA:741,2
DA:742,1
DA:749,1
DA:757,0
DA:763,0
DA:764,0
DA:766,0
DA:770,0
DA:771,0
DA:772,0
DA:773,0
DA:780,0
DA:787,0
DA:788,0
DA:789,0
DA:790,0
DA:797,0
DA:805,0
DA:806,0
DA:809,0
DA:810,0
DA:811,0
DA:814,0
DA:818,0
DA:819,0
DA:820,0
DA:825,0
DA:828,0
DA:829,0
DA:830,0
DA:837,0
DA:845,0
DA:849,1
DA:862,2
DA:866,2
DA:867,2
DA:868,0
DA:871,2
DA:872,2
DA:882,2
DA:886,0
DA:892,16
DA:903,16
DA:904,10
DA:909,0
DA:912,10
DA:918,10
DA:919,10
DA:920,10
DA:921,10
DA:922,0
DA:925,10
DA:931,1
DA:934,9
DA:949,117
DA:951,0
DA:954,9
DA:956,9
DA:957,2
DA:958,7
DA:959,2
DA:961,5
DA:964,2
DA:966,3
DA:969,0
DA:970,3
DA:971,0
DA:972,3
DA:973,0
DA:974,3
DA:975,0
DA:977,3
DA:981,0
DA:982,3
DA:983,0
DA:985,3
DA:988,0
DA:989,3
DA:990,0
DA:992,3
DA:995,1
DA:997,2
DA:1000,0
DA:1002,2
DA:1005,1
DA:1006,1
DA:1007,0
DA:1008,1
DA:1009,0
DA:1012,9
DA:1013,1
DA:1014,0
DA:1015,1
DA:1016,1
DA:1018,0
DA:1021,0
DA:1022,0
DA:1023,0
DA:1024,0
DA:1025,0
DA:1029,9
DA:1039,9
DA:1046,5
DA:1049,9
DA:1050,4
DA:1052,9
DA:1053,8
DA:1054,1
DA:1055,1
DA:1058,9
DA:1062,6
DA:1065,9
DA:1066,2
DA:1071,0
DA:1075,9
DA:1076,3
DA:1081,0
DA:1085,9
DA:1086,4
DA:1091,2
DA:1095,9
DA:1096,0
DA:1099,9
DA:1100,8
DA:1109,16
DA:1110,8
DA:1113,8
DA:1131,16
DA:1132,16
DA:1138,16
DA:1147,16
DA:1149,3
DA:1165,2
DA:1183,9
DA:1205,2
DA:1212,8
DA:1213,8
DA:1214,6
DA:1217,2
DA:1218,2
DA:1219,1
DA:1226,1
DA:1227,1
DA:1230,0
DA:1237,2
DA:1238,0
DA:1241,2
DA:1248,10
DA:1265,27
DA:1270,15
DA:1273,12
DA:1278,27
DA:1282,32
DA:1289,7
DA:1290,7
DA:1301,7
DA:1302,6
DA:1303,6
DA:1304,6
DA:1305,6
DA:1307,6
DA:1308,2
DA:1311,4
DA:1312,4
DA:1316,7
DA:1317,3
DA:1320,4
DA:1321,2
DA:1325,1
DA:1332,1
DA:1339,2
DA:1347,13
DA:1348,0
DA:1351,13
DA:1352,13
DA:1354,13
DA:1355,13
DA:1357,0
DA:1360,13
DA:1361,13
DA:1363,13
DA:1371,2
DA:1374,11
DA:1388,5
DA:1391,6
DA:1392,3
DA:1395,3
DA:1396,3
DA:1398,0
DA:1403,4
DA:1407,8
DA:1408,9
DA:1409,9
DA:1410,0
DA:1413,9
DA:1414,1
DA:1415,1
DA:1420,0
DA:1425,8
DA:1429,2
DA:1431,0
DA:1443,2
DA:1444,2
DA:1445,2
DA:1446,1
DA:1447,1
DA:1448,1
DA:1451,0
DA:1452,0
DA:1453,0
DA:1456,0
DA:1457,0
DA:1462,2
DA:1466,0
DA:1468,0
DA:1471,0
DA:1474,0
DA:1490,0
DA:1492,0
DA:1495,0
DA:1497,0
DA:1498,0
DA:1501,0
DA:1502,0
DA:1505,0
DA:1506,0
DA:1509,0
DA:1518,15
DA:1519,0
DA:1522,15
DA:1523,0
DA:1526,15
DA:1527,15
DA:1528,15
DA:1543,15
DA:1548,0
DA:1551,15
DA:1567,210
DA:1568,0
DA:1570,15
DA:1571,0
DA:1574,15
DA:1576,15
DA:1577,15
DA:1578,15
DA:1580,15
DA:1581,15
DA:1582,15
DA:1583,15
DA:1584,15
DA:1585,15
DA:1587,15
DA:1588,15
DA:1589,15
DA:1590,15
DA:1591,15
DA:1592,15
DA:1593,15
DA:1594,15
DA:1595,15
DA:1597,15
DA:1598,15
DA:1599,15
DA:1600,15
DA:1601,15
DA:1602,15
DA:1603,15
DA:1605,15
DA:1607,15
DA:1608,1
DA:1609,1
DA:1610,1
DA:1613,15
DA:1614,15
DA:1615,15
DA:1616,0
DA:1619,15
DA:1620,15
DA:1621,15
DA:1622,15
DA:1623,15
DA:1624,15
DA:1625,15
DA:1626,15
DA:1627,15
DA:1629,15
DA:1633,12
DA:1653,12
DA:1655,1
DA:1671,0
DA:1690,1
DA:1693,5
DA:1722,3
DA:1739,2
DA:1757,0
DA:1762,8
DA:1763,0
DA:1766,8
DA:1767,4
DA:1770,4
DA:1778,18
DA:1779,2
DA:1782,16
DA:1783,16
DA:1791,7
DA:1794,9
DA:1795,3
DA:1798,6
DA:1799,0
DA:1802,6
DA:1806,3
DA:1808,0
DA:1810,0
DA:1812,0
DA:1814,0
DA:1816,3
DA:1819,0
DA:1821,0
LF:544
LH:379
BRDA:85,0,0,0
BRDA:85,0,1,69
BRDA:97,1,0,105
BRDA:97,1,1,4335
BRDA:114,2,0,36
BRDA:114,2,1,30
BRDA:127,3,0,7
BRDA:127,3,1,49
BRDA:140,4,0,4
BRDA:140,4,1,0
BRDA:163,5,0,0
BRDA:163,5,1,1
BRDA:164,6,0,1
BRDA:164,6,1,1
BRDA:164,6,2,1
BRDA:171,7,0,1
BRDA:171,7,1,0
BRDA:171,7,2,0
BRDA:171,7,3,0
BRDA:171,7,4,0
BRDA:171,7,5,0
BRDA:171,7,6,0
BRDA:181,8,0,1
BRDA:181,8,1,0
BRDA:201,9,0,0
BRDA:201,9,1,1
BRDA:222,10,0,0
BRDA:222,10,1,1
BRDA:222,11,0,1
BRDA:222,11,1,0
BRDA:222,11,2,0
BRDA:228,12,0,0
BRDA:228,12,1,1
BRDA:229,13,0,1
BRDA:229,13,1,1
BRDA:234,14,0,1
BRDA:234,14,1,0
BRDA:234,15,0,1
BRDA:234,15,1,0
BRDA:238,16,0,0
BRDA:238,16,1,0
BRDA:238,17,0,0
BRDA:238,17,1,0
BRDA:240,18,0,0
BRDA:240,18,1,0
BRDA:240,19,0,0
BRDA:240,19,1,0
BRDA:243,20,0,0
BRDA:243,20,1,0
BRDA:243,21,0,0
BRDA:243,21,1,0
BRDA:248,22,0,0
BRDA:248,22,1,0
BRDA:248,23,0,0
BRDA:248,23,1,0
BRDA:248,23,2,0
BRDA:248,23,3,0
BRDA:254,24,0,0
BRDA:254,24,1,0
BRDA:254,25,0,0
BRDA:254,25,1,0
BRDA:256,26,0,0
BRDA:256,26,1,0
BRDA:256,27,0,0
BRDA:256,27,1,0
BRDA:259,28,0,0
BRDA:259,28,1,0
BRDA:259,29,0,0
BRDA:259,29,1,0
BRDA:259,29,2,0
BRDA:264,30,0,0
BRDA:264,30,1,0
BRDA:264,31,0,0
BRDA:264,31,1,0
BRDA:266,32,0,0
BRDA:266,32,1,0
BRDA:270,33,0,0
BRDA:270,33,1,1
BRDA:270,34,0,1
BRDA:270,34,1,1
BRDA:273,35,0,0
BRDA:273,35,1,1
BRDA:273,36,0,1
BRDA:273,36,1,1
BRDA:276,37,0,0
BRDA:276,37,1,1
BRDA:276,38,0,1
BRDA:276,38,1,1
BRDA:279,39,0,1
BRDA:279,39,1,0
BRDA:279,40,0,1
BRDA:279,40,1,1
BRDA:282,41,0,1
BRDA:282,41,1,0
BRDA:285,42,0,1
BRDA:285,42,1,0
BRDA:287,43,0,0
BRDA:287,43,1,0
BRDA:292,44,0,1
BRDA:292,44,1,0
BRDA:293,45,0,0
BRDA:293,45,1,1
BRDA:297,46,0,1
BRDA:297,46,1,0
BRDA:297,47,0,1
BRDA:297,47,1,0
BRDA:302,48,0,3
BRDA:302,48,1,1
BRDA:306,49,0,1
BRDA:306,49,1,0
BRDA:307,50,0,1
BRDA:307,50,1,1
BRDA:307,50,2,1
BRDA:307,50,3,1
BRDA:319,51,0,0
BRDA:319,51,1,0
BRDA:321,52,0,0
BRDA:321,52,1,4
BRDA:332,53,0,0
BRDA:332,53,1,0
BRDA:349,54,0,8
BRDA:349,54,1,1
BRDA:350,55,0,8
BRDA:350,55,1,2
BRDA:350,55,2,2
BRDA:350,55,3,2
BRDA:357,56,0,1
BRDA:357,56,1,7
BRDA:361,57,0,5
BRDA:361,57,1,2
BRDA:361,58,0,7
BRDA:361,58,1,2
BRDA:371,59,0,0
BRDA:371,59,1,5
BRDA:373,60,0,0
BRDA:373,60,1,0
BRDA:383,61,0,3
BRDA:383,61,1,2
BRDA:383,62,0,5
BRDA:383,62,1,4
BRDA:392,63,0,2
BRDA:392,63,1,2
BRDA:394,64,0,0
BRDA:394,64,1,5
BRDA:394,65,0,5
BRDA:394,65,1,0
BRDA:405,66,0,2
BRDA:405,66,1,0
BRDA:436,67,0,1
BRDA:436,67,1,7
BRDA:436,68,0,8
BRDA:436,68,1,1
BRDA:436,68,2,0
BRDA:442,69,0,1
BRDA:442,69,1,7
BRDA:443,70,0,8
BRDA:443,70,1,8
BRDA:443,70,2,8
BRDA:443,70,3,8
BRDA:443,70,4,8
BRDA:443,70,5,8
BRDA:443,70,6,8
BRDA:443,70,7,8
BRDA:443,70,8,8
BRDA:443,70,9,7
BRDA:443,70,10,7
BRDA:459,71,0,1
BRDA:459,71,1,6
BRDA:461,72,0,0
BRDA:461,72,1,8
BRDA:462,73,0,8
BRDA:462,73,1,0
BRDA:463,74,0,0
BRDA:463,74,1,0
BRDA:470,75,0,1
BRDA:470,75,1,6
BRDA:471,76,0,4
BRDA:471,76,1,3
BRDA:471,77,0,7
BRDA:471,77,1,3
BRDA:472,78,0,1
BRDA:472,78,1,6
BRDA:474,79,0,7
BRDA:474,79,1,0
BRDA:474,80,0,7
BRDA:474,80,1,6
BRDA:475,81,0,0
BRDA:475,81,1,7
BRDA:475,82,0,7
BRDA:475,82,1,7
BRDA:477,83,0,7
BRDA:477,83,1,1
BRDA:478,84,0,0
BRDA:478,84,1,8
BRDA:478,85,0,8
BRDA:478,85,1,0
BRDA:479,86,0,0
BRDA:479,86,1,7
BRDA:480,87,0,0
BRDA:480,87,1,7
BRDA:480,88,0,7
BRDA:480,88,1,7
BRDA:482,89,0,0
BRDA:482,89,1,7
BRDA:483,90,0,0
BRDA:483,90,1,7
BRDA:484,91,0,1
BRDA:484,91,1,6
BRDA:485,92,0,0
BRDA:485,92,1,7
BRDA:487,93,0,1
BRDA:487,93,1,6
BRDA:531,94,0,0
BRDA:531,94,1,3
BRDA:535,95,0,3
BRDA:535,95,1,0
BRDA:537,96,0,0
BRDA:537,96,1,3
BRDA:538,97,0,3
BRDA:538,97,1,3
BRDA:538,97,2,3
BRDA:538,97,3,3
BRDA:538,97,4,3
BRDA:538,97,5,3
BRDA:548,98,0,3
BRDA:548,98,1,1
BRDA:567,99,0,1
BRDA:567,99,1,2
BRDA:567,100,0,3
BRDA:567,100,1,2
BRDA:568,101,0,1
BRDA:568,101,1,2
BRDA:568,102,0,3
BRDA:568,102,1,2
BRDA:569,103,0,0
BRDA:569,103,1,3
BRDA:569,104,0,3
BRDA:569,104,1,3
BRDA:570,105,0,0
BRDA:570,105,1,3
BRDA:570,106,0,3
BRDA:570,106,1,3
BRDA:571,107,0,1
BRDA:571,107,1,2
BRDA:571,108,0,3
BRDA:571,108,1,2
BRDA:572,109,0,2
BRDA:572,109,1,1
BRDA:573,110,0,1
BRDA:573,110,1,2
BRDA:574,111,0,2
BRDA:574,111,1,1
BRDA:575,112,0,0
BRDA:575,112,1,3
BRDA:576,113,0,1
BRDA:576,113,1,2
BRDA:577,114,0,2
BRDA:577,114,1,1
BRDA:577,115,0,3
BRDA:577,115,1,2
BRDA:578,116,0,2
BRDA:578,116,1,1
BRDA:578,117,0,3
BRDA:578,117,1,2
BRDA:580,118,0,0
BRDA:580,118,1,3
BRDA:584,119,0,3
BRDA:584,119,1,0
BRDA:584,120,0,3
BRDA:584,120,1,0
BRDA:589,121,0,0
BRDA:589,121,1,3
BRDA:596,122,0,0
BRDA:596,122,1,0
BRDA:600,123,0,0
BRDA:600,123,1,0
BRDA:602,124,0,0
BRDA:602,124,1,0
BRDA:603,125,0,0
BRDA:603,125,1,0
BRDA:611,126,0,0
BRDA:611,126,1,0
BRDA:613,127,0,0
BRDA:613,127,1,0
BRDA:614,128,0,0
BRDA:614,128,1,0
BRDA:615,129,0,0
BRDA:615,129,1,0
BRDA:615,130,0,0
BRDA:615,130,1,0
BRDA:616,131,0,0
BRDA:616,131,1,0
BRDA:616,132,0,0
BRDA:616,132,1,0
BRDA:618,133,0,0
BRDA:618,133,1,0
BRDA:622,134,0,0
BRDA:622,134,1,0
BRDA:622,135,0,0
BRDA:622,135,1,0
BRDA:628,136,0,0
BRDA:628,136,1,3
BRDA:632,137,0,2
BRDA:632,137,1,1
BRDA:632,138,0,3
BRDA:632,138,1,2
BRDA:636,139,0,2
BRDA:636,139,1,0
BRDA:643,140,0,1
BRDA:643,140,1,0
BRDA:677,141,0,0
BRDA:677,141,1,2
BRDA:681,142,0,2
BRDA:681,142,1,0
BRDA:683,143,0,0
BRDA:683,143,1,2
BRDA:684,144,0,2
BRDA:684,144,1,2
BRDA:684,144,2,2
BRDA:684,144,3,2
BRDA:684,144,4,2
BRDA:684,144,5,2
BRDA:694,145,0,2
BRDA:694,145,1,1
BRDA:694,145,2,1
BRDA:694,145,3,1
BRDA:718,146,0,1
BRDA:718,146,1,1
BRDA:719,147,0,0
BRDA:719,147,1,2
BRDA:720,148,0,1
BRDA:720,148,1,1
BRDA:720,149,0,2
BRDA:720,149,1,1
BRDA:721,150,0,1
BRDA:721,150,1,1
BRDA:721,151,0,2
BRDA:721,151,1,1
BRDA:722,152,0,2
BRDA:722,152,1,0
BRDA:723,153,0,0
BRDA:723,153,1,2
BRDA:723,154,0,2
BRDA:723,154,1,2
BRDA:724,155,0,1
BRDA:724,155,1,1
BRDA:724,156,0,2
BRDA:724,156,1,1
BRDA:725,157,0,0
BRDA:725,157,1,2
BRDA:726,158,0,2
BRDA:726,158,1,0
BRDA:728,159,0,0
BRDA:728,159,1,2
BRDA:732,160,0,2
BRDA:732,160,1,0
BRDA:732,161,0,2
BRDA:732,161,1,0
BRDA:737,162,0,0
BRDA:737,162,1,2
BRDA:741,163,0,1
BRDA:741,163,1,1
BRDA:741,164,0,2
BRDA:741,164,1,1
BRDA:745,165,0,1
BRDA:745,165,1,0
BRDA:752,166,0,1
BRDA:752,166,1,0
BRDA:764,167,0,0
BRDA:764,167,1,0
BRDA:770,168,0,0
BRDA:770,168,1,0
BRDA:770,169,0,0
BRDA:770,169,1,0
BRDA:772,170,0,0
BRDA:772,170,1,0
BRDA:776,171,0,0
BRDA:776,171,1,0
BRDA:783,172,0,0
BRDA:783,172,1,0
BRDA:787,173,0,0
BRDA:787,173,1,0
BRDA:789,174,0,0
BRDA:789,174,1,0
BRDA:793,175,0,0
BRDA:793,175,1,0
BRDA:800,176,0,0
BRDA:800,176,1,0
BRDA:810,177,0,0
BRDA:810,177,1,0
BRDA:818,178,0,0
BRDA:818,178,1,0
BRDA:818,179,0,0
BRDA:818,179,1,0
BRDA:820,180,0,0
BRDA:820,180,1,0
BRDA:821,181,0,0
BRDA:821,181,1,0
BRDA:821,181,2,0
BRDA:829,182,0,0
BRDA:829,182,1,0
BRDA:833,183,0,0
BRDA:833,183,1,0
BRDA:840,184,0,0
BRDA:840,184,1,0
BRDA:867,185,0,0
BRDA:867,185,1,2
BRDA:871,186,0,2
BRDA:871,186,1,0
BRDA:872,187,0,2
BRDA:872,187,1,0
BRDA:872,188,0,2
BRDA:872,188,1,1
BRDA:872,188,2,0
BRDA:872,188,3,0
BRDA:872,188,4,0
BRDA:872,188,5,2
BRDA:904,189,0,0
BRDA:904,189,1,10
BRDA:905,190,0,10
BRDA:905,190,1,10
BRDA:905,190,2,10
BRDA:912,191,0,10
BRDA:912,191,1,1
BRDA:912,191,2,1
BRDA:912,191,3,1
BRDA:921,192,0,0
BRDA:921,192,1,10
BRDA:921,193,0,10
BRDA:921,193,1,10
BRDA:925,194,0,1
BRDA:925,194,1,9
BRDA:926,195,0,10
BRDA:926,195,1,9
BRDA:926,195,2,9
BRDA:926,195,3,9
BRDA:934,196,0,0
BRDA:934,196,1,9
BRDA:956,197,0,2
BRDA:956,197,1,7
BRDA:958,198,0,2
BRDA:958,198,1,5
BRDA:961,199,0,2
BRDA:961,199,1,3
BRDA:961,200,0,5
BRDA:961,200,1,3
BRDA:966,201,0,0
BRDA:966,201,1,3
BRDA:966,202,0,3
BRDA:966,202,1,3
BRDA:970,203,0,0
BRDA:970,203,1,3
BRDA:970,204,0,3
BRDA:970,204,1,3
BRDA:972,205,0,0
BRDA:972,205,1,3
BRDA:972,206,0,3
BRDA:972,206,1,3
BRDA:974,207,0,0
BRDA:974,207,1,3
BRDA:974,208,0,3
BRDA:974,208,1,3
BRDA:977,209,0,0
BRDA:977,209,1,3
BRDA:977,210,0,3
BRDA:977,210,1,3
BRDA:977,210,2,3
BRDA:982,211,0,0
BRDA:982,211,1,3
BRDA:985,212,0,0
BRDA:985,212,1,3
BRDA:985,213,0,3
BRDA:985,213,1,3
BRDA:989,214,0,0
BRDA:989,214,1,3
BRDA:992,215,0,1
BRDA:992,215,1,2
BRDA:992,216,0,3
BRDA:992,216,1,2
BRDA:997,217,0,0
BRDA:997,217,1,2
BRDA:997,218,0,2
BRDA:997,218,1,2
BRDA:1002,219,0,1
BRDA:1002,219,1,1
BRDA:1002,220,0,2
BRDA:1002,220,1,1
BRDA:1006,221,0,0
BRDA:1006,221,1,1
BRDA:1006,222,0,1
BRDA:1006,222,1,0
BRDA:1008,223,0,0
BRDA:1008,223,1,1
BRDA:1008,224,0,1
BRDA:1008,224,1,0
BRDA:1012,225,0,1
BRDA:1012,225,1,8
BRDA:1013,226,0,0
BRDA:1013,226,1,1
BRDA:1015,227,0,1
BRDA:1015,227,1,0
BRDA:1018,228,0,0
BRDA:1018,228,1,0
BRDA:1018,229,0,0
BRDA:1018,229,1,0
BRDA:1022,230,0,0
BRDA:1022,230,1,0
BRDA:1024,231,0,0
BRDA:1024,231,1,0
BRDA:1039,232,0,5
BRDA:1039,232,1,4
BRDA:1040,233,0,9
BRDA:1040,233,1,7
BRDA:1040,233,2,5
BRDA:1040,233,3,5
BRDA:1040,233,4,5
BRDA:1049,234,0,4
BRDA:1049,234,1,5
BRDA:1052,235,0,8
BRDA:1052,235,1,1
BRDA:1054,236,0,1
BRDA:1054,236,1,0
BRDA:1058,237,0,6
BRDA:1058,237,1,3
BRDA:1059,238,0,9
BRDA:1059,238,1,8
BRDA:1065,239,0,2
BRDA:1065,239,1,7
BRDA:1066,240,0,0
BRDA:1066,240,1,2
BRDA:1067,241,0,2
BRDA:1067,241,1,2
BRDA:1067,241,2,2
BRDA:1075,242,0,3
BRDA:1075,242,1,6
BRDA:1076,243,0,0
BRDA:1076,243,1,3
BRDA:1077,244,0,3
BRDA:1077,244,1,3
BRDA:1077,244,2,3
BRDA:1085,245,0,4
BRDA:1085,245,1,5
BRDA:1086,246,0,2
BRDA:1086,246,1,2
BRDA:1087,247,0,4
BRDA:1087,247,1,3
BRDA:1087,247,2,3
BRDA:1095,248,0,0
BRDA:1095,248,1,9
BRDA:1099,249,0,8
BRDA:1099,249,1,1
BRDA:1099,250,0,9
BRDA:1099,250,1,1
BRDA:1109,251,0,8
BRDA:1109,251,1,8
BRDA:1113,252,0,0
BRDA:1113,252,1,8
BRDA:1147,253,0,3
BRDA:1147,253,1,2
BRDA:1147,253,2,9
BRDA:1147,253,3,2
BRDA:1213,254,0,6
BRDA:1213,254,1,2
BRDA:1218,255,0,1
BRDA:1218,255,1,1
BRDA:1218,256,0,2
BRDA:1218,256,1,2
BRDA:1226,257,0,1
BRDA:1226,257,1,0
BRDA:1237,258,0,0
BRDA:1237,258,1,2
BRDA:1242,259,0,2
BRDA:1242,259,1,0
BRDA:1265,260,0,15
BRDA:1265,260,1,12
BRDA:1274,261,0,12
BRDA:1274,261,1,8
BRDA:1303,262,0,6
BRDA:1303,262,1,1
BRDA:1304,263,0,6
BRDA:1304,263,1,3
BRDA:1307,264,0,2
BRDA:1307,264,1,4
BRDA:1311,265,0,4
BRDA:1311,265,1,0
BRDA:1311,266,0,4
BRDA:1311,266,1,0
BRDA:1316,267,0,3
BRDA:1316,267,1,4
BRDA:1320,268,0,2
BRDA:1320,268,1,2
BRDA:1320,269,0,4
BRDA:1320,269,1,3
BRDA:1321,270,0,1
BRDA:1321,270,1,1
BRDA:1322,271,0,2
BRDA:1322,271,1,1
BRDA:1328,272,0,1
BRDA:1328,272,1,0
BRDA:1342,273,0,2
BRDA:1342,273,1,0
BRDA:1347,274,0,0
BRDA:1347,274,1,13
BRDA:1360,275,0,13
BRDA:1360,275,1,0
BRDA:1361,276,0,13
BRDA:1361,276,1,0
BRDA:1361,277,0,13
BRDA:1361,277,1,0
BRDA:1363,278,0,2
BRDA:1363,278,1,11
BRDA:1364,279,0,13
BRDA:1364,279,1,2
BRDA:1364,279,2,1
BRDA:1364,279,3,0
BRDA:1374,280,0,5
BRDA:1374,280,1,6
BRDA:1375,281,0,11
BRDA:1375,281,1,11
BRDA:1375,281,2,10
BRDA:1375,281,3,10
BRDA:1375,281,4,10
BRDA:1375,281,5,10
BRDA:1375,281,6,6
BRDA:1375,281,7,6
BRDA:1375,281,8,6
BRDA:1375,281,9,6
BRDA:1375,281,10,6
BRDA:1375,281,11,6
BRDA:1391,282,0,3
BRDA:1391,282,1,3
BRDA:1391,283,0,6
BRDA:1391,283,1,6
BRDA:1409,284,0,0
BRDA:1409,284,1,9
BRDA:1413,285,0,1
BRDA:1413,285,1,8
BRDA:1413,286,0,9
BRDA:1413,286,1,8
BRDA:1415,287,0,0
BRDA:1415,287,1,1
BRDA:1416,288,0,1
BRDA:1416,288,1,1
BRDA:1416,288,2,0
BRDA:1431,289,0,0
BRDA:1431,289,1,0
BRDA:1433,290,0,2
BRDA:1433,290,1,0
BRDA:1444,291,0,2
BRDA:1444,291,1,1
BRDA:1447,292,0,1
BRDA:1447,292,1,0
BRDA:1447,293,0,1
BRDA:1447,293,1,1
BRDA:1447,293,2,0
BRDA:1452,294,0,0
BRDA:1452,294,1,0
BRDA:1456,295,0,0
BRDA:1456,295,1,0
BRDA:1456,296,0,0
BRDA:1456,296,1,0
BRDA:1462,297,0,2
BRDA:1462,297,1,2
BRDA:1468,298,0,0
BRDA:1468,298,1,0
BRDA:1474,299,0,0
BRDA:1474,299,1,0
BRDA:1497,300,0,0
BRDA:1497,300,1,0
BRDA:1501,301,0,0
BRDA:1501,301,1,0
BRDA:1505,302,0,0
BRDA:1505,302,1,0
BRDA:1518,303,0,0
BRDA:1518,303,1,15
BRDA:1522,304,0,0
BRDA:1522,304,1,15
BRDA:1522,305,0,15
BRDA:1522,305,1,15
BRDA:1527,306,0,15
BRDA:1527,306,1,6
BRDA:1543,307,0,0
BRDA:1543,307,1,15
BRDA:1544,308,0,15
BRDA:1544,308,1,15
BRDA:1544,308,2,15
BRDA:1567,309,0,0
BRDA:1567,309,1,15
BRDA:1570,310,0,0
BRDA:1570,310,1,15
BRDA:1570,311,0,15
BRDA:1570,311,1,0
BRDA:1576,312,0,0
BRDA:1576,312,1,15
BRDA:1577,313,0,1
BRDA:1577,313,1,14
BRDA:1578,314,0,0
BRDA:1578,314,1,15
BRDA:1580,315,0,8
BRDA:1580,315,1,7
BRDA:1581,316,0,1
BRDA:1581,316,1,14
BRDA:1582,317,0,1
BRDA:1582,317,1,14
BRDA:1583,318,0,0
BRDA:1583,318,1,15
BRDA:1584,319,0,0
BRDA:1584,319,1,15
BRDA:1585,320,0,0
BRDA:1585,320,1,15
BRDA:1587,321,0,0
BRDA:1587,321,1,15
BRDA:1588,322,0,1
BRDA:1588,322,1,14
BRDA:1589,323,0,0
BRDA:1589,323,1,15
BRDA:1590,324,0,0
BRDA:1590,324,1,15
BRDA:1591,325,0,0
BRDA:1591,325,1,15
BRDA:1592,326,0,0
BRDA:1592,326,1,15
BRDA:1593,327,0,0
BRDA:1593,327,1,15
BRDA:1594,328,0,0
BRDA:1594,328,1,15
BRDA:1595,329,0,0
BRDA:1595,329,1,15
BRDA:1597,330,0,8
BRDA:1597,330,1,7
BRDA:1598,331,0,0
BRDA:1598,331,1,15
BRDA:1599,332,0,0
BRDA:1599,332,1,15
BRDA:1600,333,0,0
BRDA:1600,333,1,15
BRDA:1601,334,0,1
BRDA:1601,334,1,14
BRDA:1602,335,0,1
BRDA:1602,335,1,14
BRDA:1603,336,0,0
BRDA:1603,336,1,15
BRDA:1605,337,0,0
BRDA:1605,337,1,15
BRDA:1605,338,0,15
BRDA:1605,338,1,2
BRDA:1607,339,0,1
BRDA:1607,339,1,14
BRDA:1608,340,0,1
BRDA:1608,340,1,0
BRDA:1608,341,0,1
BRDA:1608,341,1,1
BRDA:1609,342,0,0
BRDA:1609,342,1,1
BRDA:1609,343,0,1
BRDA:1609,343,1,0
BRDA:1610,344,0,0
BRDA:1610,344,1,1
BRDA:1613,345,0,0
BRDA:1613,345,1,15
BRDA:1613,346,0,15
BRDA:1613,346,1,2
BRDA:1614,347,0,0
BRDA:1614,347,1,15
BRDA:1614,348,0,15
BRDA:1614,348,1,2
BRDA:1615,349,0,0
BRDA:1615,349,1,15
BRDA:1615,350,0,15
BRDA:1615,350,1,2
BRDA:1619,351,0,1
BRDA:1619,351,1,14
BRDA:1619,352,0,15
BRDA:1619,352,1,9
BRDA:1620,353,0,6
BRDA:1620,353,1,9
BRDA:1621,354,0,1
BRDA:1621,354,1,14
BRDA:1622,355,0,0
BRDA:1622,355,1,15
BRDA:1622,356,0,15
BRDA:1622,356,1,15
BRDA:1623,357,0,2
BRDA:1623,357,1,13
BRDA:1624,358,0,1
BRDA:1624,358,1,14
BRDA:1624,359,0,15
BRDA:1624,359,1,14
BRDA:1625,360,0,0
BRDA:1625,360,1,15
BRDA:1625,361,0,15
BRDA:1625,361,1,15
BRDA:1626,362,0,8
BRDA:1626,362,1,7
BRDA:1627,363,0,0
BRDA:1627,363,1,15
BRDA:1653,364,0,1
BRDA:1653,364,1,0
BRDA:1653,364,2,1
BRDA:1653,364,3,5
BRDA:1653,364,4,3
BRDA:1653,364,5,0
BRDA:1653,364,6,2
BRDA:1653,364,7,0
BRDA:1762,365,0,0
BRDA:1762,365,1,8
BRDA:1766,366,0,4
BRDA:1766,366,1,4
BRDA:1766,367,0,8
BRDA:1766,367,1,6
BRDA:1770,368,0,4
BRDA:1770,368,1,1
BRDA:1778,369,0,2
BRDA:1778,369,1,16
BRDA:1783,370,0,7
BRDA:1783,370,1,9
BRDA:1784,371,0,16
BRDA:1784,371,1,11
BRDA:1784,371,2,9
BRDA:1784,371,3,9
BRDA:1784,371,4,9
BRDA:1784,371,5,9
BRDA:1794,372,0,3
BRDA:1794,372,1,6
BRDA:1798,373,0,0
BRDA:1798,373,1,6
BRDA:1806,374,0,0
BRDA:1806,374,1,0
BRDA:1806,374,2,0
BRDA:1806,374,3,0
BRDA:1806,374,4,3
BRDA:1806,374,5,0
BRDA:1806,374,6,0
BRDA:1806,374,7,0
BRF:834
BRH:531
end_of_record
TN:
SF:src\content\autofill.ts
FN:42,shouldAutofillField
FN:93,isTextLikeInput
FN:99,isSelectBlank
FN:107,shouldOverwriteAutofillValue
FN:151,setFieldValue
FN:163,getQuestionText
FN:172,(anonymous_6)
FN:199,getAssociatedLabelText
FN:217,getOptionLabelText
FN:221,getFieldDescriptor
FN:240,matchesDescriptor
FN:241,(anonymous_11)
FN:244,scoreChoiceMatch
FN:256,(anonymous_13)
FN:264,(anonymous_14)
FN:279,normalizeBooleanAnswer
FN:286,isConsentField
FN:288,(anonymous_17)
FN:293,isFieldRequired
FN:328,shouldRememberField
FN:357,readFieldAnswerForMemory
FN:375,getFieldLookupRoot
FN:380,findByIdNearField
FN:390,isFieldContextVisible
FN:410,normalizeAutofillComparableValue
FN:414,isPlaceholderLikeValue
FN:425,(anonymous_26)
FNF:27
FNH:27
FNDA:24,shouldAutofillField
FNDA:3,isTextLikeInput
FNDA:4,isSelectBlank
FNDA:3,shouldOverwriteAutofillValue
FNDA:2,setFieldValue
FNDA:39,getQuestionText
FNDA:1,(anonymous_6)
FNDA:40,getAssociatedLabelText
FNDA:2,getOptionLabelText
FNDA:34,getFieldDescriptor
FNDA:44,matchesDescriptor
FNDA:360,(anonymous_11)
FNDA:4,scoreChoiceMatch
FNDA:1,(anonymous_13)
FNDA:6,(anonymous_14)
FNDA:6,normalizeBooleanAnswer
FNDA:1,isConsentField
FNDA:1,(anonymous_17)
FNDA:3,isFieldRequired
FNDA:2,shouldRememberField
FNDA:5,readFieldAnswerForMemory
FNDA:35,getFieldLookupRoot
FNDA:1,findByIdNearField
FNDA:14,isFieldContextVisible
FNDA:2,normalizeAutofillComparableValue
FNDA:1,isPlaceholderLikeValue
FNDA:9,(anonymous_26)
DA:5,5
DA:46,24
DA:47,24
DA:48,21
DA:49,21
DA:50,0
DA:52,21
DA:53,11
DA:54,10
DA:55,0
DA:57,3
DA:58,2
DA:61,11
DA:62,11
DA:72,2
DA:74,9
DA:75,0
DA:77,9
DA:85,1
DA:87,8
DA:88,1
DA:90,7
DA:94,3
DA:100,4
DA:112,3
DA:113,0
DA:116,3
DA:117,3
DA:118,1
DA:121,2
DA:122,0
DA:125,2
DA:126,1
DA:127,1
DA:130,0
DA:131,1
DA:134,1
DA:135,0
DA:138,1
DA:139,1
DA:140,1
DA:141,0
DA:144,1
DA:145,0
DA:148,1
DA:155,2
DA:156,2
DA:157,0
DA:158,2
DA:159,2
DA:160,2
DA:164,39
DA:165,39
DA:167,38
DA:168,38
DA:169,1
DA:172,1
DA:175,1
DA:178,37
DA:179,37
DA:181,0
DA:188,39
DA:190,0
DA:200,40
DA:201,40
DA:202,34
DA:203,34
DA:204,34
DA:208,34
DA:214,21
DA:218,2
DA:225,34
DA:241,360
DA:245,4
DA:247,4
DA:248,4
DA:249,4
DA:250,4
DA:252,3
DA:253,3
DA:254,2
DA:257,1
DA:260,1
DA:262,1
DA:265,6
DA:268,0
DA:272,2
DA:273,1
DA:276,1
DA:280,6
DA:281,6
DA:282,4
DA:283,2
DA:287,1
DA:288,1
DA:289,1
DA:294,3
DA:295,1
DA:298,2
DA:299,1
DA:302,1
DA:306,1
DA:307,1
DA:310,0
DA:318,0
DA:319,0
DA:322,0
DA:325,3
DA:329,2
DA:330,2
DA:342,0
DA:344,2
DA:349,1
DA:351,1
DA:352,0
DA:354,1
DA:358,5
DA:359,1
DA:361,4
DA:362,1
DA:364,3
DA:365,1
DA:369,2
DA:370,1
DA:372,1
DA:376,35
DA:377,35
DA:381,1
DA:382,1
DA:383,1
DA:384,1
DA:386,0
DA:391,14
DA:393,3
DA:394,0
DA:395,0
DA:399,3
DA:402,3
DA:403,0
DA:406,3
DA:407,3
DA:411,2
DA:415,1
DA:425,9
LF:144
LH:121
BRDA:44,0,0,24
BRDA:46,1,0,0
BRDA:46,1,1,24
BRDA:47,2,0,21
BRDA:47,2,1,3
BRDA:49,3,0,0
BRDA:49,3,1,21
BRDA:52,4,0,10
BRDA:52,4,1,11
BRDA:53,5,0,1
BRDA:53,5,1,10
BRDA:54,6,0,0
BRDA:54,6,1,10
BRDA:54,7,0,10
BRDA:54,7,1,2
BRDA:54,7,2,2
BRDA:57,8,0,2
BRDA:57,8,1,1
BRDA:62,9,0,2
BRDA:62,9,1,9
BRDA:74,10,0,0
BRDA:74,10,1,9
BRDA:74,11,0,9
BRDA:74,11,1,9
BRDA:74,11,2,9
BRDA:74,11,3,9
BRDA:77,12,0,1
BRDA:77,12,1,8
BRDA:78,13,0,9
BRDA:78,13,1,9
BRDA:78,13,2,9
BRDA:78,13,3,9
BRDA:78,13,4,8
BRDA:78,13,5,8
BRDA:87,14,0,1
BRDA:87,14,1,7
BRDA:87,15,0,8
BRDA:87,15,1,1
BRDA:101,16,0,4
BRDA:101,16,1,2
BRDA:101,16,2,1
BRDA:103,17,0,1
BRDA:103,17,1,0
BRDA:110,18,0,3
BRDA:112,19,0,0
BRDA:112,19,1,3
BRDA:112,20,0,3
BRDA:112,20,1,3
BRDA:117,21,0,1
BRDA:117,21,1,2
BRDA:121,22,0,0
BRDA:121,22,1,2
BRDA:125,23,0,1
BRDA:125,23,1,1
BRDA:126,24,0,1
BRDA:126,24,1,0
BRDA:130,25,0,0
BRDA:130,25,1,0
BRDA:134,26,0,0
BRDA:134,26,1,1
BRDA:134,27,0,1
BRDA:134,27,1,1
BRDA:140,28,0,0
BRDA:140,28,1,1
BRDA:140,29,0,1
BRDA:140,29,1,1
BRDA:144,30,0,0
BRDA:144,30,1,1
BRDA:156,31,0,2
BRDA:156,31,1,0
BRDA:165,32,0,1
BRDA:165,32,1,38
BRDA:168,33,0,1
BRDA:168,33,1,37
BRDA:172,34,0,1
BRDA:172,34,1,0
BRDA:175,35,0,1
BRDA:175,35,1,0
BRDA:179,36,0,37
BRDA:179,36,1,0
BRDA:188,37,0,0
BRDA:188,37,1,39
BRDA:190,38,0,0
BRDA:190,38,1,0
BRDA:190,38,2,0
BRDA:190,38,3,0
BRDA:190,38,4,0
BRDA:201,39,0,34
BRDA:201,39,1,6
BRDA:205,40,0,34
BRDA:205,40,1,15
BRDA:208,41,0,19
BRDA:208,41,1,15
BRDA:218,42,0,2
BRDA:218,42,1,0
BRDA:218,42,2,0
BRDA:233,43,0,30
BRDA:233,43,1,4
BRDA:245,44,0,0
BRDA:245,44,1,4
BRDA:245,45,0,4
BRDA:245,45,1,4
BRDA:249,46,0,0
BRDA:249,46,1,4
BRDA:249,47,0,4
BRDA:249,47,1,4
BRDA:250,48,0,1
BRDA:250,48,1,3
BRDA:253,49,0,2
BRDA:253,49,1,1
BRDA:254,50,0,1
BRDA:254,50,1,1
BRDA:255,51,0,2
BRDA:255,51,1,1
BRDA:262,52,0,0
BRDA:262,52,1,1
BRDA:263,53,0,1
BRDA:263,53,1,1
BRDA:272,54,0,1
BRDA:272,54,1,1
BRDA:272,55,0,2
BRDA:272,55,1,1
BRDA:281,56,0,2
BRDA:281,56,1,4
BRDA:282,57,0,2
BRDA:282,57,1,2
BRDA:294,58,0,1
BRDA:294,58,1,2
BRDA:294,59,0,3
BRDA:294,59,1,3
BRDA:298,60,0,1
BRDA:298,60,1,1
BRDA:306,61,0,1
BRDA:306,61,1,0
BRDA:318,62,0,0
BRDA:318,62,1,0
BRDA:330,63,0,0
BRDA:330,63,1,2
BRDA:331,64,0,2
BRDA:331,64,1,2
BRDA:331,64,2,2
BRDA:331,64,3,2
BRDA:331,64,4,2
BRDA:331,64,5,2
BRDA:331,64,6,2
BRDA:331,64,7,2
BRDA:331,64,8,2
BRDA:331,64,9,2
BRDA:344,65,0,1
BRDA:344,65,1,1
BRDA:351,66,0,0
BRDA:351,66,1,1
BRDA:351,67,0,1
BRDA:351,67,1,0
BRDA:358,68,0,1
BRDA:358,68,1,4
BRDA:359,69,0,1
BRDA:359,69,1,0
BRDA:361,70,0,1
BRDA:361,70,1,3
BRDA:364,71,0,1
BRDA:364,71,1,2
BRDA:365,72,0,1
BRDA:365,72,1,0
BRDA:366,73,0,1
BRDA:366,73,1,0
BRDA:369,74,0,1
BRDA:369,74,1,1
BRDA:370,75,0,1
BRDA:370,75,1,0
BRDA:377,76,0,0
BRDA:377,76,1,35
BRDA:384,77,0,1
BRDA:384,77,1,0
BRDA:391,78,0,11
BRDA:391,78,1,3
BRDA:393,79,0,3
BRDA:393,79,1,0
BRDA:394,80,0,0
BRDA:394,80,1,0
BRDA:394,81,0,0
BRDA:394,81,1,0
BRDA:402,82,0,0
BRDA:402,82,1,3
BRDA:402,83,0,3
BRDA:402,83,1,0
BRDA:407,84,0,3
BRDA:407,84,1,0
BRDA:407,84,2,0
BRDA:425,85,0,9
BRDA:425,85,1,9
BRF:191
BRH:142
end_of_record
TN:
SF:src\content\dom.ts
FN:6,getActionText
FN:15,(anonymous_1)
FN:19,getClickableApplyElement
FN:42,getNavigationUrl
FN:164,normalizeUrl
FN:192,isExternalUrl
FN:215,(anonymous_6)
FN:225,isElementVisible
FN:284,findFirstVisibleElement
FN:303,performClickAction
FN:363,scrollElementIntoView
FN:381,waitForElement
FN:398,(anonymous_12)
FN:405,isElementInteractive
FNF:14
FNH:11
FNDA:45,getActionText
FNDA:84,(anonymous_1)
FNDA:22,getClickableApplyElement
FNDA:42,getNavigationUrl
FNDA:83,normalizeUrl
FNDA:34,isExternalUrl
FNDA:36,(anonymous_6)
FNDA:67,isElementVisible
FNDA:2,findFirstVisibleElement
FNDA:5,performClickAction
FNDA:0,scrollElementIntoView
FNDA:0,waitForElement
FNDA:0,(anonymous_12)
FNDA:4,isElementInteractive
DA:7,45
DA:15,84
DA:21,22
DA:22,3
DA:25,3
DA:26,3
DA:31,19
DA:35,19
DA:36,1
DA:39,18
DA:44,42
DA:45,11
DA:49,31
DA:50,31
DA:51,0
DA:55,31
DA:60,0
DA:63,31
DA:68,0
DA:72,31
DA:90,31
DA:91,408
DA:92,408
DA:93,5
DA:94,5
DA:95,5
DA:101,26
DA:102,31
DA:103,31
DA:104,31
DA:105,0
DA:109,31
DA:127,13
DA:130,18
DA:131,13
DA:134,5
DA:135,5
DA:136,3
DA:141,23
DA:142,23
DA:144,1
DA:150,1
DA:151,1
DA:156,22
DA:157,22
DA:158,0
DA:161,22
DA:165,83
DA:167,83
DA:173,5
DA:177,78
DA:178,1
DA:180,77
DA:183,78
DA:184,78
DA:185,78
DA:186,78
DA:188,0
DA:193,34
DA:194,34
DA:195,34
DA:198,34
DA:199,7
DA:203,27
DA:204,19
DA:208,8
DA:215,36
DA:216,1
DA:219,7
DA:221,0
DA:227,67
DA:228,3
DA:231,64
DA:233,64
DA:238,6
DA:241,58
DA:244,58
DA:245,0
DA:250,58
DA:258,0
DA:259,0
DA:260,0
DA:261,0
DA:262,0
DA:270,0
DA:271,0
DA:273,0
DA:276,0
DA:277,0
DA:281,58
DA:287,2
DA:288,4
DA:289,4
DA:290,3
DA:291,2
DA:296,1
DA:300,0
DA:305,5
DA:306,5
DA:312,5
DA:324,5
DA:325,5
DA:326,5
DA:327,5
DA:332,5
DA:342,5
DA:343,35
DA:344,35
DA:345,20
DA:347,15
DA:355,5
DA:356,5
DA:364,0
DA:365,0
DA:372,0
DA:373,0
DA:385,0
DA:387,0
DA:388,0
DA:389,0
DA:390,0
DA:391,0
DA:395,0
DA:398,0
DA:401,0
DA:406,4
DA:407,0
DA:410,4
DA:414,1
DA:417,3
DA:418,1
DA:421,2
DA:422,2
DA:423,1
DA:426,1
LF:135
LH:102
BRDA:8,0,0,45
BRDA:8,0,1,6
BRDA:15,1,0,84
BRDA:15,1,1,39
BRDA:21,2,0,3
BRDA:21,2,1,19
BRDA:25,3,0,3
BRDA:25,3,1,0
BRDA:25,4,0,3
BRDA:25,4,1,3
BRDA:35,5,0,1
BRDA:35,5,1,18
BRDA:35,6,0,19
BRDA:35,6,1,1
BRDA:44,7,0,11
BRDA:44,7,1,31
BRDA:44,8,0,42
BRDA:44,8,1,11
BRDA:50,9,0,0
BRDA:50,9,1,31
BRDA:55,10,0,0
BRDA:55,10,1,31
BRDA:56,11,0,31
BRDA:56,11,1,27
BRDA:56,11,2,0
BRDA:63,12,0,0
BRDA:63,12,1,31
BRDA:64,13,0,31
BRDA:64,13,1,0
BRDA:64,13,2,0
BRDA:92,14,0,5
BRDA:92,14,1,403
BRDA:94,15,0,5
BRDA:94,15,1,0
BRDA:104,16,0,0
BRDA:104,16,1,31
BRDA:109,17,0,13
BRDA:109,17,1,18
BRDA:130,18,0,13
BRDA:130,18,1,5
BRDA:135,19,0,3
BRDA:135,19,1,2
BRDA:142,20,0,1
BRDA:142,20,1,22
BRDA:144,21,0,1
BRDA:144,21,1,0
BRDA:144,21,2,0
BRDA:150,22,0,1
BRDA:150,22,1,0
BRDA:157,23,0,0
BRDA:157,23,1,22
BRDA:167,24,0,5
BRDA:167,24,1,78
BRDA:168,25,0,83
BRDA:168,25,1,83
BRDA:168,25,2,82
BRDA:168,25,3,80
BRDA:177,26,0,1
BRDA:177,26,1,77
BRDA:198,27,0,7
BRDA:198,27,1,27
BRDA:203,28,0,19
BRDA:203,28,1,8
BRDA:203,29,0,27
BRDA:203,29,1,8
BRDA:215,30,0,1
BRDA:215,30,1,7
BRDA:227,31,0,3
BRDA:227,31,1,64
BRDA:227,32,0,67
BRDA:227,32,1,67
BRDA:233,33,0,6
BRDA:233,33,1,58
BRDA:234,34,0,64
BRDA:234,34,1,64
BRDA:234,34,2,58
BRDA:244,35,0,0
BRDA:244,35,1,58
BRDA:244,36,0,58
BRDA:244,36,1,58
BRDA:250,37,0,0
BRDA:250,37,1,58
BRDA:251,38,0,58
BRDA:251,38,1,58
BRDA:251,38,2,58
BRDA:251,38,3,58
BRDA:262,39,0,0
BRDA:262,39,1,0
BRDA:263,40,0,0
BRDA:263,40,1,0
BRDA:263,40,2,0
BRDA:263,40,3,0
BRDA:263,40,4,0
BRDA:263,40,5,0
BRDA:276,41,0,0
BRDA:276,41,1,0
BRDA:290,42,0,2
BRDA:290,42,1,1
BRDA:344,43,0,20
BRDA:344,43,1,15
BRDA:383,44,0,0
BRDA:390,45,0,0
BRDA:390,45,1,0
BRDA:390,46,0,0
BRDA:390,46,1,0
BRDA:406,47,0,0
BRDA:406,47,1,4
BRDA:410,48,0,1
BRDA:410,48,1,3
BRDA:411,49,0,4
BRDA:411,49,1,3
BRDA:417,50,0,1
BRDA:417,50,1,2
BRDA:422,51,0,1
BRDA:422,51,1,1
BRF:115
BRH:84
end_of_record
TN:
SF:src\content\jobSearch.ts
FN:86,collectJobDetailCandidates
FN:390,collectMonsterEmbeddedCandidates
FN:455,pickRelevantJobUrls
FN:462,(anonymous_3)
FN:473,(anonymous_4)
FN:479,(anonymous_5)
FN:491,(anonymous_6)
FN:499,(anonymous_7)
FN:507,(anonymous_8)
FN:508,(anonymous_9)
FN:513,(anonymous_10)
FN:516,(anonymous_11)
FN:521,(anonymous_12)
FN:522,(anonymous_13)
FN:527,matchesConfiguredSearchKeywords
FN:535,(anonymous_15)
FN:540,matchesSearchKeyword
FN:552,(anonymous_17)
FN:558,(anonymous_18)
FN:568,isLikelyJobDetailUrl
FN:593,(anonymous_20)
FN:808,(anonymous_21)
FN:888,looksLikeTechnicalRoleTitle
FN:972,(anonymous_23)
FN:975,(anonymous_24)
FN:978,(anonymous_25)
FN:994,isAppliedJobText
FN:1035,(anonymous_27)
FN:1038,isStrongAppliedJobText
FN:1074,(anonymous_29)
FN:1077,isCurrentPageAppliedJob
FN:1089,shouldFinishJobResultScan
FN:1127,collectCandidatesFromContainers
FN:1216,collectCandidatesFromAnchors
FN:1245,collectDiceSearchCardCandidates
FN:1308,(anonymous_35)
FN:1331,collectZipRecruiterDataAttributeCandidates
FN:1387,collectMonsterFallbackCandidates
FN:1422,(anonymous_38)
FN:1458,collectZipRecruiterCardCandidates
FN:1497,collectFallbackJobCandidates
FN:1529,(anonymous_41)
FN:1573,(anonymous_42)
FN:1593,addJobCandidate
FN:1613,dedupeJobCandidates
FN:1631,collectCurrentJobSurfaceTexts
FN:1656,isReadableSurfaceElement
FN:1669,getPrimaryCurrentJobSurfaceSelectors
FN:1716,getFallbackCurrentJobSurfaceSelectors
FN:1724,collectCurrentJobSurfaceTextsForSelectors
FN:1756,(anonymous_50)
FN:1759,isListingOrCategoryUrl
FN:1815,(anonymous_52)
FN:1826,hasJobIdentifyingSearchParam
FN:1827,(anonymous_54)
FN:1833,looksLikeUuidPathSegment
FN:1837,isKnownAtsListingUrl
FN:1879,isGenericRoleCtaText
FN:1885,(anonymous_58)
FN:1888,isCareerListingCtaText
FN:1894,(anonymous_60)
FN:1897,resolveAnchorCandidateTitle
FN:1935,extractContextLines
FN:1938,(anonymous_63)
FN:1939,(anonymous_64)
FN:1942,stringOrEmpty
FN:1946,isGenericListingSegment
FN:2002,filterCandidatesByDatePostedWindow
FN:2011,(anonymous_68)
FN:2015,(anonymous_69)
FN:2024,(anonymous_70)
FN:2025,(anonymous_71)
FN:2028,sortCandidatesByRecency
FN:2036,(anonymous_73)
FN:2045,comparePostedAgeHours
FN:2066,getMaxPostedAgeHours
FN:2079,extractPostedAgeHours
FN:2125,convertAgeValueToHours
FN:2149,scoreJobTitleForResume
FNF:79
FNH:65
FNDA:12,collectJobDetailCandidates
FNDA:2,collectMonsterEmbeddedCandidates
FNDA:19,pickRelevantJobUrls
FNDA:31,(anonymous_3)
FNDA:0,(anonymous_4)
FNDA:9,(anonymous_5)
FNDA:17,(anonymous_6)
FNDA:8,(anonymous_7)
FNDA:8,(anonymous_8)
FNDA:1,(anonymous_9)
FNDA:5,(anonymous_10)
[...]
DA:1479,0
DA:1483,2
DA:1484,0
DA:1487,2
DA:1488,2
DA:1489,2
DA:1491,2
DA:1494,3
DA:1498,2
DA:1499,2
DA:1501,2
DA:1502,5
DA:1503,5
DA:1506,5
DA:1508,5
DA:1509,0
DA:1512,5
DA:1529,75
DA:1531,0
DA:1534,5
DA:1535,5
DA:1537,5
DA:1538,5
DA:1539,5
DA:1543,5
DA:1545,0
DA:1548,5
DA:1549,0
DA:1552,5
DA:1553,1
DA:1556,4
DA:1573,43
DA:1574,4
DA:1576,4
DA:1577,0
DA:1580,4
DA:1588,2
DA:1599,50
DA:1600,50
DA:1602,50
DA:1603,0
DA:1606,50
DA:1614,14
DA:1616,14
DA:1617,50
DA:1618,50
DA:1619,0
DA:1622,50
DA:1623,50
DA:1624,18
DA:1628,14
DA:1632,2
DA:1635,2
DA:1636,0
DA:1639,2
DA:1642,2
DA:1643,2
DA:1646,0
DA:1649,2
DA:1650,0
DA:1653,0
DA:1657,4
DA:1658,0
DA:1661,4
DA:1662,4
DA:1670,2
DA:1672,1
DA:1682,0
DA:1691,0
DA:1702,1
DA:1717,2
DA:1725,4
DA:1726,4
DA:1728,4
DA:1730,22
DA:1731,22
DA:1733,0
DA:1736,22
DA:1737,4
DA:1738,0
DA:1740,4
DA:1741,2
DA:1744,2
DA:1747,4
DA:1748,0
DA:1751,2
DA:1752,2
DA:1756,4
DA:1760,16
DA:1761,16
DA:1762,16
DA:1763,0
DA:1766,16
DA:1767,16
DA:1768,16
DA:1787,16
DA:1788,1
DA:1791,15
DA:1792,0
DA:1795,15
DA:1800,0
DA:1803,15
DA:1807,0
DA:1810,15
DA:1815,14
DA:1817,1
DA:1820,14
DA:1822,0
DA:1827,39
DA:1828,429
DA:1829,429
DA:1834,2
DA:1838,17
DA:1839,17
DA:1840,17
DA:1841,17
DA:1842,17
DA:1844,17
DA:1845,11
DA:1848,6
DA:1853,0
DA:1856,6
DA:1857,3
DA:1860,3
DA:1861,1
DA:1864,2
DA:1865,2
DA:1866,1
DA:1869,1
DA:1872,0
DA:1873,0
DA:1876,0
DA:1880,45
DA:1881,45
DA:1882,0
DA:1885,677
DA:1889,92
DA:1890,92
DA:1891,0
DA:1894,1617
DA:1901,21
DA:1908,21
DA:1909,4
DA:1912,17
DA:1913,17
DA:1914,17
DA:1917,17
DA:1918,17
DA:1919,17
DA:1923,0
DA:1924,0
DA:1925,0
DA:1927,0
DA:1928,0
DA:1932,0
DA:1936,0
DA:1938,0
DA:1939,0
DA:1943,12
DA:1947,24
DA:2006,19
DA:2007,19
DA:2008,16
DA:2011,9
DA:2015,3
DA:2016,4
DA:2019,3
DA:2020,1
DA:2023,2
DA:2024,7
DA:2025,5
DA:2032,19
DA:2033,16
DA:2036,3
DA:2037,4
DA:2050,4
DA:2051,0
DA:2054,4
DA:2055,1
DA:2057,3
DA:2058,0
DA:2060,3
DA:2061,0
DA:2063,3
DA:2067,19
DA:2069,1
DA:2071,2
DA:2073,0
DA:2075,16
DA:2080,25
DA:2081,25
DA:2082,0
DA:2085,25
DA:2086,0
DA:2089,25
DA:2093,10
DA:2096,15
DA:2097,0
DA:2100,15
DA:2103,15
DA:2104,8
DA:2107,7
DA:2110,7
DA:2111,0
DA:2114,7
DA:2115,0
DA:2118,7
DA:2119,0
DA:2122,7
DA:2126,8
DA:2127,8
DA:2128,0
DA:2131,8
DA:2132,8
DA:2133,0
DA:2135,8
DA:2136,7
DA:2138,1
DA:2139,1
DA:2141,0
DA:2142,0
DA:2144,0
DA:2150,8
DA:2152,8
DA:2154,7
DA:2155,7
DA:2160,3
DA:2162,7
DA:2163,1
DA:2165,7
DA:2166,1
DA:2168,7
DA:2172,1
DA:2173,1
DA:2176,1
DA:2178,1
DA:2179,0
DA:2181,1
DA:2182,0
DA:2184,1
DA:2188,0
DA:2189,0
DA:2191,0
DA:2192,0
DA:2194,0
LF:596
LH:396
BRDA:87,0,0,0
BRDA:87,0,1,3
BRDA:87,0,2,0
BRDA:87,0,3,6
BRDA:87,0,4,1
BRDA:87,0,5,1
BRDA:87,0,6,2
BRDA:87,0,7,0
BRDA:391,1,0,2
BRDA:391,1,1,0
BRDA:393,2,0,0
BRDA:393,2,1,0
BRDA:393,3,0,0
BRDA:393,3,1,0
BRDA:393,3,2,0
BRDA:401,4,0,0
BRDA:401,4,1,2
BRDA:401,5,0,2
BRDA:401,5,1,2
BRDA:429,6,0,2
BRDA:429,6,1,0
BRDA:429,6,2,0
BRDA:429,6,3,0
BRDA:434,7,0,2
BRDA:434,7,1,0
BRDA:438,8,0,2
BRDA:438,8,1,0
BRDA:440,9,0,2
BRDA:440,9,1,0
BRDA:459,10,0,19
BRDA:460,11,0,19
BRDA:467,12,0,16
BRDA:467,12,1,3
BRDA:469,13,0,19
BRDA:469,13,1,1
BRDA:469,13,2,1
BRDA:472,14,0,0
BRDA:472,14,1,19
BRDA:478,15,0,5
BRDA:478,15,1,14
BRDA:478,16,0,19
BRDA:478,16,1,17
BRDA:484,17,0,0
BRDA:484,17,1,19
BRDA:484,18,0,19
BRDA:484,18,1,0
BRDA:488,19,0,15
BRDA:488,19,1,4
BRDA:490,20,0,15
BRDA:490,20,1,0
BRDA:495,21,0,2
BRDA:495,21,1,2
BRDA:495,22,0,4
BRDA:495,22,1,3
BRDA:509,23,0,1
BRDA:509,23,1,0
BRDA:509,23,2,0
BRDA:515,24,0,0
BRDA:515,24,1,19
BRDA:542,25,0,0
BRDA:542,25,1,0
BRDA:542,26,0,0
BRDA:542,26,1,0
BRDA:546,27,0,0
BRDA:546,27,1,0
BRDA:553,28,0,0
BRDA:553,28,1,0
BRDA:563,29,0,0
BRDA:563,29,1,0
BRDA:572,30,0,44
BRDA:574,31,0,0
BRDA:574,31,1,44
BRDA:582,32,0,0
BRDA:582,32,1,44
BRDA:598,33,0,0
BRDA:598,33,1,44
BRDA:598,34,0,44
BRDA:598,34,1,44
BRDA:602,35,0,2
BRDA:602,35,1,10
BRDA:602,35,2,0
BRDA:602,35,3,12
BRDA:602,35,4,3
BRDA:602,35,5,9
BRDA:602,35,6,17
BRDA:602,35,7,0
BRDA:605,36,0,2
BRDA:605,36,1,0
BRDA:605,36,2,0
BRDA:614,37,0,6
BRDA:614,37,1,4
BRDA:615,38,0,3
BRDA:615,38,1,1
BRDA:618,39,0,1
BRDA:618,39,1,0
BRDA:619,40,0,1
BRDA:619,40,1,0
BRDA:619,40,2,0
BRDA:619,40,3,0
BRDA:619,40,4,0
BRDA:619,40,5,0
BRDA:630,41,0,0
BRDA:630,41,1,0
BRDA:633,42,0,0
BRDA:633,42,1,0
BRDA:634,43,0,0
BRDA:634,43,1,0
BRDA:637,44,0,0
BRDA:637,44,1,0
BRDA:638,45,0,0
BRDA:638,45,1,0
BRDA:639,46,0,0
BRDA:639,46,1,0
BRDA:647,47,0,0
BRDA:647,47,1,0
BRDA:647,48,0,0
BRDA:647,48,1,0
BRDA:656,49,0,0
BRDA:656,49,1,0
BRDA:657,50,0,0
BRDA:657,50,1,0
BRDA:660,51,0,0
BRDA:660,51,1,0
BRDA:662,52,0,0
BRDA:662,52,1,0
BRDA:663,53,0,0
BRDA:663,53,1,0
BRDA:663,53,2,0
BRDA:673,54,0,0
BRDA:673,54,1,0
BRDA:673,55,0,0
BRDA:673,55,1,0
BRDA:681,56,0,2
BRDA:681,56,1,10
BRDA:682,57,0,12
BRDA:682,57,1,12
BRDA:682,57,2,10
BRDA:682,57,3,10
BRDA:682,57,4,10
BRDA:682,57,5,10
BRDA:682,57,6,10
BRDA:682,57,7,10
BRDA:694,58,0,7
BRDA:694,58,1,3
BRDA:695,59,0,10
BRDA:695,59,1,3
BRDA:695,59,2,3
BRDA:695,59,3,3
BRDA:695,59,4,3
BRDA:695,59,5,3
BRDA:695,59,6,3
BRDA:695,59,7,3
BRDA:707,60,0,2
BRDA:707,60,1,1
BRDA:711,61,0,1
BRDA:711,61,1,0
BRDA:712,62,0,1
BRDA:712,62,1,0
BRDA:713,63,0,1
BRDA:713,63,1,1
BRDA:713,63,2,1
BRDA:713,63,3,0
BRDA:724,64,0,0
BRDA:724,64,1,0
BRDA:724,65,0,0
BRDA:724,65,1,0
BRDA:732,66,0,0
BRDA:732,66,1,0
BRDA:740,67,0,2
BRDA:740,67,1,1
BRDA:744,68,0,0
BRDA:744,68,1,1
BRDA:745,69,0,1
BRDA:745,69,1,1
BRDA:751,70,0,1
BRDA:751,70,1,0
BRDA:752,71,0,1
BRDA:752,71,1,0
BRDA:752,71,2,0
BRDA:752,71,3,0
BRDA:752,71,4,0
BRDA:752,71,5,0
BRDA:752,71,6,0
BRDA:752,71,7,0
BRDA:752,71,8,0
BRDA:772,72,0,0
BRDA:772,72,1,17
BRDA:775,73,0,2
BRDA:775,73,1,15
BRDA:778,74,0,4
BRDA:778,74,1,11
BRDA:785,75,0,1
BRDA:785,75,1,10
BRDA:808,76,0,10
BRDA:808,76,1,0
BRDA:813,77,0,10
BRDA:813,77,1,0
BRDA:818,78,0,10
BRDA:818,78,1,4
BRDA:819,79,0,14
BRDA:819,79,1,10
BRDA:819,79,2,10
BRDA:827,80,0,0
BRDA:827,80,1,0
BRDA:832,81,0,0
BRDA:832,81,1,0
BRDA:838,82,0,0
BRDA:838,82,1,0
BRDA:841,83,0,0
BRDA:841,83,1,0
BRDA:842,84,0,0
BRDA:842,84,1,17
BRDA:847,85,0,0
BRDA:847,85,1,0
BRDA:848,86,0,0
BRDA:848,86,1,0
BRDA:848,87,0,0
BRDA:848,87,1,0
BRDA:862,88,0,0
BRDA:862,88,1,0
BRDA:864,89,0,17
BRDA:864,89,1,0
BRDA:864,89,2,0
BRDA:868,90,0,0
BRDA:868,90,1,17
BRDA:869,91,0,17
BRDA:869,91,1,0
BRDA:869,91,2,0
BRDA:869,91,3,0
BRDA:891,92,0,0
BRDA:891,92,1,15
BRDA:982,93,0,4
BRDA:982,93,1,11
BRDA:982,94,0,15
BRDA:982,94,1,4
BRDA:986,95,0,0
BRDA:986,95,1,11
BRDA:986,96,0,11
BRDA:986,96,1,0
BRDA:995,97,0,13
BRDA:995,97,1,81
BRDA:1000,98,0,1
BRDA:1000,98,1,80
BRDA:1039,99,0,0
BRDA:1039,99,1,3
BRDA:1044,100,0,0
BRDA:1044,100,1,3
BRDA:1077,101,0,2
BRDA:1081,102,0,1
BRDA:1081,102,1,1
BRDA:1097,103,0,2
BRDA:1097,103,1,10
BRDA:1101,104,0,0
BRDA:1101,104,1,10
BRDA:1110,105,0,2
BRDA:1110,105,1,8
BRDA:1110,106,0,10
BRDA:1110,106,1,8
BRDA:1114,107,0,4
BRDA:1114,107,1,4
BRDA:1114,108,0,8
BRDA:1114,108,1,5
BRDA:1114,108,2,4
BRDA:1122,109,0,10
BRDA:1122,109,1,3
BRDA:1170,110,0,31
BRDA:1170,110,1,0
BRDA:1179,111,0,31
BRDA:1179,111,1,0
BRDA:1180,112,0,31
BRDA:1180,112,1,0
BRDA:1180,112,2,0
BRDA:1180,112,3,0
BRDA:1186,113,0,0
BRDA:1186,113,1,0
BRDA:1189,114,0,0
BRDA:1189,114,1,0
BRDA:1192,115,0,31
BRDA:1192,115,1,0
BRDA:1192,115,2,0
BRDA:1194,116,0,7
BRDA:1194,116,1,24
BRDA:1196,117,0,0
BRDA:1196,117,1,7
BRDA:1202,118,0,0
BRDA:1202,118,1,24
BRDA:1202,119,0,24
BRDA:1202,119,1,24
BRDA:1202,119,2,24
BRDA:1206,120,0,0
BRDA:1206,120,1,24
BRDA:1223,121,0,16
BRDA:1223,121,1,0
BRDA:1223,121,2,0
BRDA:1226,122,0,0
BRDA:1226,122,1,16
BRDA:1257,123,0,0
BRDA:1257,123,1,0
BRDA:1262,124,0,0
BRDA:1262,124,1,0
BRDA:1264,125,0,0
BRDA:1264,125,1,0
BRDA:1265,126,0,0
BRDA:1265,126,1,0
BRDA:1267,127,0,0
BRDA:1267,127,1,0
BRDA:1271,128,0,0
BRDA:1271,128,1,0
BRDA:1271,128,2,0
BRDA:1272,129,0,0
BRDA:1272,129,1,0
BRDA:1285,130,0,0
BRDA:1285,130,1,0
BRDA:1285,131,0,0
BRDA:1285,131,1,0
BRDA:1290,132,0,0
BRDA:1290,132,1,0
BRDA:1290,132,2,0
BRDA:1296,133,0,0
BRDA:1296,133,1,0
BRDA:1296,133,2,0
BRDA:1298,134,0,0
BRDA:1298,134,1,0
BRDA:1298,135,0,0
BRDA:1298,135,1,0
BRDA:1311,136,0,0
BRDA:1311,136,1,0
BRDA:1319,137,0,0
BRDA:1319,137,1,0
BRDA:1320,138,0,0
BRDA:1320,138,1,0
BRDA:1320,138,2,0
BRDA:1321,139,0,0
BRDA:1321,139,1,0
BRDA:1321,140,0,0
BRDA:1321,140,1,0
BRDA:1343,141,0,2
BRDA:1343,141,1,2
BRDA:1343,141,2,0
BRDA:1343,141,3,0
BRDA:1343,141,4,0
BRDA:1349,142,0,0
BRDA:1349,142,1,2
BRDA:1349,143,0,2
BRDA:1349,143,1,2
BRDA:1353,144,0,0
BRDA:1353,144,1,2
BRDA:1355,145,0,0
BRDA:1355,145,1,0
BRDA:1355,145,2,0
BRDA:1361,146,0,0
BRDA:1361,146,1,0
BRDA:1361,146,2,0
BRDA:1362,147,0,0
BRDA:1362,147,1,0
BRDA:1370,148,0,2
BRDA:1370,148,1,0
BRDA:1374,149,0,2
BRDA:1374,149,1,0
BRDA:1374,149,2,0
BRDA:1376,150,0,2
BRDA:1376,150,1,0
BRDA:1391,151,0,6
BRDA:1391,151,1,0
BRDA:1396,152,0,0
BRDA:1396,152,1,0
BRDA:1398,153,0,0
BRDA:1398,153,1,0
BRDA:1398,153,2,0
BRDA:1402,154,0,0
BRDA:1402,154,1,0
BRDA:1402,155,0,0
BRDA:1402,155,1,0
BRDA:1402,155,2,0
BRDA:1406,156,0,0
BRDA:1406,156,1,0
BRDA:1428,157,0,0
BRDA:1428,157,1,0
BRDA:1428,157,2,0
BRDA:1428,157,3,0
BRDA:1428,157,4,0
BRDA:1428,157,5,0
BRDA:1428,157,6,0
BRDA:1428,157,7,0
BRDA:1428,157,8,0
BRDA:1428,157,9,0
BRDA:1428,157,10,0
BRDA:1428,157,11,0
BRDA:1428,157,12,0
BRDA:1428,157,13,0
BRDA:1428,157,14,0
BRDA:1443,158,0,0
BRDA:1443,158,1,0
BRDA:1462,159,0,2
BRDA:1462,159,1,0
BRDA:1463,160,0,2
BRDA:1463,160,1,0
BRDA:1464,161,0,0
BRDA:1464,161,1,2
BRDA:1469,162,0,2
BRDA:1469,162,1,0
BRDA:1475,163,0,0
BRDA:1475,163,1,0
BRDA:1476,164,0,2
BRDA:1476,164,1,0
BRDA:1476,164,2,0
BRDA:1478,165,0,0
BRDA:1478,165,1,2
BRDA:1483,166,0,0
BRDA:1483,166,1,2
BRDA:1502,167,0,5
BRDA:1502,167,1,0
BRDA:1504,168,0,5
BRDA:1504,168,1,0
BRDA:1504,168,2,0
BRDA:1508,169,0,0
BRDA:1508,169,1,5
BRDA:1508,170,0,5
BRDA:1508,170,1,5
BRDA:1508,170,2,5
BRDA:1512,171,0,0
BRDA:1512,171,1,5
BRDA:1540,172,0,5
BRDA:1540,172,1,3
BRDA:1540,172,2,3
BRDA:1548,173,0,0
BRDA:1548,173,1,5
BRDA:1548,174,0,5
BRDA:1548,174,1,3
BRDA:1552,175,0,1
BRDA:1552,175,1,4
BRDA:1552,176,0,5
BRDA:1552,176,1,4
BRDA:1576,177,0,0
BRDA:1576,177,1,4
BRDA:1576,178,0,4
BRDA:1576,178,1,3
BRDA:1576,178,2,1
BRDA:1602,179,0,0
BRDA:1602,179,1,50
BRDA:1602,180,0,50
BRDA:1602,180,1,50
BRDA:1618,181,0,0
BRDA:1618,181,1,50
BRDA:1618,182,0,50
BRDA:1618,182,1,50
BRDA:1618,182,2,50
BRDA:1623,183,0,18
BRDA:1623,183,1,32
BRDA:1623,184,0,50
BRDA:1623,184,1,32
BRDA:1635,185,0,0
BRDA:1635,185,1,2
BRDA:1642,186,0,2
BRDA:1642,186,1,0
BRDA:1646,187,0,0
BRDA:1646,187,1,0
BRDA:1649,188,0,0
BRDA:1649,188,1,2
BRDA:1657,189,0,0
BRDA:1657,189,1,4
BRDA:1663,190,0,4
BRDA:1663,190,1,4
BRDA:1663,190,2,4
BRDA:1670,191,0,1
BRDA:1670,191,1,0
BRDA:1670,191,2,0
BRDA:1670,191,3,1
BRDA:1737,192,0,0
BRDA:1737,192,1,4
BRDA:1740,193,0,2
BRDA:1740,193,1,2
BRDA:1744,194,0,2
BRDA:1744,194,1,0
BRDA:1744,194,2,0
BRDA:1747,195,0,0
BRDA:1747,195,1,4
BRDA:1747,196,0,4
BRDA:1747,196,1,2
BRDA:1747,196,2,2
BRDA:1762,197,0,0
BRDA:1762,197,1,16
BRDA:1787,198,0,1
BRDA:1787,198,1,15
BRDA:1791,199,0,0
BRDA:1791,199,1,15
BRDA:1795,200,0,0
BRDA:1795,200,1,15
BRDA:1796,201,0,15
BRDA:1796,201,1,15
BRDA:1796,201,2,15
BRDA:1803,202,0,0
BRDA:1803,202,1,15
BRDA:1804,203,0,15
BRDA:1804,203,1,8
BRDA:1805,204,0,8
BRDA:1805,204,1,0
BRDA:1810,205,0,1
BRDA:1810,205,1,14
BRDA:1811,206,0,15
BRDA:1811,206,1,12
BRDA:1811,206,2,12
BRDA:1829,207,0,429
BRDA:1829,207,1,0
BRDA:1841,208,0,17
BRDA:1841,208,1,0
BRDA:1844,209,0,11
BRDA:1844,209,1,6
BRDA:1844,210,0,17
BRDA:1844,210,1,6
BRDA:1848,211,0,0
BRDA:1848,211,1,6
BRDA:1849,212,0,6
BRDA:1849,212,1,6
BRDA:1849,212,2,6
BRDA:1856,213,0,3
BRDA:1856,213,1,3
BRDA:1860,214,0,1
BRDA:1860,214,1,2
BRDA:1861,215,0,1
BRDA:1861,215,1,1
BRDA:1861,215,2,0
BRDA:1864,216,0,2
BRDA:1864,216,1,0
BRDA:1865,217,0,1
BRDA:1865,217,1,1
BRDA:1869,218,0,1
BRDA:1869,218,1,0
BRDA:1869,218,2,0
BRDA:1872,219,0,0
BRDA:1872,219,1,0
BRDA:1876,220,0,0
BRDA:1876,220,1,0
BRDA:1881,221,0,0
BRDA:1881,221,1,45
BRDA:1890,222,0,0
BRDA:1890,222,1,92
BRDA:1902,223,0,21
BRDA:1902,223,1,0
BRDA:1902,223,2,0
BRDA:1902,223,3,0
BRDA:1908,224,0,4
BRDA:1908,224,1,17
BRDA:1908,225,0,21
BRDA:1908,225,1,21
BRDA:1908,225,2,7
BRDA:1913,226,0,17
BRDA:1913,226,1,0
BRDA:1917,227,0,17
BRDA:1917,227,1,0
BRDA:1918,228,0,17
BRDA:1918,228,1,0
BRDA:1918,229,0,17
BRDA:1918,229,1,17
BRDA:1924,230,0,0
BRDA:1924,230,1,0
BRDA:1924,231,0,0
BRDA:1924,231,1,0
BRDA:1927,232,0,0
BRDA:1927,232,1,0
BRDA:1939,233,0,0
BRDA:1939,233,1,0
BRDA:1943,234,0,11
BRDA:1943,234,1,1
BRDA:2007,235,0,16
BRDA:2007,235,1,3
BRDA:2019,236,0,1
BRDA:2019,236,1,2
BRDA:2024,237,0,7
BRDA:2024,237,1,7
BRDA:2032,238,0,16
BRDA:2032,238,1,3
BRDA:2050,239,0,0
BRDA:2050,239,1,4
BRDA:2054,240,0,1
BRDA:2054,240,1,3
BRDA:2054,241,0,4
BRDA:2054,241,1,1
BRDA:2057,242,0,0
BRDA:2057,242,1,3
BRDA:2060,243,0,0
BRDA:2060,243,1,3
BRDA:2067,244,0,1
BRDA:2067,244,1,2
BRDA:2067,244,2,0
BRDA:2067,244,3,16
BRDA:2081,245,0,0
BRDA:2081,245,1,25
BRDA:2085,246,0,0
BRDA:2085,246,1,25
BRDA:2089,247,0,10
BRDA:2089,247,1,15
BRDA:2090,248,0,25
BRDA:2090,248,1,15
BRDA:2096,249,0,0
BRDA:2096,249,1,15
BRDA:2103,250,0,8
BRDA:2103,250,1,7
BRDA:2110,251,0,0
BRDA:2110,251,1,7
BRDA:2114,252,0,0
BRDA:2114,252,1,7
BRDA:2118,253,0,0
BRDA:2118,253,1,7
BRDA:2127,254,0,0
BRDA:2127,254,1,8
BRDA:2127,255,0,8
BRDA:2127,255,1,8
BRDA:2132,256,0,0
BRDA:2132,256,1,8
BRDA:2132,257,0,8
BRDA:2132,257,1,8
BRDA:2132,257,2,8
BRDA:2132,257,3,8
BRDA:2132,257,4,8
BRDA:2135,258,0,7
BRDA:2135,258,1,1
BRDA:2135,259,0,8
BRDA:2135,259,1,8
BRDA:2135,259,2,8
BRDA:2138,260,0,1
BRDA:2138,260,1,0
BRDA:2138,261,0,1
BRDA:2138,261,1,1
BRDA:2138,261,2,0
BRDA:2141,262,0,0
BRDA:2141,262,1,0
BRDA:2141,263,0,0
BRDA:2141,263,1,0
BRDA:2141,263,2,0
BRDA:2141,263,3,0
BRDA:2152,264,0,7
BRDA:2152,264,1,1
BRDA:2152,264,2,0
BRDA:2155,265,0,3
BRDA:2155,265,1,4
BRDA:2162,266,0,1
BRDA:2162,266,1,6
BRDA:2165,267,0,1
BRDA:2165,267,1,6
BRDA:2173,268,0,1
BRDA:2173,268,1,0
BRDA:2178,269,0,0
BRDA:2178,269,1,1
BRDA:2181,270,0,0
BRDA:2181,270,1,1
BRDA:2188,271,0,0
BRDA:2188,271,1,0
BRDA:2191,272,0,0
BRDA:2191,272,1,0
BRF:650
BRH:327
end_of_record
TN:
SF:src\content\pdfWorker.ts
FN:9,ensurePdfJsWorkerPort
FN:17,getSharedPdfWorkerPort
FN:29,getBundledExtensionAssetUrl
FN:41,resetPdfJsWorkerPortForTests
FNF:4
FNH:4
FNDA:3,ensurePdfJsWorkerPort
FNDA:2,getSharedPdfWorkerPort
FNDA:2,getBundledExtensionAssetUrl
FNDA:3,resetPdfJsWorkerPortForTests
DA:7,2
DA:10,3
DA:11,1
DA:14,2
DA:18,2
DA:26,2
DA:30,2
DA:31,2
DA:33,2
DA:34,0
DA:37,2
DA:38,2
DA:42,3
LF:13
LH:12
BRDA:10,0,0,1
BRDA:10,0,1,2
BRDA:10,1,0,3
BRDA:10,1,1,3
BRDA:31,2,0,2
BRDA:31,2,1,0
BRDA:33,3,0,0
BRDA:33,3,1,2
BRF:8
BRH:6
end_of_record
TN:
SF:src\content\progression.ts
FN:20,waitForReadyProgressionAction
FN:38,handleProgressionAction
FN:93,waitForFormContentChange
FN:104,(anonymous_3)
FN:113,isFieldBlank
FNF:5
FNH:5
FNDA:2,waitForReadyProgressionAction
FNDA:5,handleProgressionAction
FNDA:3,waitForFormContentChange
FNDA:4,(anonymous_3)
FNDA:1,isFieldBlank
DA:24,2
DA:26,2
DA:27,5
DA:28,5
DA:29,1
DA:32,4
DA:35,1
DA:50,5
DA:52,5
DA:53,5
DA:55,5
DA:56,1
DA:57,1
DA:60,4
DA:64,4
DA:65,4
DA:66,4
DA:68,4
DA:69,1
DA:70,1
DA:74,1
DA:77,0
DA:78,0
DA:81,3
DA:82,3
DA:86,2
DA:89,1
DA:90,1
DA:96,3
DA:97,3
DA:98,25
DA:99,25
DA:100,25
DA:101,0
DA:104,25
DA:105,4
DA:107,25
DA:108,1
DA:114,1
DA:115,1
DA:116,0
DA:118,1
DA:119,1
DA:121,0
DA:124,0
DA:125,0
DA:128,0
LF:47
LH:39
BRDA:28,0,0,1
BRDA:28,0,1,4
BRDA:55,1,0,1
BRDA:55,1,1,4
BRDA:66,2,0,2
BRDA:66,2,1,2
BRDA:66,3,0,4
BRDA:66,3,1,2
BRDA:68,4,0,1
BRDA:68,4,1,3
BRDA:70,5,0,1
BRDA:70,5,1,0
BRDA:71,6,0,1
BRDA:71,6,1,1
BRDA:82,7,0,2
BRDA:82,7,1,1
BRDA:83,8,0,3
BRDA:83,8,1,1
BRDA:100,9,0,0
BRDA:100,9,1,25
BRDA:105,10,0,4
BRDA:105,10,1,1
BRDA:107,11,0,1
BRDA:107,11,1,24
BRDA:114,12,0,1
BRDA:114,12,1,0
BRDA:115,13,0,0
BRDA:115,13,1,1
BRDA:115,14,0,1
BRDA:115,14,1,1
BRDA:118,15,0,1
BRDA:118,15,1,0
BRDA:124,16,0,0
BRDA:124,16,1,0
BRF:34
BRH:27
end_of_record
TN:
SF:src\content\resumeUpload.ts
FN:8,getSelectedFileName
FN:23,shouldAttemptResumeUpload
FN:54,getResumeAssetUploadKey
FN:64,normalizeFileName
FN:68,inferResumeKindFromLabel
FN:91,resolveResumeKindForJob
FN:105,pickResumeAssetForUpload
FN:124,(anonymous_7)
FN:125,(anonymous_8)
FN:126,(anonymous_9)
FN:135,getResumeFallbackOrder
FNF:11
FNH:11
FNDA:8,getSelectedFileName
FNDA:7,shouldAttemptResumeUpload
FNDA:1,getResumeAssetUploadKey
FNDA:11,normalizeFileName
FNDA:6,inferResumeKindFromLabel
FNDA:4,resolveResumeKindForJob
FNDA:3,pickResumeAssetForUpload
FNDA:3,(anonymous_7)
FNDA:3,(anonymous_8)
FNDA:1,(anonymous_9)
FNDA:2,getResumeFallbackOrder
DA:9,8
DA:10,8
DA:11,5
DA:14,3
DA:15,3
DA:16,2
DA:19,1
DA:20,1
DA:31,7
DA:32,1
DA:35,6
DA:36,1
DA:39,5
DA:40,5
DA:42,5
DA:48,2
DA:51,3
DA:57,1
DA:65,11
DA:71,6
DA:72,6
DA:73,1
DA:76,5
DA:77,1
DA:80,4
DA:81,2
DA:84,2
DA:85,1
DA:88,1
DA:96,4
DA:98,4
DA:109,3
DA:110,0
DA:113,3
DA:114,2
DA:115,3
DA:116,3
DA:117,2
DA:120,0
DA:123,1
DA:124,3
DA:125,3
DA:128,1
DA:132,1
DA:138,2
DA:140,1
DA:142,1
DA:144,0
LF:48
LH:45
BRDA:10,0,0,5
BRDA:10,0,1,3
BRDA:15,1,0,2
BRDA:15,1,1,1
BRDA:20,2,0,1
BRDA:20,2,1,0
BRDA:27,3,0,7
BRDA:28,4,0,7
BRDA:29,5,0,7
BRDA:31,6,0,1
BRDA:31,6,1,6
BRDA:35,7,0,1
BRDA:35,7,1,5
BRDA:35,8,0,6
BRDA:35,8,1,2
BRDA:42,9,0,2
BRDA:42,9,1,3
BRDA:43,10,0,5
BRDA:43,10,1,2
BRDA:43,10,2,2
BRDA:43,10,3,2
BRDA:71,11,0,6
BRDA:71,11,1,1
BRDA:72,12,0,1
BRDA:72,12,1,5
BRDA:76,13,0,1
BRDA:76,13,1,4
BRDA:80,14,0,2
BRDA:80,14,1,2
BRDA:84,15,0,1
BRDA:84,15,1,1
BRDA:99,16,0,4
BRDA:99,16,1,2
BRDA:99,16,2,1
BRDA:101,17,0,1
BRDA:101,17,1,0
BRDA:109,18,0,0
BRDA:109,18,1,3
BRDA:113,19,0,2
BRDA:113,19,1,1
BRDA:116,20,0,2
BRDA:116,20,1,1
BRDA:124,21,0,3
BRDA:124,21,1,1
BRDA:128,22,0,1
BRDA:128,22,1,0
BRDA:132,23,0,1
BRDA:132,23,1,0
BRDA:138,24,0,1
BRDA:138,24,1,1
BRDA:138,24,2,0
BRF:51
BRH:45
end_of_record
TN:
SF:src\content\sitePatterns.ts
FN:135,includesAnyToken
FN:139,(anonymous_1)
FN:142,hasKnownAtsHost
FN:146,hasJobDetailAtsUrl
FN:150,buildHrefContainsSelectors
FN:153,(anonymous_5)
FNF:6
FNH:6
FNDA:49,includesAnyToken
FNDA:435,(anonymous_1)
FNDA:25,hasKnownAtsHost
FNDA:17,hasJobDetailAtsUrl
FNDA:5,buildHrefContainsSelectors
FNDA:50,(anonymous_5)
DA:1,7
DA:18,7
DA:25,7
DA:33,7
DA:46,7
DA:51,7
DA:59,7
DA:75,7
DA:92,7
DA:103,7
DA:116,7
DA:139,435
DA:143,25
DA:147,17
DA:153,50
LF:15
LH:15
BRF:0
BRH:0
end_of_record
TN:
SF:src\content\text.ts
FN:4,cleanText
FN:15,truncateText
FN:35,normalizeChoiceText
FN:47,cssEscape
FN:61,extractNumber
FN:76,textSimilarity
FN:111,looksLikeQuestion
FN:150,(anonymous_7)
FN:154,extractEmail
FN:164,extractPhone
FN:177,extractUrl
FNF:11
FNH:11
FNDA:608,cleanText
FNDA:6,truncateText
FNDA:3537,normalizeChoiceText
FNDA:51,cssEscape
FNDA:1,extractNumber
FNDA:47,textSimilarity
FNDA:4,looksLikeQuestion
FNDA:41,(anonymous_7)
FNDA:1,extractEmail
FNDA:1,extractPhone
FNDA:1,extractUrl
DA:5,608
DA:6,88
DA:9,520
DA:16,6
DA:17,0
DA:20,6
DA:21,5
DA:25,1
DA:26,1
DA:28,1
DA:29,0
DA:32,1
DA:36,3537
DA:37,7
DA:40,3530
DA:48,51
DA:49,0
DA:52,51
DA:53,0
DA:57,51
DA:62,1
DA:63,0
DA:66,1
DA:67,1
DA:68,0
DA:71,1
DA:72,1
DA:77,47
DA:78,0
DA:81,47
DA:82,47
DA:84,47
DA:85,1
DA:88,46
DA:89,5
DA:93,41
DA:94,41
DA:96,41
DA:97,0
DA:100,41
DA:101,41
DA:102,212
DA:103,68
DA:107,41
DA:112,4
DA:113,0
DA:116,4
DA:119,4
DA:120,2
DA:124,2
DA:150,41
DA:155,1
DA:156,0
DA:159,1
DA:160,1
DA:165,1
DA:166,0
DA:170,1
DA:173,1
DA:178,1
DA:179,0
DA:182,1
DA:185,1
LF:63
LH:51
BRDA:5,0,0,88
BRDA:5,0,1,520
BRDA:16,1,0,0
BRDA:16,1,1,6
BRDA:20,2,0,5
BRDA:20,2,1,1
BRDA:28,3,0,0
BRDA:28,3,1,1
BRDA:36,4,0,7
BRDA:36,4,1,3530
BRDA:48,5,0,0
BRDA:48,5,1,51
BRDA:52,6,0,0
BRDA:52,6,1,51
BRDA:52,7,0,51
BRDA:52,7,1,0
BRDA:62,8,0,0
BRDA:62,8,1,1
BRDA:67,9,0,0
BRDA:67,9,1,1
BRDA:72,10,0,1
BRDA:72,10,1,0
BRDA:77,11,0,0
BRDA:77,11,1,47
BRDA:77,12,0,47
BRDA:77,12,1,47
BRDA:84,13,0,1
BRDA:84,13,1,46
BRDA:88,14,0,5
BRDA:88,14,1,41
BRDA:88,15,0,46
BRDA:88,15,1,45
BRDA:96,16,0,0
BRDA:96,16,1,41
BRDA:96,17,0,41
BRDA:96,17,1,41
BRDA:102,18,0,68
BRDA:102,18,1,144
BRDA:112,19,0,0
BRDA:112,19,1,4
BRDA:119,20,0,2
BRDA:119,20,1,2
BRDA:155,21,0,0
BRDA:155,21,1,1
BRDA:160,22,0,1
BRDA:160,22,1,0
BRDA:165,23,0,0
BRDA:165,23,1,1
BRDA:173,24,0,1
BRDA:173,24,1,0
BRDA:178,25,0,0
BRDA:178,25,1,1
BRDA:185,26,0,1
BRDA:185,26,1,0
BRF:54
BRH:37
end_of_record
