TN:
SF:src\popup.ts
FN:81,(anonymous_0)
FN:85,(anonymous_1)
FN:89,(anonymous_2)
FN:93,(anonymous_3)
FN:108,(anonymous_4)
FN:114,(anonymous_5)
FN:119,(anonymous_6)
FN:123,(anonymous_7)
FN:127,(anonymous_8)
FN:133,(anonymous_9)
FN:138,(anonymous_10)
FN:144,initialize
FN:161,(anonymous_12)
FN:166,startAutomation
FN:351,refreshStatus
FN:529,getContentStatus
FN:542,sendRuntimeMessageWithRetry
FN:570,updateSiteNameDisplay
FN:583,applyStatus
FN:588,setSettingsStatus
FN:598,saveCurrentSettings
FN:649,clearRememberedAnswers
FN:674,removeRememberedAnswer
FN:708,storeResumeFile
FN:751,populateSettingsForm
FN:782,renderRememberedAnswers
FN:783,(anonymous_26)
FN:823,formatFileSize
FN:831,isBusy
FN:835,readFileAsResumeAsset
FN:850,extractResumeTextFromFile
FN:883,extractPdfResumeText
FN:906,(anonymous_32)
FN:921,extractDocxResumeText
FN:932,extractPrintableTextFromArrayBuffer
FN:947,clampResumeText
FN:955,getFileExtension
FN:960,readFileAsDataUrl
FN:961,(anonymous_38)
FN:963,(anonymous_39)
FN:970,(anonymous_40)
FN:977,createEmptySettings
FN:1004,updateModeUi
FN:1015,updateOverviewPreview
FN:1022,getSelectedSearchMode
FN:1029,getSelectedStartupRegion
FN:1037,getSelectedDatePostedWindow
FN:1045,getStartupRegionLabel
FN:1051,(anonymous_48)
FN:1054,(anonymous_49)
FN:1063,(anonymous_50)
FN:1073,getModePreviewLabel
FN:1080,getRegionPreviewLabel
FN:1087,requireElement
FN:1097,refreshActiveTabContext
FN:1115,findBestActiveTab
FN:1150,(anonymous_56)
FN:1157,(anonymous_57)
FN:1161,getTabUrl
FN:1165,isWebPageTab
FN:1170,delay
FN:1171,(anonymous_61)
FN:1176,truncateText
FNF:63
FNH:39
FNDA:1,(anonymous_0)
FNDA:1,(anonymous_1)
FNDA:1,(anonymous_2)
FNDA:1,(anonymous_3)
FNDA:0,(anonymous_4)
FNDA:0,(anonymous_5)
FNDA:0,(anonymous_6)
FNDA:0,(anonymous_7)
FNDA:0,(anonymous_8)
FNDA:0,(anonymous_9)
FNDA:21,(anonymous_10)
FNDA:6,initialize
FNDA:0,(anonymous_12)
FNDA:1,startAutomation
FNDA:6,refreshStatus
FNDA:5,getContentStatus
FNDA:6,sendRuntimeMessageWithRetry
FNDA:18,updateSiteNameDisplay
FNDA:8,applyStatus
FNDA:14,setSettingsStatus
FNDA:2,saveCurrentSettings
FNDA:1,clearRememberedAnswers
FNDA:1,removeRememberedAnswer
FNDA:0,storeResumeFile
FNDA:10,populateSettingsForm
FNDA:10,renderRememberedAnswers
FNDA:2,(anonymous_26)
FNDA:0,formatFileSize
FNDA:0,isBusy
FNDA:0,readFileAsResumeAsset
FNDA:0,extractResumeTextFromFile
FNDA:0,extractPdfResumeText
FNDA:0,(anonymous_32)
FNDA:0,extractDocxResumeText
FNDA:0,extractPrintableTextFromArrayBuffer
FNDA:0,clampResumeText
FNDA:0,getFileExtension
FNDA:0,readFileAsDataUrl
FNDA:0,(anonymous_38)
FNDA:0,(anonymous_39)
FNDA:0,(anonymous_40)
FNDA:6,createEmptySettings
FNDA:6,updateModeUi
FNDA:18,updateOverviewPreview
FNDA:51,getSelectedSearchMode
FNDA:28,getSelectedStartupRegion
FNDA:2,getSelectedDatePostedWindow
FNDA:8,getStartupRegionLabel
FNDA:32,(anonymous_48)
FNDA:28,(anonymous_49)
FNDA:6,(anonymous_50)
FNDA:18,getModePreviewLabel
FNDA:18,getRegionPreviewLabel
FNDA:216,requireElement
FNDA:13,refreshActiveTabContext
FNDA:13,findBestActiveTab
FNDA:10,(anonymous_56)
FNDA:2,(anonymous_57)
FNDA:32,getTabUrl
FNDA:12,isWebPageTab
FNDA:0,delay
FNDA:0,(anonymous_61)
FNDA:11,truncateText
DA:22,6
DA:24,6
DA:25,6
DA:27,6
DA:28,6
DA:29,6
DA:30,6
DA:31,6
DA:32,6
DA:33,6
DA:34,6
DA:35,6
DA:36,6
DA:37,6
DA:38,6
DA:40,6
DA:41,6
DA:42,6
DA:43,6
DA:44,6
DA:45,6
DA:46,6
DA:47,6
DA:48,6
DA:49,6
DA:50,6
DA:52,6
DA:54,6
DA:56,6
DA:58,6
DA:60,6
DA:62,6
DA:68,6
DA:74,6
DA:75,6
DA:76,6
DA:77,6
DA:79,6
DA:81,6
DA:82,1
DA:85,6
DA:86,1
DA:89,6
DA:90,1
DA:93,6
DA:94,1
DA:95,1
DA:96,0
DA:99,1
DA:100,1
DA:101,1
DA:102,0
DA:105,1
DA:108,6
DA:109,0
DA:110,0
DA:111,0
DA:114,6
DA:115,0
DA:116,0
DA:119,6
DA:120,0
DA:123,6
DA:124,0
DA:127,6
DA:128,0
DA:129,0
DA:132,6
DA:133,18
DA:134,0
DA:138,6
DA:139,21
DA:140,21
DA:145,6
DA:146,6
DA:147,6
DA:148,6
DA:155,6
DA:156,6
DA:157,6
DA:159,6
DA:161,6
DA:162,0
DA:168,1
DA:169,1
DA:171,1
DA:172,1
DA:174,1
DA:175,1
DA:183,1
DA:184,1
DA:193,1
DA:194,0
DA:202,0
DA:203,0
DA:206,1
DA:214,0
DA:225,1
DA:226,1
DA:229,0
DA:230,0
DA:238,0
DA:239,0
DA:248,0
DA:249,0
DA:257,0
DA:258,0
DA:261,0
DA:269,0
DA:280,0
DA:281,0
DA:285,0
DA:286,0
DA:289,0
DA:290,0
DA:293,0
DA:294,0
DA:301,0
DA:302,0
DA:305,0
DA:313,0
DA:314,0
DA:322,0
DA:323,0
DA:331,0
DA:332,0
DA:335,0
DA:344,0
DA:345,0
DA:348,0
DA:352,6
DA:354,6
DA:355,6
DA:357,6
DA:360,6
DA:361,1
DA:362,1
DA:369,1
DA:370,1
DA:375,0
DA:376,0
DA:383,0
DA:388,0
DA:393,0
DA:394,0
DA:395,0
DA:398,0
DA:405,0
DA:406,0
DA:409,5
DA:410,0
DA:411,0
DA:418,0
DA:419,0
DA:423,0
DA:424,0
DA:431,0
DA:436,0
DA:441,0
DA:442,0
DA:443,0
DA:446,0
DA:453,0
DA:454,0
DA:458,5
DA:459,0
DA:462,0
DA:463,0
DA:468,5
DA:469,5
DA:476,5
DA:481,5
DA:486,0
DA:487,0
DA:489,0
DA:493,5
DA:495,5
DA:500,0
DA:501,0
DA:503,0
DA:507,5
DA:508,1
DA:515,1
DA:516,1
DA:519,4
DA:526,4
DA:532,5
DA:533,5
DA:536,5
DA:538,0
DA:548,6
DA:549,6
DA:550,6
DA:551,6
DA:552,6
DA:555,0
DA:558,0
DA:559,0
DA:563,0
DA:564,0
DA:567,0
DA:571,18
DA:572,18
DA:573,3
DA:574,15
DA:575,0
DA:577,15
DA:584,8
DA:585,8
DA:593,14
DA:594,14
DA:595,14
DA:599,2
DA:600,2
DA:602,2
DA:603,2
DA:627,2
DA:628,2
DA:635,2
DA:637,0
DA:645,2
DA:650,1
DA:651,1
DA:653,1
DA:654,1
DA:659,1
DA:660,1
DA:662,0
DA:670,1
DA:675,1
DA:676,1
DA:677,0
DA:680,1
DA:682,1
DA:683,1
DA:684,1
DA:686,1
DA:691,1
DA:692,1
DA:698,0
DA:709,0
DA:710,0
DA:712,0
DA:713,0
DA:716,0
DA:722,0
DA:723,0
DA:724,0
DA:732,0
DA:733,0
DA:739,0
DA:747,0
DA:752,10
DA:753,10
DA:754,10
DA:755,10
DA:756,10
DA:757,10
DA:758,10
DA:759,10
DA:760,10
DA:761,10
DA:762,10
DA:763,10
DA:764,10
DA:765,10
DA:766,10
DA:767,10
DA:768,10
DA:769,10
DA:770,10
DA:772,10
DA:773,30
DA:774,30
DA:779,10
DA:783,10
DA:784,2
DA:787,10
DA:788,10
DA:789,10
DA:790,10
DA:792,10
DA:793,5
DA:794,5
DA:796,5
DA:797,5
DA:799,5
DA:800,5
DA:801,5
DA:803,5
DA:804,5
DA:805,5
DA:807,5
DA:808,5
DA:809,5
DA:810,5
DA:811,5
DA:812,5
DA:817,5
DA:818,5
DA:819,5
DA:824,0
DA:825,0
DA:827,0
DA:828,0
DA:832,0
DA:836,0
DA:840,0
DA:851,0
DA:852,0
DA:854,0
DA:855,0
DA:858,0
DA:859,0
DA:862,0
DA:868,0
DA:871,0
DA:872,0
DA:880,0
DA:884,0
DA:885,0
DA:890,0
DA:891,0
DA:898,0
DA:899,0
DA:901,0
DA:902,0
DA:903,0
DA:904,0
DA:905,0
DA:907,0
DA:912,0
DA:915,0
DA:918,0
DA:922,0
DA:923,0
DA:926,0
DA:929,0
DA:933,0
DA:934,0
DA:936,0
DA:937,0
DA:938,0
DA:940,0
DA:944,0
DA:948,0
DA:956,0
DA:957,0
DA:961,0
DA:962,0
DA:963,0
DA:964,0
DA:965,0
DA:966,0
DA:968,0
DA:970,0
DA:971,0
DA:973,0
DA:978,6
DA:1005,6
DA:1006,6
DA:1012,6
DA:1016,18
DA:1017,18
DA:1023,51
DA:1024,51
DA:1025,40
DA:1026,40
DA:1030,28
DA:1031,28
DA:1032,28
DA:1034,0
DA:1038,2
DA:1039,2
DA:1040,2
DA:1042,0
DA:1046,8
DA:1047,8
DA:1048,8
DA:1049,8
DA:1050,8
DA:1051,32
DA:1052,0
DA:1054,28
DA:1055,2
DA:1057,6
DA:1063,6
DA:1064,6
DA:1066,0
DA:1068,0
DA:1070,0
DA:1074,18
DA:1075,18
DA:1076,14
DA:1077,14
DA:1081,18
DA:1082,18
DA:1083,18
DA:1084,18
DA:1088,216
DA:1089,216
DA:1090,0
DA:1092,216
DA:1098,13
DA:1099,13
DA:1101,13
DA:1102,3
DA:1103,3
DA:1104,3
DA:1107,10
DA:1108,13
DA:1110,0
DA:1111,0
DA:1116,13
DA:1127,13
DA:1128,13
DA:1130,13
DA:1131,26
DA:1132,0
DA:1135,26
DA:1136,20
DA:1137,10
DA:1140,10
DA:1141,10
DA:1145,13
DA:1146,3
DA:1150,10
DA:1151,10
DA:1152,10
DA:1154,10
DA:1157,2
DA:1158,2
DA:1162,32
DA:1166,12
DA:1167,12
DA:1171,0
DA:1172,0
DA:1177,11
DA:1178,11
DA:1179,11
DA:1182,0
LF:441
LH:266
BRDA:95,0,0,0
BRDA:95,0,1,1
BRDA:101,1,0,0
BRDA:101,1,1,1
BRDA:101,2,0,1
BRDA:101,2,1,1
BRDA:139,3,0,21
BRDA:139,3,1,0
BRDA:174,4,0,1
BRDA:174,4,1,0
BRDA:193,5,0,0
BRDA:193,5,1,1
BRDA:198,6,0,0
BRDA:198,6,1,0
BRDA:210,7,0,1
BRDA:210,7,1,0
BRDA:210,8,0,1
BRDA:210,8,1,0
BRDA:218,9,0,0
BRDA:218,9,1,0
BRDA:229,10,0,0
BRDA:229,10,1,0
BRDA:248,11,0,0
BRDA:248,11,1,0
BRDA:253,12,0,0
BRDA:253,12,1,0
BRDA:265,13,0,0
BRDA:265,13,1,0
BRDA:265,14,0,0
BRDA:265,14,1,0
BRDA:273,15,0,0
BRDA:273,15,1,0
BRDA:285,16,0,0
BRDA:285,16,1,0
BRDA:293,17,0,0
BRDA:293,17,1,0
BRDA:322,18,0,0
BRDA:322,18,1,0
BRDA:327,19,0,0
BRDA:327,19,1,0
BRDA:339,20,0,0
BRDA:339,20,1,0
BRDA:355,21,0,4
BRDA:355,21,1,2
BRDA:360,22,0,1
BRDA:360,22,1,5
BRDA:361,23,0,1
BRDA:361,23,1,0
BRDA:388,24,0,0
BRDA:388,24,1,0
BRDA:389,25,0,0
BRDA:389,25,1,0
BRDA:389,25,2,0
BRDA:409,26,0,0
BRDA:409,26,1,5
BRDA:410,27,0,0
BRDA:410,27,1,0
BRDA:436,28,0,0
BRDA:436,28,1,0
BRDA:437,29,0,0
BRDA:437,29,1,0
BRDA:437,29,2,0
BRDA:458,30,0,0
BRDA:458,30,1,5
BRDA:481,31,0,0
BRDA:481,31,1,5
BRDA:482,32,0,5
BRDA:482,32,1,0
BRDA:482,32,2,0
BRDA:488,33,0,0
BRDA:488,33,1,0
BRDA:495,34,0,0
BRDA:495,34,1,5
BRDA:496,35,0,5
BRDA:496,35,1,0
BRDA:496,35,2,0
BRDA:502,36,0,0
BRDA:502,36,1,0
BRDA:507,37,0,1
BRDA:507,37,1,4
BRDA:536,38,0,5
BRDA:536,38,1,5
BRDA:544,39,0,6
BRDA:551,40,0,6
BRDA:551,40,1,0
BRDA:551,41,0,6
BRDA:551,41,1,6
BRDA:558,42,0,0
BRDA:558,42,1,0
BRDA:563,43,0,0
BRDA:563,43,1,0
BRDA:572,44,0,3
BRDA:572,44,1,15
BRDA:574,45,0,0
BRDA:574,45,1,15
BRDA:577,46,0,12
BRDA:577,46,1,3
BRDA:590,47,0,14
BRDA:591,48,0,14
BRDA:595,49,0,7
BRDA:595,49,1,7
BRDA:608,50,0,2
BRDA:608,50,1,0
BRDA:629,51,0,1
BRDA:629,51,1,1
BRDA:638,52,0,0
BRDA:638,52,1,0
BRDA:663,53,0,0
BRDA:663,53,1,0
BRDA:676,54,0,0
BRDA:676,54,1,1
BRDA:699,55,0,0
BRDA:699,55,1,0
BRDA:712,56,0,0
BRDA:712,56,1,0
BRDA:740,57,0,0
BRDA:740,57,1,0
BRDA:774,58,0,0
BRDA:774,58,1,30
BRDA:801,59,0,5
BRDA:801,59,1,0
BRDA:805,60,0,5
BRDA:805,60,1,0
BRDA:814,61,0,5
BRDA:814,61,1,0
BRDA:824,62,0,0
BRDA:824,62,1,0
BRDA:824,63,0,0
BRDA:824,63,1,0
BRDA:832,64,0,0
BRDA:832,64,1,0
BRDA:854,65,0,0
BRDA:854,65,1,0
BRDA:854,66,0,0
BRDA:854,66,1,0
BRDA:858,67,0,0
BRDA:858,67,1,0
BRDA:862,68,0,0
BRDA:862,68,1,0
BRDA:863,69,0,0
BRDA:863,69,1,0
BRDA:863,69,2,0
BRDA:863,69,3,0
BRDA:871,70,0,0
BRDA:871,70,1,0
BRDA:907,71,0,0
BRDA:907,71,1,0
BRDA:907,72,0,0
BRDA:907,72,1,0
BRDA:907,72,2,0
BRDA:908,73,0,0
BRDA:908,73,1,0
BRDA:923,74,0,0
BRDA:923,74,1,0
BRDA:929,75,0,0
BRDA:929,75,1,0
BRDA:937,76,0,0
BRDA:937,76,1,0
BRDA:937,77,0,0
BRDA:937,77,1,0
BRDA:937,77,2,0
BRDA:937,77,3,0
BRDA:937,77,4,0
BRDA:957,78,0,0
BRDA:957,78,1,0
BRDA:964,79,0,0
BRDA:964,79,1,0
BRDA:971,80,0,0
BRDA:971,80,1,0
BRDA:1007,81,0,1
BRDA:1007,81,1,5
BRDA:1009,82,0,0
BRDA:1009,82,1,5
BRDA:1024,83,0,11
BRDA:1024,83,1,40
BRDA:1025,84,0,0
BRDA:1025,84,1,40
BRDA:1031,85,0,28
BRDA:1031,85,1,0
BRDA:1031,86,0,28
BRDA:1031,86,1,28
BRDA:1031,86,2,28
BRDA:1031,86,3,28
BRDA:1039,87,0,2
BRDA:1039,87,1,0
BRDA:1039,88,0,2
BRDA:1039,88,1,2
BRDA:1039,88,2,2
BRDA:1039,88,3,2
BRDA:1047,89,0,8
BRDA:1047,89,1,0
BRDA:1049,90,0,8
BRDA:1049,90,1,0
BRDA:1051,91,0,0
BRDA:1051,91,1,8
BRDA:1054,92,0,2
BRDA:1054,92,1,6
BRDA:1057,93,0,6
BRDA:1057,93,1,0
BRDA:1075,94,0,4
BRDA:1075,94,1,14
BRDA:1076,95,0,0
BRDA:1076,95,1,14
BRDA:1082,96,0,0
BRDA:1082,96,1,18
BRDA:1084,97,0,6
BRDA:1084,97,1,12
BRDA:1089,98,0,0
BRDA:1089,98,1,216
BRDA:1101,99,0,3
BRDA:1101,99,1,10
BRDA:1107,100,0,10
BRDA:1107,100,1,0
BRDA:1131,101,0,0
BRDA:1131,101,1,26
BRDA:1136,102,0,10
BRDA:1136,102,1,10
BRDA:1136,103,0,20
BRDA:1136,103,1,20
BRDA:1145,104,0,3
BRDA:1145,104,1,10
BRDA:1152,105,0,10
BRDA:1152,105,1,10
BRDA:1154,106,0,8
BRDA:1154,106,1,2
BRDA:1158,107,0,2
BRDA:1158,107,1,0
BRDA:1158,107,2,0
BRDA:1162,108,0,32
BRDA:1162,108,1,0
BRDA:1162,108,2,0
BRDA:1167,109,0,12
BRDA:1167,109,1,0
BRDA:1178,110,0,11
BRDA:1178,110,1,0
BRF:235
BRH:92
end_of_record
TN:
SF:src\shared.ts
FN:420,detectSiteFromUrl
FN:460,createStatus
FN:473,createSession
FN:495,getSessionStorageKey
FN:499,getAiRequestStorageKey
FN:503,getAiResponseStorageKey
FN:507,getSiteLabel
FN:514,isJobBoardSite
FN:525,getResumeKindLabel
FN:529,buildSearchTargets
FN:533,(anonymous_10)
FN:540,buildStartupSearchTargets
FN:548,(anonymous_12)
FN:552,(anonymous_13)
FN:559,buildOtherJobSiteTargets
FN:567,(anonymous_15)
FN:569,(anonymous_16)
FN:576,resolveStartupRegion
FN:586,inferStartupRegionFromCountry
FN:637,getJobDedupKey
FN:715,getSpawnDedupKey
FN:730,inferResumeKindFromTitle
FN:745,buildMonsterSearchUrl
FN:753,buildSingleSearchUrl
FN:785,sleep
FN:786,(anonymous_25)
FN:791,isProbablyHumanVerificationPage
FN:802,(anonymous_27)
FN:812,(anonymous_28)
FN:838,hasLikelyApplicationFormSignals
FN:843,(anonymous_30)
FN:862,(anonymous_31)
FN:869,isLikelyVisibleFormField
FN:900,normalizeQuestionKey
FN:904,sanitizeStartupCompaniesPayload
FN:938,isStartupCompaniesCacheFresh
FN:949,readStartupCompanyCache
FN:958,refreshStartupCompanies
FN:998,readAutomationSettings
FN:1003,writeAutomationSettings
FN:1011,writeAiAnswerRequest
FN:1015,readAiAnswerRequest
FN:1021,deleteAiAnswerRequest
FN:1025,writeAiAnswerResponse
FN:1029,readAiAnswerResponse
FN:1035,deleteAiAnswerResponse
FN:1039,sanitizeAutomationSettings
FN:1108,clampJobPageLimit
FN:1114,readString
FN:1118,isRecord
FN:1122,sanitizeHttpUrl
FN:1140,isStartupCompanyRegion
FN:1146,sanitizeStartupCompanyCache
FN:1163,sanitizeSearchMode
FN:1169,sanitizeStartupRegion
FN:1175,sanitizeDatePostedWindow
FN:1181,sanitizeAiAnswerRequest
FN:1192,sanitizeAiAnswerResponse
FN:1202,sanitizeJobContextSnapshot
FN:1213,sanitizeResumeAsset
FN:1226,sanitizeResumeKind
FNF:61
FNH:39
FNDA:29,detectSiteFromUrl
FNDA:8,createStatus
FNDA:0,createSession
FNDA:0,getSessionStorageKey
FNDA:0,getAiRequestStorageKey
FNDA:0,getAiResponseStorageKey
FNDA:16,getSiteLabel
FNDA:31,isJobBoardSite
FNDA:0,getResumeKindLabel
FNDA:1,buildSearchTargets
FNDA:3,(anonymous_10)
FNDA:4,buildStartupSearchTargets
FNDA:50,(anonymous_12)
FNDA:19,(anonymous_13)
FNDA:1,buildOtherJobSiteTargets
FNDA:24,(anonymous_15)
FNDA:9,(anonymous_16)
FNDA:9,resolveStartupRegion
FNDA:3,inferStartupRegionFromCountry
FNDA:29,getJobDedupKey
FNDA:0,getSpawnDedupKey
FNDA:4,inferResumeKindFromTitle
FNDA:3,buildMonsterSearchUrl
FNDA:3,buildSingleSearchUrl
FNDA:16,sleep
FNDA:16,(anonymous_25)
FNDA:5,isProbablyHumanVerificationPage
FNDA:37,(anonymous_27)
FNDA:16,(anonymous_28)
FNDA:3,hasLikelyApplicationFormSignals
FNDA:3,(anonymous_30)
FNDA:18,(anonymous_31)
FNDA:3,isLikelyVisibleFormField
FNDA:29,normalizeQuestionKey
FNDA:1,sanitizeStartupCompaniesPayload
FNDA:2,isStartupCompaniesCacheFresh
FNDA:0,readStartupCompanyCache
FNDA:0,refreshStartupCompanies
FNDA:0,readAutomationSettings
FNDA:0,writeAutomationSettings
FNDA:0,writeAiAnswerRequest
FNDA:0,readAiAnswerRequest
FNDA:0,deleteAiAnswerRequest
FNDA:0,writeAiAnswerResponse
FNDA:0,readAiAnswerResponse
FNDA:0,deleteAiAnswerResponse
FNDA:1,sanitizeAutomationSettings
FNDA:1,clampJobPageLimit
FNDA:25,readString
FNDA:12,isRecord
FNDA:3,sanitizeHttpUrl
FNDA:5,isStartupCompanyRegion
FNDA:0,sanitizeStartupCompanyCache
FNDA:1,sanitizeSearchMode
FNDA:1,sanitizeStartupRegion
FNDA:1,sanitizeDatePostedWindow
FNDA:0,sanitizeAiAnswerRequest
FNDA:0,sanitizeAiAnswerResponse
FNDA:0,sanitizeJobContextSnapshot
FNDA:0,sanitizeResumeAsset
FNDA:0,sanitizeResumeKind
DA:157,12
DA:167,12
DA:173,12
DA:180,12
DA:187,12
DA:193,12
DA:203,12
DA:230,12
DA:232,12
DA:234,12
DA:381,12
DA:382,12
DA:383,12
DA:384,12
DA:386,12
DA:387,12
DA:389,12
DA:390,12
DA:391,12
DA:392,12
DA:393,12
DA:395,12
DA:421,29
DA:424,23
DA:425,23
DA:427,0
DA:430,23
DA:432,23
DA:433,16
DA:436,7
DA:437,0
DA:440,7
DA:441,0
DA:444,7
DA:445,7
DA:446,14
DA:447,2
DA:448,2
DA:453,5
DA:454,0
DA:457,5
DA:465,8
DA:484,0
DA:496,0
DA:500,0
DA:504,0
DA:508,16
DA:509,0
DA:511,16
DA:517,31
DA:526,0
DA:533,3
DA:544,4
DA:548,4
DA:549,50
DA:552,19
DA:562,1
DA:567,1
DA:568,24
DA:569,9
DA:580,9
DA:581,6
DA:583,3
DA:589,3
DA:591,3
DA:592,0
DA:595,3
DA:598,1
DA:601,2
DA:607,1
DA:610,1
DA:618,1
DA:621,12
DA:630,12
DA:638,29
DA:639,29
DA:641,29
DA:642,29
DA:643,29
DA:644,29
DA:646,29
DA:656,29
DA:658,0
DA:659,0
DA:662,0
DA:667,0
DA:672,0
DA:673,0
DA:676,0
DA:682,29
DA:683,0
DA:684,0
DA:686,0
DA:687,0
DA:690,0
DA:691,0
DA:695,29
DA:696,7
DA:697,7
DA:698,7
DA:702,28
DA:703,341
DA:704,341
DA:705,3
DA:709,25
DA:711,0
DA:716,0
DA:717,0
DA:719,0
DA:720,0
DA:721,0
DA:722,0
DA:723,0
DA:724,0
DA:726,0
DA:731,4
DA:732,4
DA:735,2
DA:737,2
DA:740,1
DA:742,1
DA:746,3
DA:747,3
DA:748,3
DA:749,3
DA:750,3
DA:758,3
DA:760,3
DA:762,0
DA:763,0
DA:764,0
DA:765,0
DA:768,0
DA:769,0
DA:770,0
DA:771,0
DA:774,0
DA:775,0
DA:776,0
DA:777,0
DA:780,3
DA:786,16
DA:787,16
DA:792,5
DA:793,5
DA:794,5
DA:796,5
DA:802,37
DA:803,1
DA:806,4
DA:807,4
DA:808,4
DA:812,16
DA:813,0
DA:817,4
DA:831,4
DA:832,1
DA:835,3
DA:839,3
DA:843,3
DA:845,3
DA:846,1
DA:849,2
DA:850,3
DA:862,3
DA:863,18
DA:866,3
DA:872,3
DA:873,0
DA:876,3
DA:880,0
DA:883,3
DA:884,3
DA:885,0
DA:888,3
DA:893,0
DA:896,3
DA:897,3
DA:901,29
DA:905,1
DA:911,1
DA:913,1
DA:914,3
DA:915,0
DA:918,3
DA:919,3
DA:920,3
DA:924,3
DA:925,1
DA:928,2
DA:935,1
DA:942,2
DA:950,0
DA:951,0
DA:954,0
DA:955,0
DA:959,0
DA:960,0
DA:961,0
DA:964,0
DA:965,0
DA:969,0
DA:970,0
DA:971,0
DA:972,0
DA:978,0
DA:979,0
DA:984,0
DA:991,0
DA:992,0
DA:995,0
DA:999,0
DA:1000,0
DA:1006,0
DA:1007,0
DA:1008,0
DA:1012,0
DA:1016,0
DA:1017,0
DA:1018,0
DA:1022,0
DA:1026,0
DA:1030,0
DA:1031,0
DA:1032,0
DA:1036,0
DA:1040,1
DA:1041,1
DA:1042,1
DA:1043,1
DA:1045,1
DA:1061,1
DA:1062,1
DA:1063,3
DA:1064,3
DA:1065,1
DA:1073,3
DA:1074,1
DA:1078,1
DA:1079,1
DA:1080,1
DA:1081,1
DA:1082,1
DA:1083,1
DA:1084,1
DA:1085,1
DA:1086,1
DA:1093,1
DA:1109,1
DA:1110,1
DA:1111,1
DA:1115,25
DA:1119,12
DA:1123,3
DA:1124,3
DA:1125,0
DA:1128,3
DA:1129,3
DA:1130,3
DA:1131,0
DA:1133,2
DA:1134,2
DA:1136,1
DA:1143,5
DA:1147,0
DA:1148,0
DA:1151,0
DA:1152,0
DA:1153,0
DA:1156,0
DA:1164,1
DA:1170,1
DA:1176,1
DA:1182,0
DA:1193,0
DA:1203,0
DA:1204,0
DA:1214,0
DA:1215,0
DA:1223,0
DA:1227,0
LF:281
LH:179
BRDA:421,0,0,6
BRDA:421,0,1,23
BRDA:421,1,0,29
BRDA:421,1,1,23
BRDA:432,2,0,16
BRDA:432,2,1,7
BRDA:432,3,0,23
BRDA:432,3,1,7
BRDA:436,4,0,0
BRDA:436,4,1,7
BRDA:436,5,0,7
BRDA:436,5,1,7
BRDA:440,6,0,0
BRDA:440,6,1,7
BRDA:440,7,0,7
BRDA:440,7,1,7
BRDA:446,8,0,2
BRDA:446,8,1,12
BRDA:447,9,0,2
BRDA:447,9,1,0
BRDA:453,10,0,0
BRDA:453,10,1,5
BRDA:453,11,0,5
BRDA:453,11,1,5
BRDA:508,12,0,0
BRDA:508,12,1,16
BRDA:508,13,0,16
BRDA:508,13,1,16
BRDA:518,14,0,31
BRDA:518,14,1,7
BRDA:518,14,2,7
BRDA:518,14,3,7
BRDA:542,15,0,4
BRDA:580,16,0,6
BRDA:580,16,1,3
BRDA:591,17,0,0
BRDA:591,17,1,3
BRDA:595,18,0,1
BRDA:595,18,1,2
BRDA:601,19,0,1
BRDA:601,19,1,1
BRDA:618,20,0,1
BRDA:618,20,1,0
BRDA:639,21,0,0
BRDA:639,21,1,29
BRDA:656,22,0,0
BRDA:656,22,1,29
BRDA:659,23,0,0
BRDA:659,23,1,0
BRDA:662,24,0,0
BRDA:662,24,1,0
BRDA:663,25,0,0
BRDA:663,25,1,0
BRDA:663,25,2,0
BRDA:673,26,0,0
BRDA:673,26,1,0
BRDA:682,27,0,0
BRDA:682,27,1,29
BRDA:684,28,0,0
BRDA:684,28,1,0
BRDA:687,29,0,0
BRDA:687,29,1,0
BRDA:691,30,0,0
BRDA:691,30,1,0
BRDA:695,31,0,7
BRDA:695,31,1,22
BRDA:697,32,0,7
BRDA:697,32,1,6
BRDA:698,33,0,1
BRDA:698,33,1,6
BRDA:704,34,0,3
BRDA:704,34,1,338
BRDA:717,35,0,0
BRDA:717,35,1,0
BRDA:732,36,0,2
BRDA:732,36,1,2
BRDA:737,37,0,1
BRDA:737,37,1,1
BRDA:760,38,0,0
BRDA:760,38,1,0
BRDA:760,38,2,0
BRDA:760,38,3,3
BRDA:793,39,0,5
BRDA:793,39,1,0
BRDA:794,40,0,5
BRDA:794,40,1,0
BRDA:802,41,0,1
BRDA:802,41,1,4
BRDA:802,42,0,37
BRDA:802,42,1,36
BRDA:807,43,0,4
BRDA:807,43,1,0
BRDA:812,44,0,0
BRDA:812,44,1,4
BRDA:812,45,0,16
BRDA:812,45,1,16
BRDA:831,46,0,1
BRDA:831,46,1,3
BRDA:845,47,0,1
BRDA:845,47,1,2
BRDA:849,48,0,2
BRDA:849,48,1,0
BRDA:866,49,0,3
BRDA:866,49,1,0
BRDA:872,50,0,0
BRDA:872,50,1,3
BRDA:876,51,0,0
BRDA:876,51,1,3
BRDA:877,52,0,3
BRDA:877,52,1,3
BRDA:884,53,0,0
BRDA:884,53,1,3
BRDA:888,54,0,0
BRDA:888,54,1,3
BRDA:889,55,0,3
BRDA:889,55,1,3
BRDA:889,55,2,3
BRDA:891,56,0,3
BRDA:891,56,1,3
BRDA:897,57,0,3
BRDA:897,57,1,3
BRDA:905,58,0,0
BRDA:905,58,1,1
BRDA:907,59,0,1
BRDA:907,59,1,0
BRDA:907,60,0,1
BRDA:907,60,1,1
BRDA:914,61,0,0
BRDA:914,61,1,3
BRDA:920,62,0,3
BRDA:920,62,1,0
BRDA:924,63,0,1
BRDA:924,63,1,2
BRDA:924,64,0,3
BRDA:924,64,1,2
BRDA:924,64,2,2
BRDA:940,65,0,2
BRDA:943,66,0,2
BRDA:943,66,1,2
BRDA:943,66,2,2
BRDA:950,67,0,0
BRDA:950,67,1,0
BRDA:950,68,0,0
BRDA:950,68,1,0
BRDA:958,69,0,0
BRDA:960,70,0,0
BRDA:960,70,1,0
BRDA:960,71,0,0
BRDA:960,71,1,0
BRDA:969,72,0,0
BRDA:969,72,1,0
BRDA:971,73,0,0
BRDA:971,73,1,0
BRDA:978,74,0,0
BRDA:978,74,1,0
BRDA:978,75,0,0
BRDA:978,75,1,0
BRDA:991,76,0,0
BRDA:991,76,1,0
BRDA:1018,77,0,0
BRDA:1018,77,1,0
BRDA:1032,78,0,0
BRDA:1032,78,1,0
BRDA:1040,79,0,1
BRDA:1040,79,1,0
BRDA:1041,80,0,1
BRDA:1041,80,1,0
BRDA:1042,81,0,1
BRDA:1042,81,1,0
BRDA:1043,82,0,1
BRDA:1043,82,1,0
BRDA:1064,83,0,2
BRDA:1064,83,1,1
BRDA:1070,84,0,1
BRDA:1070,84,1,0
BRDA:1071,85,0,1
BRDA:1071,85,1,0
BRDA:1073,86,0,1
BRDA:1073,86,1,2
BRDA:1073,87,0,3
BRDA:1073,87,1,1
BRDA:1080,88,0,0
BRDA:1080,88,1,1
BRDA:1083,89,0,0
BRDA:1083,89,1,1
BRDA:1083,90,0,1
BRDA:1083,90,1,1
BRDA:1084,91,0,1
BRDA:1084,91,1,0
BRDA:1085,92,0,0
BRDA:1085,92,1,1
BRDA:1089,93,0,1
BRDA:1089,93,1,0
BRDA:1096,94,0,1
BRDA:1096,94,1,0
BRDA:1110,95,0,0
BRDA:1110,95,1,1
BRDA:1115,96,0,15
BRDA:1115,96,1,10
BRDA:1119,97,0,12
BRDA:1119,97,1,10
BRDA:1119,97,2,10
BRDA:1124,98,0,0
BRDA:1124,98,1,3
BRDA:1130,99,0,0
BRDA:1130,99,1,3
BRDA:1130,100,0,3
BRDA:1130,100,1,2
BRDA:1143,101,0,5
BRDA:1143,101,1,3
BRDA:1143,101,2,2
BRDA:1147,102,0,0
BRDA:1147,102,1,0
BRDA:1152,103,0,0
BRDA:1152,103,1,0
BRDA:1158,104,0,0
BRDA:1158,104,1,0
BRDA:1159,105,0,0
BRDA:1159,105,1,0
BRDA:1164,106,0,1
BRDA:1164,106,1,0
BRDA:1164,107,0,1
BRDA:1164,107,1,1
BRDA:1170,108,0,1
BRDA:1170,108,1,0
BRDA:1170,109,0,1
BRDA:1170,109,1,1
BRDA:1170,109,2,0
BRDA:1170,109,3,0
BRDA:1176,110,0,1
BRDA:1176,110,1,0
BRDA:1176,111,0,1
BRDA:1176,111,1,0
BRDA:1176,111,2,0
BRDA:1176,111,3,0
BRDA:1184,112,0,0
BRDA:1184,112,1,0
BRDA:1196,113,0,0
BRDA:1196,113,1,0
BRDA:1198,114,0,0
BRDA:1198,114,1,0
BRDA:1203,115,0,0
BRDA:1203,115,1,0
BRDA:1214,116,0,0
BRDA:1214,116,1,0
BRDA:1220,117,0,0
BRDA:1220,117,1,0
BRDA:1221,118,0,0
BRDA:1221,118,1,0
BRDA:1223,119,0,0
BRDA:1223,119,1,0
BRDA:1223,120,0,0
BRDA:1223,120,1,0
BRDA:1227,121,0,0
BRDA:1227,121,1,0
BRDA:1227,122,0,0
BRDA:1227,122,1,0
BRDA:1227,122,2,0
BRF:258
BRH:137
end_of_record
TN:
SF:src\content\answerMemory.ts
FN:50,createRememberedAnswer
FN:73,findBestSavedAnswerMatch
FN:119,getRelevantSavedAnswers
FN:129,(anonymous_3)
FN:153,(anonymous_4)
FN:154,(anonymous_5)
FN:159,(anonymous_6)
FN:163,buildAnswerLookupKeys
FN:177,addLookupKey
FN:184,buildQuestionSignature
FN:192,(anonymous_10)
FNF:11
FNH:10
FNDA:1,createRememberedAnswer
FNDA:2,findBestSavedAnswerMatch
FNDA:1,getRelevantSavedAnswers
FNDA:3,(anonymous_3)
FNDA:3,(anonymous_4)
FNDA:0,(anonymous_5)
FNDA:1,(anonymous_6)
FNDA:10,buildAnswerLookupKeys
FNDA:40,addLookupKey
FNDA:20,buildQuestionSignature
FNDA:109,(anonymous_10)
DA:4,1
DA:55,1
DA:56,1
DA:57,1
DA:59,1
DA:60,0
DA:63,1
DA:78,2
DA:79,2
DA:80,0
DA:83,2
DA:85,2
DA:86,4
DA:87,4
DA:88,0
DA:91,4
DA:93,4
DA:94,12
DA:95,24
DA:96,0
DA:97,0
DA:100,24
DA:104,1
DA:107,24
DA:111,4
DA:112,3
DA:116,2
DA:123,1
DA:124,1
DA:125,0
DA:128,1
DA:130,3
DA:131,3
DA:133,3
DA:134,6
DA:135,12
DA:136,0
DA:137,0
DA:140,12
DA:144,0
DA:147,12
DA:151,3
DA:153,3
DA:156,0
DA:159,1
DA:167,10
DA:169,10
DA:170,10
DA:171,10
DA:172,10
DA:174,10
DA:178,40
DA:179,40
DA:180,32
DA:185,20
DA:186,20
DA:187,4
DA:190,16
DA:194,109
DA:199,16
LF:60
LH:50
BRDA:53,0,0,1
BRDA:59,1,0,0
BRDA:59,1,1,1
BRDA:59,2,0,1
BRDA:59,2,1,1
BRDA:59,2,2,1
BRDA:79,3,0,0
BRDA:79,3,1,2
BRDA:86,4,0,4
BRDA:86,4,1,0
BRDA:87,5,0,0
BRDA:87,5,1,4
BRDA:95,6,0,0
BRDA:95,6,1,24
BRDA:100,7,0,1
BRDA:100,7,1,23
BRDA:101,8,0,24
BRDA:101,8,1,23
BRDA:111,9,0,3
BRDA:111,9,1,1
BRDA:111,10,0,4
BRDA:111,10,1,2
BRDA:116,11,0,2
BRDA:116,11,1,0
BRDA:116,12,0,2
BRDA:116,12,1,2
BRDA:124,13,0,0
BRDA:124,13,1,1
BRDA:135,14,0,0
BRDA:135,14,1,12
BRDA:140,15,0,0
BRDA:140,15,1,12
BRDA:141,16,0,12
BRDA:141,16,1,12
BRDA:156,17,0,0
BRDA:156,17,1,0
BRDA:165,18,0,10
BRDA:179,19,0,32
BRDA:179,19,1,8
BRDA:186,20,0,4
BRDA:186,20,1,16
BRDA:194,21,0,109
BRDA:194,21,1,101
BRDA:194,21,2,43
BRF:44
BRH:33
end_of_record
TN:
SF:src\content\apply.ts
FN:73,collectDeepMatches
FN:106,collectDeepMatchesFromSelectors
FN:126,isKnownBrokenApplyUrl
FN:139,findCompanySiteAction
FN:143,(anonymous_4)
FN:207,(anonymous_5)
FN:317,findMonsterApplyAction
FN:390,scoreMonsterApplyCandidate
FN:475,findZipRecruiterApplyAction
FN:585,(anonymous_9)
FN:628,findDiceApplyAction
FN:677,(anonymous_11)
FN:720,hasIndeedApplyIframe
FN:733,hasZipRecruiterApplyModal
FN:761,findProgressionAction
FN:814,(anonymous_15)
FN:950,collectProgressionCandidates
FN:957,getProgressionCandidateSelectors
FN:1009,getMeaningfulProgressionUrl
FN:1025,findApplyAction
FN:1075,isLikelyApplyUrl
FN:1129,isAlreadyOnApplyPage
FN:1133,extractLikelyApplyUrl
FN:1155,findExternalApplyUrlInDocument
FN:1157,(anonymous_24)
FN:1192,scoreExternalApplyUrl
FN:1217,(anonymous_26)
FN:1239,scoreApplyElement
FN:1293,(anonymous_28)
FN:1353,getApplyCandidateSelectors
FN:1464,describeApplyTarget
FN:1476,shouldPreferApplyNavigation
FN:1508,getSiteRoot
FNF:33
FNH:26
FNDA:416,collectDeepMatches
FNDA:15,collectDeepMatchesFromSelectors
FNDA:46,isKnownBrokenApplyUrl
FNDA:1,findCompanySiteAction
FNDA:1,(anonymous_4)
FNDA:14,(anonymous_5)
FNDA:5,findMonsterApplyAction
FNDA:8,scoreMonsterApplyCandidate
FNDA:3,findZipRecruiterApplyAction
FNDA:0,(anonymous_9)
FNDA:0,findDiceApplyAction
FNDA:0,(anonymous_11)
FNDA:1,hasIndeedApplyIframe
FNDA:2,hasZipRecruiterApplyModal
FNDA:3,findProgressionAction
FNDA:26,(anonymous_15)
FNDA:3,collectProgressionCandidates
FNDA:3,getProgressionCandidateSelectors
FNDA:2,getMeaningfulProgressionUrl
FNDA:3,findApplyAction
FNDA:9,isLikelyApplyUrl
FNDA:1,isAlreadyOnApplyPage
FNDA:6,extractLikelyApplyUrl
FNDA:2,findExternalApplyUrlInDocument
FNDA:0,(anonymous_24)
FNDA:0,scoreExternalApplyUrl
FNDA:0,(anonymous_26)
FNDA:12,scoreApplyElement
FNDA:168,(anonymous_28)
FNDA:8,getApplyCandidateSelectors
FNDA:7,describeApplyTarget
FNDA:15,shouldPreferApplyNavigation
FNDA:0,getSiteRoot
DA:24,3
DA:71,3
DA:76,416
DA:77,416
DA:78,416
DA:80,416
DA:81,517
DA:83,517
DA:84,517
DA:85,46
DA:86,0
DA:89,46
DA:90,46
DA:93,0
DA:96,517
DA:97,2104
DA:98,101
DA:103,416
DA:109,15
DA:110,15
DA:112,15
DA:113,414
DA:114,43
DA:115,23
DA:118,20
DA:119,20
DA:123,15
DA:127,46
DA:128,6
DA:131,40
DA:132,40
DA:133,40
DA:135,0
DA:140,1
DA:143,1
DA:144,1
DA:161,1
DA:162,1
DA:163,1
DA:168,0
DA:171,1
DA:172,1
DA:173,1
DA:174,1
DA:191,1
DA:207,14
DA:209,0
DA:212,1
DA:214,1
DA:218,0
DA:220,1
DA:223,1
DA:224,0
DA:225,0
DA:226,0
DA:227,0
DA:229,0
DA:232,0
DA:234,0
DA:239,0
DA:240,0
DA:241,0
DA:242,0
DA:243,0
DA:245,0
DA:249,0
DA:250,0
DA:251,0
DA:252,0
DA:253,0
DA:256,1
DA:257,0
DA:259,1
DA:260,0
DA:262,1
DA:263,0
DA:265,1
DA:266,1
DA:268,1
DA:269,1
DA:273,1
DA:274,1
DA:275,0
DA:278,1
DA:279,1
DA:283,1
DA:284,0
DA:287,1
DA:292,1
DA:300,0
DA:302,1
DA:303,0
DA:310,0
DA:318,5
DA:328,5
DA:329,8
DA:330,8
DA:331,8
DA:336,8
DA:338,8
DA:339,1
DA:342,7
DA:343,5
DA:352,5
DA:353,0
DA:354,0
DA:355,0
DA:361,0
DA:364,5
DA:365,3
DA:373,2
DA:375,5
DA:376,0
DA:383,2
DA:396,8
DA:417,8
DA:421,8
DA:423,8
DA:436,1
DA:439,7
DA:440,7
DA:442,8
DA:446,0
DA:449,7
DA:451,7
DA:452,7
DA:453,7
DA:455,7
DA:456,7
DA:458,7
DA:459,8
DA:460,7
DA:461,7
DA:463,7
DA:464,7
DA:465,7
DA:466,7
DA:468,7
DA:469,1
DA:472,7
DA:476,3
DA:510,3
DA:511,3
DA:512,3
DA:513,0
DA:516,3
DA:517,3
DA:518,3
DA:526,0
DA:529,3
DA:530,3
DA:547,3
DA:548,3
DA:549,3
DA:550,3
DA:551,3
DA:552,3
DA:553,3
DA:554,3
DA:555,3
DA:556,3
DA:557,3
DA:558,3
DA:559,3
DA:561,3
DA:562,0
DA:565,3
DA:566,3
DA:570,3
DA:571,0
DA:576,0
DA:577,0
DA:578,0
DA:581,0
DA:582,0
DA:583,0
DA:586,0
DA:589,0
DA:592,0
DA:593,0
DA:594,0
DA:595,0
DA:596,0
DA:597,0
DA:599,0
DA:600,0
DA:603,0
DA:604,0
DA:609,3
DA:610,0
DA:613,3
DA:614,2
DA:621,1
DA:629,0
DA:635,0
DA:636,0
DA:638,0
DA:642,0
DA:643,0
DA:644,0
DA:645,0
DA:652,0
DA:659,0
DA:660,0
DA:661,0
DA:662,0
DA:669,0
DA:677,0
DA:678,0
DA:681,0
DA:682,0
DA:683,0
DA:686,0
DA:690,0
DA:691,0
DA:692,0
DA:697,0
DA:700,0
DA:701,0
DA:702,0
DA:709,0
DA:717,0
DA:721,1
DA:734,2
DA:738,2
DA:739,2
DA:740,0
DA:743,2
DA:744,2
DA:754,2
DA:758,0
DA:764,3
DA:775,3
DA:776,3
DA:781,0
DA:784,3
DA:785,3
DA:786,3
DA:787,0
DA:790,3
DA:796,1
DA:799,2
DA:814,26
DA:816,0
DA:819,2
DA:821,2
DA:822,1
DA:823,1
DA:824,0
DA:825,1
DA:826,0
DA:827,1
DA:828,0
DA:829,1
DA:830,0
DA:832,1
DA:836,0
DA:837,1
DA:838,0
DA:840,1
DA:843,0
DA:844,1
DA:845,0
DA:847,1
DA:850,1
DA:852,0
DA:855,0
DA:857,0
DA:860,0
DA:861,0
DA:862,0
DA:863,0
DA:864,0
DA:867,2
DA:876,2
DA:883,2
DA:886,2
DA:887,2
DA:890,2
DA:894,0
DA:897,2
DA:898,1
DA:903,0
DA:907,2
DA:908,1
DA:913,0
DA:917,2
DA:918,0
DA:921,2
DA:922,2
DA:931,3
DA:932,1
DA:935,2
DA:953,3
DA:954,3
DA:960,3
DA:969,3
DA:971,2
DA:987,1
DA:1005,0
DA:1012,2
DA:1013,2
DA:1014,1
DA:1017,1
DA:1018,1
DA:1019,1
DA:1022,0
DA:1029,3
DA:1030,3
DA:1041,3
DA:1042,5
DA:1043,5
DA:1044,5
DA:1045,5
DA:1047,5
DA:1048,2
DA:1051,3
DA:1052,3
DA:1056,3
DA:1057,0
DA:1060,3
DA:1061,1
DA:1068,2
DA:1076,9
DA:1077,0
DA:1080,9
DA:1081,9
DA:1083,9
DA:1084,9
DA:1086,0
DA:1089,9
DA:1090,9
DA:1092,9
DA:1100,2
DA:1103,7
DA:1115,4
DA:1118,3
DA:1119,3
DA:1122,0
DA:1123,0
DA:1125,0
DA:1130,1
DA:1134,6
DA:1135,7
DA:1136,7
DA:1137,0
DA:1140,7
DA:1141,1
DA:1142,1
DA:1147,0
DA:1152,6
DA:1156,2
DA:1158,0
DA:1170,2
DA:1171,2
DA:1172,2
DA:1173,1
DA:1174,1
DA:1175,1
DA:1178,0
DA:1179,0
DA:1180,0
DA:1183,0
DA:1184,0
DA:1189,2
DA:1193,0
DA:1195,0
DA:1198,0
DA:1201,0
DA:1217,0
DA:1219,0
DA:1222,0
DA:1224,0
DA:1225,0
DA:1228,0
DA:1229,0
DA:1232,0
DA:1233,0
DA:1236,0
DA:1245,12
DA:1246,0
DA:1249,12
DA:1250,0
DA:1253,12
DA:1254,12
DA:1255,12
DA:1269,12
DA:1274,0
DA:1277,12
DA:1293,168
DA:1294,0
DA:1297,12
DA:1299,12
DA:1300,12
DA:1301,12
DA:1303,12
DA:1304,12
DA:1305,12
DA:1306,12
DA:1307,12
DA:1308,12
DA:1310,12
DA:1311,12
DA:1312,12
DA:1313,12
DA:1314,12
DA:1315,12
DA:1316,12
DA:1317,12
DA:1318,12
DA:1320,12
DA:1321,12
DA:1322,12
DA:1323,12
DA:1324,12
DA:1325,12
DA:1326,12
DA:1328,12
DA:1330,12
DA:1331,0
DA:1332,0
DA:1333,0
DA:1336,12
DA:1337,12
DA:1338,12
DA:1339,0
DA:1342,12
DA:1343,12
DA:1344,12
DA:1345,12
DA:1346,12
DA:1347,12
DA:1348,12
DA:1350,12
DA:1354,8
DA:1372,8
DA:1374,0
DA:1390,0
DA:1409,1
DA:1412,5
DA:1442,2
DA:1460,0
DA:1465,7
DA:1466,0
DA:1469,7
DA:1470,4
DA:1473,3
DA:1481,15
DA:1482,2
DA:1485,13
DA:1486,13
DA:1494,5
DA:1497,8
DA:1498,3
DA:1501,5
DA:1502,0
DA:1505,5
DA:1509,0
DA:1511,0
DA:1513,0
DA:1515,0
DA:1517,0
DA:1520,0
DA:1522,0
LF:464
LH:299
BRDA:85,0,0,0
BRDA:85,0,1,46
BRDA:97,1,0,101
BRDA:97,1,1,2003
BRDA:114,2,0,23
BRDA:114,2,1,20
BRDA:127,3,0,6
BRDA:127,3,1,40
BRDA:140,4,0,1
BRDA:140,4,1,0
BRDA:163,5,0,0
BRDA:163,5,1,1
BRDA:164,6,0,1
BRDA:164,6,1,1
BRDA:164,6,2,1
BRDA:171,7,0,1
BRDA:171,7,1,0
BRDA:173,8,0,1
BRDA:173,8,1,0
BRDA:191,9,0,0
BRDA:191,9,1,1
BRDA:214,10,0,0
BRDA:214,10,1,1
BRDA:215,11,0,1
BRDA:215,11,1,1
BRDA:220,12,0,1
BRDA:220,12,1,0
BRDA:220,13,0,1
BRDA:220,13,1,0
BRDA:224,14,0,0
BRDA:224,14,1,0
BRDA:224,15,0,0
BRDA:224,15,1,0
BRDA:226,16,0,0
BRDA:226,16,1,0
BRDA:226,17,0,0
BRDA:226,17,1,0
BRDA:229,18,0,0
BRDA:229,18,1,0
BRDA:229,19,0,0
BRDA:229,19,1,0
BRDA:234,20,0,0
BRDA:234,20,1,0
BRDA:234,21,0,0
BRDA:234,21,1,0
BRDA:234,21,2,0
BRDA:234,21,3,0
BRDA:240,22,0,0
BRDA:240,22,1,0
BRDA:240,23,0,0
BRDA:240,23,1,0
BRDA:242,24,0,0
BRDA:242,24,1,0
BRDA:242,25,0,0
BRDA:242,25,1,0
BRDA:245,26,0,0
BRDA:245,26,1,0
BRDA:245,27,0,0
BRDA:245,27,1,0
BRDA:245,27,2,0
BRDA:250,28,0,0
BRDA:250,28,1,0
BRDA:250,29,0,0
BRDA:250,29,1,0
BRDA:252,30,0,0
BRDA:252,30,1,0
BRDA:256,31,0,0
BRDA:256,31,1,1
BRDA:256,32,0,1
BRDA:256,32,1,1
BRDA:259,33,0,0
BRDA:259,33,1,1
BRDA:259,34,0,1
BRDA:259,34,1,1
BRDA:262,35,0,0
BRDA:262,35,1,1
BRDA:262,36,0,1
BRDA:262,36,1,1
BRDA:265,37,0,1
BRDA:265,37,1,0
BRDA:265,38,0,1
BRDA:265,38,1,1
BRDA:268,39,0,1
BRDA:268,39,1,0
BRDA:273,40,0,1
BRDA:273,40,1,0
BRDA:274,41,0,0
BRDA:274,41,1,1
BRDA:278,42,0,1
BRDA:278,42,1,0
BRDA:278,43,0,1
BRDA:278,43,1,0
BRDA:283,44,0,0
BRDA:283,44,1,1
BRDA:287,45,0,1
BRDA:287,45,1,0
BRDA:288,46,0,1
BRDA:288,46,1,1
BRDA:288,46,2,1
BRDA:288,46,3,1
BRDA:300,47,0,0
BRDA:300,47,1,0
BRDA:302,48,0,0
BRDA:302,48,1,1
BRDA:313,49,0,0
BRDA:313,49,1,0
BRDA:330,50,0,8
BRDA:330,50,1,1
BRDA:331,51,0,8
BRDA:331,51,1,2
BRDA:331,51,2,2
BRDA:331,51,3,2
BRDA:338,52,0,1
BRDA:338,52,1,7
BRDA:342,53,0,5
BRDA:342,53,1,2
BRDA:342,54,0,7
BRDA:342,54,1,2
BRDA:352,55,0,0
BRDA:352,55,1,5
BRDA:354,56,0,0
BRDA:354,56,1,0
BRDA:364,57,0,3
BRDA:364,57,1,2
BRDA:364,58,0,5
BRDA:364,58,1,4
BRDA:373,59,0,2
BRDA:373,59,1,2
BRDA:375,60,0,0
BRDA:375,60,1,5
BRDA:375,61,0,5
BRDA:375,61,1,0
BRDA:386,62,0,2
BRDA:386,62,1,0
BRDA:417,63,0,1
BRDA:417,63,1,7
BRDA:417,64,0,8
BRDA:417,64,1,1
BRDA:417,64,2,0
BRDA:423,65,0,1
BRDA:423,65,1,7
BRDA:424,66,0,8
BRDA:424,66,1,8
BRDA:424,66,2,8
BRDA:424,66,3,8
BRDA:424,66,4,8
BRDA:424,66,5,8
BRDA:424,66,6,8
BRDA:424,66,7,8
BRDA:424,66,8,8
BRDA:424,66,9,7
BRDA:424,66,10,7
BRDA:440,67,0,1
BRDA:440,67,1,6
BRDA:442,68,0,0
BRDA:442,68,1,8
BRDA:443,69,0,8
BRDA:443,69,1,0
BRDA:444,70,0,0
BRDA:444,70,1,0
BRDA:451,71,0,1
BRDA:451,71,1,6
BRDA:452,72,0,4
BRDA:452,72,1,3
BRDA:452,73,0,7
BRDA:452,73,1,3
BRDA:453,74,0,1
BRDA:453,74,1,6
BRDA:455,75,0,7
BRDA:455,75,1,0
BRDA:455,76,0,7
BRDA:455,76,1,6
BRDA:456,77,0,0
BRDA:456,77,1,7
BRDA:456,78,0,7
BRDA:456,78,1,7
BRDA:458,79,0,7
BRDA:458,79,1,1
BRDA:459,80,0,0
BRDA:459,80,1,8
BRDA:459,81,0,8
BRDA:459,81,1,0
BRDA:460,82,0,0
BRDA:460,82,1,7
BRDA:461,83,0,0
BRDA:461,83,1,7
BRDA:461,84,0,7
BRDA:461,84,1,7
BRDA:463,85,0,0
BRDA:463,85,1,7
BRDA:464,86,0,0
BRDA:464,86,1,7
BRDA:465,87,0,1
BRDA:465,87,1,6
BRDA:466,88,0,0
BRDA:466,88,1,7
BRDA:468,89,0,1
BRDA:468,89,1,6
BRDA:512,90,0,0
BRDA:512,90,1,3
BRDA:516,91,0,3
BRDA:516,91,1,0
BRDA:518,92,0,0
BRDA:518,92,1,3
BRDA:519,93,0,3
BRDA:519,93,1,3
BRDA:519,93,2,3
BRDA:519,93,3,3
BRDA:519,93,4,3
BRDA:519,93,5,3
BRDA:529,94,0,3
BRDA:529,94,1,1
BRDA:548,95,0,1
BRDA:548,95,1,2
BRDA:548,96,0,3
BRDA:548,96,1,2
BRDA:549,97,0,1
BRDA:549,97,1,2
BRDA:549,98,0,3
BRDA:549,98,1,2
BRDA:550,99,0,0
BRDA:550,99,1,3
BRDA:550,100,0,3
BRDA:550,100,1,3
BRDA:551,101,0,0
BRDA:551,101,1,3
BRDA:551,102,0,3
BRDA:551,102,1,3
BRDA:552,103,0,1
BRDA:552,103,1,2
BRDA:552,104,0,3
BRDA:552,104,1,2
BRDA:553,105,0,2
BRDA:553,105,1,1
BRDA:554,106,0,1
BRDA:554,106,1,2
BRDA:555,107,0,2
BRDA:555,107,1,1
BRDA:556,108,0,0
BRDA:556,108,1,3
BRDA:557,109,0,1
BRDA:557,109,1,2
BRDA:558,110,0,2
BRDA:558,110,1,1
BRDA:558,111,0,3
BRDA:558,111,1,2
BRDA:559,112,0,2
BRDA:559,112,1,1
BRDA:559,113,0,3
BRDA:559,113,1,2
BRDA:561,114,0,0
BRDA:561,114,1,3
BRDA:565,115,0,3
BRDA:565,115,1,0
BRDA:565,116,0,3
BRDA:565,116,1,0
BRDA:570,117,0,0
BRDA:570,117,1,3
BRDA:577,118,0,0
BRDA:577,118,1,0
BRDA:581,119,0,0
BRDA:581,119,1,0
BRDA:583,120,0,0
BRDA:583,120,1,0
BRDA:584,121,0,0
BRDA:584,121,1,0
BRDA:592,122,0,0
BRDA:592,122,1,0
BRDA:594,123,0,0
BRDA:594,123,1,0
BRDA:595,124,0,0
BRDA:595,124,1,0
BRDA:596,125,0,0
BRDA:596,125,1,0
BRDA:596,126,0,0
BRDA:596,126,1,0
BRDA:597,127,0,0
BRDA:597,127,1,0
BRDA:597,128,0,0
BRDA:597,128,1,0
BRDA:599,129,0,0
BRDA:599,129,1,0
BRDA:603,130,0,0
BRDA:603,130,1,0
BRDA:603,131,0,0
BRDA:603,131,1,0
BRDA:609,132,0,0
BRDA:609,132,1,3
BRDA:613,133,0,2
BRDA:613,133,1,1
BRDA:613,134,0,3
BRDA:613,134,1,2
BRDA:617,135,0,2
BRDA:617,135,1,0
BRDA:624,136,0,1
BRDA:624,136,1,0
BRDA:636,137,0,0
BRDA:636,137,1,0
BRDA:642,138,0,0
BRDA:642,138,1,0
BRDA:642,139,0,0
BRDA:642,139,1,0
BRDA:644,140,0,0
BRDA:644,140,1,0
BRDA:648,141,0,0
BRDA:648,141,1,0
BRDA:655,142,0,0
BRDA:655,142,1,0
BRDA:659,143,0,0
BRDA:659,143,1,0
BRDA:661,144,0,0
BRDA:661,144,1,0
BRDA:665,145,0,0
BRDA:665,145,1,0
BRDA:672,146,0,0
BRDA:672,146,1,0
BRDA:682,147,0,0
BRDA:682,147,1,0
BRDA:690,148,0,0
BRDA:690,148,1,0
BRDA:690,149,0,0
BRDA:690,149,1,0
BRDA:692,150,0,0
BRDA:692,150,1,0
BRDA:693,151,0,0
BRDA:693,151,1,0
BRDA:693,151,2,0
BRDA:701,152,0,0
BRDA:701,152,1,0
BRDA:705,153,0,0
BRDA:705,153,1,0
BRDA:712,154,0,0
BRDA:712,154,1,0
BRDA:739,155,0,0
BRDA:739,155,1,2
BRDA:743,156,0,2
BRDA:743,156,1,0
BRDA:744,157,0,2
BRDA:744,157,1,0
BRDA:744,158,0,2
BRDA:744,158,1,1
BRDA:744,158,2,0
BRDA:744,158,3,0
BRDA:744,158,4,0
BRDA:744,158,5,2
BRDA:776,159,0,0
BRDA:776,159,1,3
BRDA:777,160,0,3
BRDA:777,160,1,3
BRDA:777,160,2,3
BRDA:786,161,0,0
BRDA:786,161,1,3
BRDA:786,162,0,3
BRDA:786,162,1,3
BRDA:790,163,0,1
BRDA:790,163,1,2
BRDA:791,164,0,3
BRDA:791,164,1,2
BRDA:791,164,2,2
BRDA:791,164,3,2
BRDA:799,165,0,0
BRDA:799,165,1,2
BRDA:821,166,0,1
BRDA:821,166,1,1
BRDA:823,167,0,0
BRDA:823,167,1,1
BRDA:825,168,0,0
BRDA:825,168,1,1
BRDA:825,169,0,1
BRDA:825,169,1,1
BRDA:827,170,0,0
BRDA:827,170,1,1
BRDA:827,171,0,1
BRDA:827,171,1,1
BRDA:829,172,0,0
BRDA:829,172,1,1
BRDA:829,173,0,1
BRDA:829,173,1,1
BRDA:832,174,0,0
BRDA:832,174,1,1
BRDA:832,175,0,1
BRDA:832,175,1,1
BRDA:832,175,2,1
BRDA:837,176,0,0
BRDA:837,176,1,1
BRDA:840,177,0,0
BRDA:840,177,1,1
BRDA:840,178,0,1
BRDA:840,178,1,1
BRDA:844,179,0,0
BRDA:844,179,1,1
BRDA:847,180,0,1
BRDA:847,180,1,0
BRDA:847,181,0,1
BRDA:847,181,1,0
BRDA:852,182,0,0
BRDA:852,182,1,0
BRDA:852,183,0,0
BRDA:852,183,1,0
BRDA:857,184,0,0
BRDA:857,184,1,0
BRDA:857,185,0,0
BRDA:857,185,1,0
BRDA:861,186,0,0
BRDA:861,186,1,0
BRDA:861,187,0,0
BRDA:861,187,1,0
BRDA:863,188,0,0
BRDA:863,188,1,0
BRDA:863,189,0,0
BRDA:863,189,1,0
BRDA:876,190,0,2
BRDA:876,190,1,0
BRDA:877,191,0,2
BRDA:877,191,1,1
BRDA:877,191,2,1
BRDA:877,191,3,1
BRDA:877,191,4,1
BRDA:886,192,0,2
BRDA:886,192,1,0
BRDA:890,193,0,0
BRDA:890,193,1,2
BRDA:891,194,0,2
BRDA:891,194,1,1
BRDA:897,195,0,1
BRDA:897,195,1,1
BRDA:898,196,0,0
BRDA:898,196,1,1
BRDA:899,197,0,1
BRDA:899,197,1,1
BRDA:899,197,2,1
BRDA:907,198,0,1
BRDA:907,198,1,1
BRDA:908,199,0,0
BRDA:908,199,1,1
BRDA:909,200,0,1
BRDA:909,200,1,1
BRDA:909,200,2,1
BRDA:917,201,0,0
BRDA:917,201,1,2
BRDA:921,202,0,2
BRDA:921,202,1,0
BRDA:921,203,0,2
BRDA:921,203,1,0
BRDA:931,204,0,1
BRDA:931,204,1,2
BRDA:935,205,0,0
BRDA:935,205,1,2
BRDA:969,206,0,2
BRDA:969,206,1,1
BRDA:969,206,2,0
BRDA:1013,207,0,1
BRDA:1013,207,1,1
BRDA:1018,208,0,1
BRDA:1018,208,1,0
BRDA:1018,209,0,1
BRDA:1018,209,1,1
BRDA:1043,210,0,5
BRDA:1043,210,1,1
BRDA:1044,211,0,5
BRDA:1044,211,1,3
BRDA:1047,212,0,2
BRDA:1047,212,1,3
BRDA:1051,213,0,3
BRDA:1051,213,1,0
BRDA:1051,214,0,3
BRDA:1051,214,1,0
BRDA:1056,215,0,0
BRDA:1056,215,1,3
BRDA:1060,216,0,1
BRDA:1060,216,1,2
BRDA:1060,217,0,3
BRDA:1060,217,1,2
BRDA:1071,218,0,2
BRDA:1071,218,1,0
BRDA:1076,219,0,0
BRDA:1076,219,1,9
BRDA:1089,220,0,9
BRDA:1089,220,1,0
BRDA:1090,221,0,9
BRDA:1090,221,1,0
BRDA:1090,222,0,9
BRDA:1090,222,1,0
BRDA:1092,223,0,2
BRDA:1092,223,1,7
BRDA:1093,224,0,9
BRDA:1093,224,1,2
BRDA:1093,224,2,1
BRDA:1093,224,3,0
BRDA:1103,225,0,4
BRDA:1103,225,1,3
BRDA:1104,226,0,7
BRDA:1104,226,1,7
BRDA:1104,226,2,7
BRDA:1104,226,3,7
BRDA:1104,226,4,3
BRDA:1104,226,5,3
BRDA:1104,226,6,3
BRDA:1104,226,7,3
BRDA:1104,226,8,3
BRDA:1104,226,9,3
BRDA:1118,227,0,3
BRDA:1118,227,1,0
BRDA:1118,228,0,3
BRDA:1118,228,1,3
BRDA:1136,229,0,0
BRDA:1136,229,1,7
BRDA:1140,230,0,1
BRDA:1140,230,1,6
BRDA:1140,231,0,7
BRDA:1140,231,1,6
BRDA:1142,232,0,0
BRDA:1142,232,1,1
BRDA:1143,233,0,1
BRDA:1143,233,1,1
BRDA:1143,233,2,0
BRDA:1158,234,0,0
BRDA:1158,234,1,0
BRDA:1160,235,0,2
BRDA:1160,235,1,0
BRDA:1171,236,0,2
BRDA:1171,236,1,1
BRDA:1174,237,0,1
BRDA:1174,237,1,0
BRDA:1174,238,0,1
BRDA:1174,238,1,1
BRDA:1174,238,2,0
BRDA:1179,239,0,0
BRDA:1179,239,1,0
BRDA:1183,240,0,0
BRDA:1183,240,1,0
BRDA:1183,241,0,0
BRDA:1183,241,1,0
BRDA:1189,242,0,2
BRDA:1189,242,1,2
BRDA:1195,243,0,0
BRDA:1195,243,1,0
BRDA:1201,244,0,0
BRDA:1201,244,1,0
BRDA:1224,245,0,0
BRDA:1224,245,1,0
BRDA:1228,246,0,0
BRDA:1228,246,1,0
BRDA:1232,247,0,0
BRDA:1232,247,1,0
BRDA:1245,248,0,0
BRDA:1245,248,1,12
BRDA:1249,249,0,0
BRDA:1249,249,1,12
BRDA:1249,250,0,12
BRDA:1249,250,1,12
BRDA:1254,251,0,12
BRDA:1254,251,1,5
BRDA:1269,252,0,0
BRDA:1269,252,1,12
BRDA:1270,253,0,12
BRDA:1270,253,1,12
BRDA:1270,253,2,12
BRDA:1293,254,0,0
BRDA:1293,254,1,12
BRDA:1299,255,0,0
BRDA:1299,255,1,12
BRDA:1300,256,0,0
BRDA:1300,256,1,12
BRDA:1301,257,0,0
BRDA:1301,257,1,12
BRDA:1303,258,0,8
BRDA:1303,258,1,4
BRDA:1304,259,0,1
BRDA:1304,259,1,11
BRDA:1305,260,0,0
BRDA:1305,260,1,12
BRDA:1306,261,0,0
BRDA:1306,261,1,12
BRDA:1307,262,0,0
BRDA:1307,262,1,12
BRDA:1308,263,0,0
BRDA:1308,263,1,12
BRDA:1310,264,0,0
BRDA:1310,264,1,12
BRDA:1311,265,0,0
BRDA:1311,265,1,12
BRDA:1312,266,0,0
BRDA:1312,266,1,12
BRDA:1313,267,0,0
BRDA:1313,267,1,12
BRDA:1314,268,0,0
BRDA:1314,268,1,12
BRDA:1315,269,0,0
BRDA:1315,269,1,12
BRDA:1316,270,0,0
BRDA:1316,270,1,12
BRDA:1317,271,0,0
BRDA:1317,271,1,12
BRDA:1318,272,0,0
BRDA:1318,272,1,12
BRDA:1320,273,0,8
BRDA:1320,273,1,4
BRDA:1321,274,0,0
BRDA:1321,274,1,12
BRDA:1322,275,0,0
BRDA:1322,275,1,12
BRDA:1323,276,0,0
BRDA:1323,276,1,12
BRDA:1324,277,0,0
BRDA:1324,277,1,12
BRDA:1325,278,0,1
BRDA:1325,278,1,11
BRDA:1326,279,0,0
BRDA:1326,279,1,12
BRDA:1328,280,0,0
BRDA:1328,280,1,12
BRDA:1328,281,0,12
BRDA:1328,281,1,2
BRDA:1330,282,0,0
BRDA:1330,282,1,12
BRDA:1331,283,0,0
BRDA:1331,283,1,0
BRDA:1331,284,0,0
BRDA:1331,284,1,0
BRDA:1332,285,0,0
BRDA:1332,285,1,0
BRDA:1332,286,0,0
BRDA:1332,286,1,0
BRDA:1333,287,0,0
BRDA:1333,287,1,0
BRDA:1336,288,0,0
BRDA:1336,288,1,12
BRDA:1336,289,0,12
BRDA:1336,289,1,2
BRDA:1337,290,0,0
BRDA:1337,290,1,12
BRDA:1337,291,0,12
BRDA:1337,291,1,2
BRDA:1338,292,0,0
BRDA:1338,292,1,12
BRDA:1338,293,0,12
BRDA:1338,293,1,2
BRDA:1342,294,0,1
BRDA:1342,294,1,11
BRDA:1342,295,0,12
BRDA:1342,295,1,7
BRDA:1343,296,0,4
BRDA:1343,296,1,8
BRDA:1344,297,0,1
BRDA:1344,297,1,11
BRDA:1345,298,0,0
BRDA:1345,298,1,12
BRDA:1345,299,0,12
BRDA:1345,299,1,12
BRDA:1346,300,0,2
BRDA:1346,300,1,10
BRDA:1347,301,0,1
BRDA:1347,301,1,11
BRDA:1347,302,0,12
BRDA:1347,302,1,11
BRDA:1348,303,0,0
BRDA:1348,303,1,12
BRDA:1348,304,0,12
BRDA:1348,304,1,12
BRDA:1372,305,0,0
BRDA:1372,305,1,0
BRDA:1372,305,2,1
BRDA:1372,305,3,5
BRDA:1372,305,4,0
BRDA:1372,305,5,2
BRDA:1372,305,6,0
BRDA:1465,306,0,0
BRDA:1465,306,1,7
BRDA:1469,307,0,4
BRDA:1469,307,1,3
BRDA:1469,308,0,7
BRDA:1469,308,1,5
BRDA:1473,309,0,3
BRDA:1473,309,1,1
BRDA:1481,310,0,2
BRDA:1481,310,1,13
BRDA:1486,311,0,5
BRDA:1486,311,1,8
BRDA:1487,312,0,13
BRDA:1487,312,1,8
BRDA:1487,312,2,8
BRDA:1487,312,3,8
BRDA:1487,312,4,8
BRDA:1487,312,5,8
BRDA:1497,313,0,3
BRDA:1497,313,1,5
BRDA:1501,314,0,0
BRDA:1501,314,1,5
BRDA:1509,315,0,0
BRDA:1509,315,1,0
BRDA:1509,315,2,0
BRDA:1509,315,3,0
BRDA:1509,315,4,0
BRDA:1509,315,5,0
BRDA:1509,315,6,0
BRF:696
BRH:401
end_of_record
TN:
SF:src\content\autofill.ts
FN:5,shouldAutofillField
FN:56,isTextLikeInput
FN:62,isSelectBlank
FN:70,setFieldValue
FN:82,getQuestionText
FN:91,(anonymous_5)
FN:118,getAssociatedLabelText
FN:136,getOptionLabelText
FN:140,getFieldDescriptor
FN:159,matchesDescriptor
FN:160,(anonymous_10)
FN:163,scoreChoiceMatch
FN:175,(anonymous_12)
FN:183,(anonymous_13)
FN:198,normalizeBooleanAnswer
FN:205,isConsentField
FN:207,(anonymous_16)
FN:212,isFieldRequired
FN:247,shouldRememberField
FN:309,readFieldAnswerForMemory
FN:327,getFieldLookupRoot
FN:332,findByIdNearField
FN:342,isFieldContextVisible
FNF:23
FNH:23
FNDA:6,shouldAutofillField
FNDA:2,isTextLikeInput
FNDA:3,isSelectBlank
FNDA:1,setFieldValue
FNDA:16,getQuestionText
FNDA:1,(anonymous_5)
FNDA:17,getAssociatedLabelText
FNDA:2,getOptionLabelText
FNDA:11,getFieldDescriptor
FNDA:12,matchesDescriptor
FNDA:94,(anonymous_10)
FNDA:4,scoreChoiceMatch
FNDA:1,(anonymous_12)
FNDA:6,(anonymous_13)
FNDA:6,normalizeBooleanAnswer
FNDA:1,isConsentField
FNDA:1,(anonymous_16)
FNDA:3,isFieldRequired
FNDA:2,shouldRememberField
FNDA:5,readFieldAnswerForMemory
FNDA:18,getFieldLookupRoot
FNDA:1,findByIdNearField
FNDA:5,isFieldContextVisible
DA:9,6
DA:10,6
DA:11,5
DA:12,5
DA:13,0
DA:15,5
DA:16,4
DA:17,4
DA:18,0
DA:20,1
DA:21,0
DA:24,5
DA:25,5
DA:35,1
DA:37,4
DA:38,0
DA:40,4
DA:48,1
DA:50,3
DA:51,1
DA:53,2
DA:57,2
DA:63,3
DA:74,1
DA:75,1
DA:76,0
DA:77,1
DA:78,1
DA:79,1
DA:83,16
DA:84,16
DA:86,15
DA:87,15
DA:88,1
DA:91,1
DA:94,1
DA:97,14
DA:98,14
DA:100,0
DA:107,16
DA:109,0
DA:119,17
DA:120,17
DA:121,17
DA:122,17
DA:123,17
DA:127,17
DA:133,1
DA:137,2
DA:144,11
DA:160,94
DA:164,4
DA:166,4
DA:167,4
DA:168,4
DA:169,4
DA:171,3
DA:172,3
DA:173,2
DA:176,1
DA:179,1
DA:181,1
DA:184,6
DA:187,0
DA:191,2
DA:192,1
DA:195,1
DA:199,6
DA:200,6
DA:201,4
DA:202,2
DA:206,1
DA:207,1
DA:208,1
DA:213,3
DA:214,1
DA:217,2
DA:218,1
DA:221,1
DA:225,1
DA:226,1
DA:229,0
DA:237,0
DA:238,0
DA:241,0
DA:244,3
DA:248,2
DA:249,2
DA:261,0
DA:263,2
DA:301,1
DA:303,1
DA:304,0
DA:306,1
DA:310,5
DA:311,1
DA:313,4
DA:314,1
DA:316,3
DA:317,1
DA:321,2
DA:322,1
DA:324,1
DA:328,18
DA:329,18
DA:333,1
DA:334,1
DA:335,1
DA:336,1
DA:338,0
DA:343,5
DA:345,0
DA:346,0
DA:347,0
DA:351,0
DA:354,0
DA:355,0
DA:358,0
DA:359,0
LF:119
LH:96
BRDA:7,0,0,6
BRDA:9,1,0,0
BRDA:9,1,1,6
BRDA:10,2,0,5
BRDA:10,2,1,1
BRDA:12,3,0,0
BRDA:12,3,1,5
BRDA:15,4,0,1
BRDA:15,4,1,4
BRDA:16,5,0,0
BRDA:16,5,1,4
BRDA:17,6,0,0
BRDA:17,6,1,4
BRDA:17,7,0,4
BRDA:17,7,1,2
BRDA:17,7,2,2
BRDA:20,8,0,0
BRDA:20,8,1,1
BRDA:25,9,0,1
BRDA:25,9,1,4
BRDA:37,10,0,0
BRDA:37,10,1,4
BRDA:37,11,0,4
BRDA:37,11,1,4
BRDA:37,11,2,4
BRDA:37,11,3,4
BRDA:40,12,0,1
BRDA:40,12,1,3
BRDA:41,13,0,4
BRDA:41,13,1,4
BRDA:41,13,2,4
BRDA:41,13,3,4
BRDA:41,13,4,3
BRDA:41,13,5,3
BRDA:50,14,0,1
BRDA:50,14,1,2
BRDA:50,15,0,3
BRDA:50,15,1,1
BRDA:64,16,0,3
BRDA:64,16,1,1
BRDA:64,16,2,1
BRDA:66,17,0,1
BRDA:66,17,1,0
BRDA:75,18,0,1
BRDA:75,18,1,0
BRDA:84,19,0,1
BRDA:84,19,1,15
BRDA:87,20,0,1
BRDA:87,20,1,14
BRDA:91,21,0,1
BRDA:91,21,1,0
BRDA:94,22,0,1
BRDA:94,22,1,0
BRDA:98,23,0,14
BRDA:98,23,1,0
BRDA:107,24,0,0
BRDA:107,24,1,16
BRDA:109,25,0,0
BRDA:109,25,1,0
BRDA:109,25,2,0
BRDA:109,25,3,0
BRDA:109,25,4,0
BRDA:120,26,0,17
BRDA:120,26,1,0
BRDA:124,27,0,17
BRDA:124,27,1,1
BRDA:127,28,0,16
BRDA:127,28,1,1
BRDA:137,29,0,2
BRDA:137,29,1,0
BRDA:137,29,2,0
BRDA:152,30,0,9
BRDA:152,30,1,2
BRDA:164,31,0,0
BRDA:164,31,1,4
BRDA:164,32,0,4
BRDA:164,32,1,4
BRDA:168,33,0,0
BRDA:168,33,1,4
BRDA:168,34,0,4
BRDA:168,34,1,4
BRDA:169,35,0,1
BRDA:169,35,1,3
BRDA:172,36,0,2
BRDA:172,36,1,1
BRDA:173,37,0,1
BRDA:173,37,1,1
BRDA:174,38,0,2
BRDA:174,38,1,1
BRDA:181,39,0,0
BRDA:181,39,1,1
BRDA:182,40,0,1
BRDA:182,40,1,1
BRDA:191,41,0,1
BRDA:191,41,1,1
BRDA:191,42,0,2
BRDA:191,42,1,1
BRDA:200,43,0,2
BRDA:200,43,1,4
BRDA:201,44,0,2
BRDA:201,44,1,2
BRDA:213,45,0,1
BRDA:213,45,1,2
BRDA:213,46,0,3
BRDA:213,46,1,3
BRDA:217,47,0,1
BRDA:217,47,1,1
BRDA:225,48,0,1
BRDA:225,48,1,0
BRDA:237,49,0,0
BRDA:237,49,1,0
BRDA:249,50,0,0
BRDA:249,50,1,2
BRDA:250,51,0,2
BRDA:250,51,1,2
BRDA:250,51,2,2
BRDA:250,51,3,2
BRDA:250,51,4,2
BRDA:250,51,5,2
BRDA:250,51,6,2
BRDA:250,51,7,2
BRDA:250,51,8,2
BRDA:250,51,9,2
BRDA:263,52,0,1
BRDA:263,52,1,1
BRDA:303,53,0,0
BRDA:303,53,1,1
BRDA:303,54,0,1
BRDA:303,54,1,0
BRDA:310,55,0,1
BRDA:310,55,1,4
BRDA:311,56,0,1
BRDA:311,56,1,0
BRDA:313,57,0,1
BRDA:313,57,1,3
BRDA:316,58,0,1
BRDA:316,58,1,2
BRDA:317,59,0,1
BRDA:317,59,1,0
BRDA:318,60,0,1
BRDA:318,60,1,0
BRDA:321,61,0,1
BRDA:321,61,1,1
BRDA:322,62,0,1
BRDA:322,62,1,0
BRDA:329,63,0,0
BRDA:329,63,1,18
BRDA:336,64,0,1
BRDA:336,64,1,0
BRDA:343,65,0,5
BRDA:343,65,1,0
BRDA:345,66,0,0
BRDA:345,66,1,0
BRDA:346,67,0,0
BRDA:346,67,1,0
BRDA:346,68,0,0
BRDA:346,68,1,0
BRDA:354,69,0,0
BRDA:354,69,1,0
BRDA:354,70,0,0
BRDA:354,70,1,0
BRDA:359,71,0,0
BRDA:359,71,1,0
BRDA:359,71,2,0
BRF:164
BRH:115
end_of_record
TN:
SF:src\content\dom.ts
FN:4,getActionText
FN:12,(anonymous_1)
FN:16,getClickableApplyElement
FN:39,getNavigationUrl
FN:161,normalizeUrl
FN:189,isExternalUrl
FN:212,(anonymous_6)
FN:222,isElementVisible
FN:281,findFirstVisibleElement
FN:300,performClickAction
FN:360,scrollElementIntoView
FN:378,waitForElement
FN:395,(anonymous_12)
FN:402,isElementInteractive
FNF:14
FNH:11
FNDA:22,getActionText
FNDA:40,(anonymous_1)
FNDA:19,getClickableApplyElement
FNDA:32,getNavigationUrl
FNDA:56,normalizeUrl
FNDA:28,isExternalUrl
FNDA:36,(anonymous_6)
FNDA:45,isElementVisible
FNDA:1,findFirstVisibleElement
FNDA:3,performClickAction
FNDA:0,scrollElementIntoView
FNDA:0,waitForElement
FNDA:0,(anonymous_12)
FNDA:4,isElementInteractive
DA:5,22
DA:12,40
DA:18,19
DA:19,3
DA:22,3
DA:23,3
DA:28,16
DA:32,16
DA:33,1
DA:36,15
DA:41,32
DA:42,10
DA:46,22
DA:47,22
DA:48,0
DA:52,22
DA:57,0
DA:60,22
DA:65,0
DA:69,22
DA:87,22
DA:88,273
DA:89,273
DA:90,5
DA:91,5
DA:92,5
DA:98,17
DA:99,20
DA:100,20
DA:101,20
DA:102,0
DA:106,20
DA:124,9
DA:127,11
DA:128,8
DA:131,3
DA:132,3
DA:133,1
DA:138,16
DA:139,16
DA:141,1
DA:147,1
DA:148,1
DA:153,15
DA:154,15
DA:155,0
DA:158,15
DA:162,56
DA:164,56
DA:170,5
DA:174,51
DA:175,1
DA:177,50
DA:180,51
DA:181,51
DA:182,51
DA:183,51
DA:185,0
DA:190,28
DA:191,28
DA:192,28
DA:195,28
DA:196,3
DA:200,25
DA:201,17
DA:205,8
DA:212,36
DA:213,1
DA:216,7
DA:218,0
DA:224,45
DA:225,0
DA:228,45
DA:230,45
DA:235,6
DA:238,39
DA:241,39
DA:242,0
DA:247,39
DA:255,0
DA:256,0
DA:257,0
DA:258,0
DA:259,0
DA:267,0
DA:268,0
DA:270,0
DA:273,0
DA:274,0
DA:278,39
DA:284,1
DA:285,3
DA:286,3
DA:287,2
DA:288,1
DA:293,1
DA:297,0
DA:302,3
DA:303,3
DA:309,3
DA:321,3
DA:322,3
DA:323,3
DA:324,3
DA:329,3
DA:339,3
DA:340,21
DA:341,21
DA:342,12
DA:344,9
DA:352,3
DA:353,3
DA:361,0
DA:362,0
DA:369,0
DA:370,0
DA:382,0
DA:384,0
DA:385,0
DA:386,0
DA:387,0
DA:388,0
DA:392,0
DA:395,0
DA:398,0
DA:403,4
DA:404,0
DA:407,4
DA:411,1
DA:414,3
DA:415,1
DA:418,2
DA:419,2
DA:420,1
DA:423,1
LF:135
LH:101
BRDA:6,0,0,22
BRDA:6,0,1,4
BRDA:12,1,0,40
BRDA:12,1,1,18
BRDA:18,2,0,3
BRDA:18,2,1,16
BRDA:22,3,0,3
BRDA:22,3,1,0
BRDA:22,4,0,3
BRDA:22,4,1,3
BRDA:32,5,0,1
BRDA:32,5,1,15
BRDA:32,6,0,16
BRDA:32,6,1,1
BRDA:41,7,0,10
BRDA:41,7,1,22
BRDA:41,8,0,32
BRDA:41,8,1,10
BRDA:47,9,0,0
BRDA:47,9,1,22
BRDA:52,10,0,0
BRDA:52,10,1,22
BRDA:53,11,0,22
BRDA:53,11,1,18
BRDA:53,11,2,0
BRDA:60,12,0,0
BRDA:60,12,1,22
BRDA:61,13,0,22
BRDA:61,13,1,0
BRDA:61,13,2,0
BRDA:89,14,0,5
BRDA:89,14,1,268
BRDA:91,15,0,5
BRDA:91,15,1,0
BRDA:101,16,0,0
BRDA:101,16,1,20
BRDA:106,17,0,9
BRDA:106,17,1,11
BRDA:127,18,0,8
BRDA:127,18,1,3
BRDA:132,19,0,1
BRDA:132,19,1,2
BRDA:139,20,0,1
BRDA:139,20,1,15
BRDA:141,21,0,1
BRDA:141,21,1,0
BRDA:141,21,2,0
BRDA:147,22,0,1
BRDA:147,22,1,0
BRDA:154,23,0,0
BRDA:154,23,1,15
BRDA:164,24,0,5
BRDA:164,24,1,51
BRDA:165,25,0,56
BRDA:165,25,1,56
BRDA:165,25,2,55
BRDA:165,25,3,53
BRDA:174,26,0,1
BRDA:174,26,1,50
BRDA:195,27,0,3
BRDA:195,27,1,25
BRDA:200,28,0,17
BRDA:200,28,1,8
BRDA:200,29,0,25
BRDA:200,29,1,8
BRDA:212,30,0,1
BRDA:212,30,1,7
BRDA:224,31,0,0
BRDA:224,31,1,45
BRDA:224,32,0,45
BRDA:224,32,1,45
BRDA:230,33,0,6
BRDA:230,33,1,39
BRDA:231,34,0,45
BRDA:231,34,1,45
BRDA:231,34,2,39
BRDA:241,35,0,0
BRDA:241,35,1,39
BRDA:241,36,0,39
BRDA:241,36,1,39
BRDA:247,37,0,0
BRDA:247,37,1,39
BRDA:248,38,0,39
BRDA:248,38,1,39
BRDA:248,38,2,39
BRDA:248,38,3,39
BRDA:259,39,0,0
BRDA:259,39,1,0
BRDA:260,40,0,0
BRDA:260,40,1,0
BRDA:260,40,2,0
BRDA:260,40,3,0
BRDA:260,40,4,0
BRDA:260,40,5,0
BRDA:273,41,0,0
BRDA:273,41,1,0
BRDA:287,42,0,1
BRDA:287,42,1,1
BRDA:341,43,0,12
BRDA:341,43,1,9
BRDA:380,44,0,0
BRDA:387,45,0,0
BRDA:387,45,1,0
BRDA:387,46,0,0
BRDA:387,46,1,0
BRDA:403,47,0,0
BRDA:403,47,1,4
BRDA:407,48,0,1
BRDA:407,48,1,3
BRDA:408,49,0,4
BRDA:408,49,1,3
BRDA:414,50,0,1
BRDA:414,50,1,2
BRDA:419,51,0,1
BRDA:419,51,1,1
BRF:115
BRH:83
end_of_record
TN:
SF:src\content\jobSearch.ts
FN:82,collectJobDetailCandidates
FN:337,pickRelevantJobUrls
FN:343,(anonymous_2)
FN:351,(anonymous_3)
FN:356,(anonymous_4)
FN:359,(anonymous_5)
FN:367,(anonymous_6)
FN:368,(anonymous_7)
FN:373,(anonymous_8)
FN:376,(anonymous_9)
FN:381,(anonymous_10)
FN:382,(anonymous_11)
FN:387,isLikelyJobDetailUrl
FN:412,(anonymous_13)
FN:598,(anonymous_14)
FN:678,looksLikeTechnicalRoleTitle
FN:737,(anonymous_16)
FN:741,isAppliedJobText
FN:782,(anonymous_18)
FN:785,isStrongAppliedJobText
FN:821,(anonymous_20)
FN:824,isCurrentPageAppliedJob
FN:836,shouldFinishJobResultScan
FN:865,collectCandidatesFromContainers
FN:954,collectCandidatesFromAnchors
FN:983,collectDiceSearchCardCandidates
FN:1046,(anonymous_26)
FN:1069,collectZipRecruiterDataAttributeCandidates
FN:1125,collectMonsterFallbackCandidates
FN:1160,(anonymous_29)
FN:1196,collectZipRecruiterCardCandidates
FN:1235,collectFallbackJobCandidates
FN:1267,(anonymous_32)
FN:1311,(anonymous_33)
FN:1331,addJobCandidate
FN:1351,dedupeJobCandidates
FN:1369,collectCurrentJobSurfaceTexts
FN:1394,isReadableSurfaceElement
FN:1407,getPrimaryCurrentJobSurfaceSelectors
FN:1443,getFallbackCurrentJobSurfaceSelectors
FN:1451,collectCurrentJobSurfaceTextsForSelectors
FN:1483,(anonymous_41)
FN:1486,isListingOrCategoryUrl
FN:1542,(anonymous_43)
FN:1553,hasJobIdentifyingSearchParam
FN:1554,(anonymous_45)
FN:1560,isKnownAtsListingUrl
FN:1598,isGenericRoleCtaText
FN:1604,(anonymous_48)
FN:1607,isCareerListingCtaText
FN:1613,(anonymous_50)
FN:1616,resolveAnchorCandidateTitle
FN:1654,extractContextLines
FN:1657,(anonymous_53)
FN:1658,(anonymous_54)
FN:1661,isGenericListingSegment
FN:1717,filterCandidatesByDatePostedWindow
FN:1726,(anonymous_57)
FN:1732,sortCandidatesByRecency
FN:1740,(anonymous_59)
FN:1749,comparePostedAgeHours
FN:1770,getMaxPostedAgeHours
FN:1783,extractPostedAgeHours
FN:1829,convertAgeValueToHours
FN:1853,scoreJobTitleForResume
FNF:65
FNH:57
FNDA:6,collectJobDetailCandidates
FNDA:8,pickRelevantJobUrls
FNDA:17,(anonymous_2)
FNDA:4,(anonymous_3)
FNDA:4,(anonymous_4)
FNDA:8,(anonymous_5)
FNDA:8,(anonymous_6)
FNDA:1,(anonymous_7)
FNDA:5,(anonymous_8)
FNDA:0,(anonymous_9)
FNDA:8,(anonymous_10)
FNDA:8,(anonymous_11)
FNDA:26,isLikelyJobDetailUrl
FNDA:234,(anonymous_13)
FNDA:10,(anonymous_14)
FNDA:10,looksLikeTechnicalRoleTitle
FNDA:167,(anonymous_16)
FNDA:58,isAppliedJobText
FNDA:1089,(anonymous_18)
FNDA:3,isStrongAppliedJobText
FNDA:27,(anonymous_20)
FNDA:2,isCurrentPageAppliedJob
FNDA:4,shouldFinishJobResultScan
FNDA:6,collectCandidatesFromContainers
FNDA:6,collectCandidatesFromAnchors
FNDA:0,collectDiceSearchCardCandidates
FNDA:0,(anonymous_26)
FNDA:3,collectZipRecruiterDataAttributeCandidates
FNDA:1,collectMonsterFallbackCandidates
FNDA:0,(anonymous_29)
FNDA:3,collectZipRecruiterCardCandidates
FNDA:2,collectFallbackJobCandidates
FNDA:75,(anonymous_32)
FNDA:43,(anonymous_33)
FNDA:27,addJobCandidate
FNDA:6,dedupeJobCandidates
FNDA:2,collectCurrentJobSurfaceTexts
FNDA:4,isReadableSurfaceElement
FNDA:2,getPrimaryCurrentJobSurfaceSelectors
FNDA:2,getFallbackCurrentJobSurfaceSelectors
FNDA:4,collectCurrentJobSurfaceTextsForSelectors
FNDA:0,(anonymous_41)
FNDA:12,isListingOrCategoryUrl
FNDA:10,(anonymous_43)
FNDA:27,hasJobIdentifyingSearchParam
FNDA:297,(anonymous_45)
FNDA:11,isKnownAtsListingUrl
FNDA:24,isGenericRoleCtaText
FNDA:304,(anonymous_48)
FNDA:50,isCareerListingCtaText
FNDA:861,(anonymous_50)
FNDA:12,resolveAnchorCandidateTitle
FNDA:0,extractContextLines
FNDA:0,(anonymous_53)
FNDA:0,(anonymous_54)
FNDA:16,isGenericListingSegment
FNDA:8,filterCandidatesByDatePostedWindow
FNDA:7,(anonymous_57)
FNDA:8,sortCandidatesByRecency
FNDA:3,(anonymous_59)
FNDA:3,comparePostedAgeHours
FNDA:8,getMaxPostedAgeHours
FNDA:21,extractPostedAgeHours
FNDA:8,convertAgeValueToHours
FNDA:8,scoreJobTitleForResume
DA:16,1
DA:30,1
DA:48,1
DA:58,1
DA:83,6
DA:85,0
DA:115,3
DA:172,0
DA:221,1
DA:303,2
DA:333,0
DA:343,8
DA:344,17
DA:347,8
DA:348,8
DA:350,8
DA:351,4
DA:355,4
DA:356,4
DA:359,8
DA:366,8
DA:367,8
DA:369,1
DA:373,5
DA:375,8
DA:376,0
DA:379,4
DA:380,4
DA:381,8
DA:382,8
DA:384,4
DA:393,26
DA:394,0
DA:397,26
DA:398,26
DA:399,26
DA:401,26
DA:412,234
DA:414,0
DA:417,26
DA:418,0
DA:421,26
DA:423,0
DA:433,10
DA:434,4
DA:437,1
DA:445,1
DA:449,0
DA:452,0
DA:453,0
DA:456,0
DA:457,0
DA:461,0
DA:466,0
DA:467,0
DA:470,0
DA:475,0
DA:476,0
DA:479,0
DA:481,0
DA:486,0
DA:488,0
DA:492,0
DA:493,0
DA:496,0
DA:500,5
DA:510,2
DA:513,3
DA:523,0
DA:526,3
DA:527,2
DA:530,1
DA:531,1
DA:537,1
DA:540,0
DA:541,0
DA:542,0
DA:543,0
DA:544,0
DA:551,0
DA:552,0
DA:555,0
DA:560,11
DA:561,11
DA:562,11
DA:563,0
DA:565,11
DA:566,1
DA:568,10
DA:569,3
DA:575,7
DA:576,1
DA:579,6
DA:598,10
DA:599,6
DA:600,6
DA:601,6
DA:602,6
DA:603,6
DA:605,6
DA:606,10
DA:607,10
DA:608,10
DA:613,6
DA:617,0
DA:618,0
DA:621,0
DA:628,0
DA:631,0
DA:632,11
DA:633,0
DA:634,0
DA:635,0
DA:636,0
DA:637,0
DA:638,0
DA:639,0
DA:645,0
DA:648,0
DA:649,0
DA:650,0
DA:651,0
DA:652,0
DA:654,11
DA:658,11
DA:664,0
DA:670,0
DA:674,0
DA:679,10
DA:681,10
DA:682,0
DA:685,10
DA:737,167
DA:742,58
DA:743,9
DA:746,49
DA:747,49
DA:752,1
DA:755,48
DA:782,1089
DA:786,3
DA:787,0
DA:790,3
DA:791,3
DA:796,0
DA:799,3
DA:821,27
DA:825,2
DA:827,2
DA:828,2
DA:829,1
DA:833,1
DA:843,4
DA:844,4
DA:845,1
DA:848,3
DA:849,0
DA:853,3
DA:857,4
DA:858,4
DA:860,4
DA:870,6
DA:872,6
DA:873,6
DA:874,91
DA:875,91
DA:876,18
DA:883,6
DA:884,6
DA:885,118
DA:886,118
DA:887,118
DA:892,6
DA:894,6
DA:895,6
DA:896,45
DA:897,45
DA:898,45
DA:903,6
DA:905,6
DA:906,18
DA:907,18
DA:908,18
DA:909,18
DA:915,18
DA:916,18
DA:917,18
DA:918,18
DA:924,0
DA:927,0
DA:930,18
DA:932,18
DA:933,6
DA:934,6
DA:935,0
DA:937,6
DA:940,12
DA:941,0
DA:944,12
DA:945,0
DA:948,12
DA:951,6
DA:955,6
DA:957,6
DA:958,105
DA:959,105
DA:960,7
DA:963,7
DA:964,7
DA:965,0
DA:967,7
DA:979,6
DA:984,0
DA:987,0
DA:993,0
DA:995,0
DA:996,0
DA:1000,0
DA:1002,0
DA:1003,0
DA:1004,0
DA:1009,0
DA:1010,0
DA:1011,0
DA:1019,0
DA:1022,0
DA:1023,0
DA:1024,0
DA:1027,0
DA:1034,0
DA:1036,0
DA:1037,0
DA:1040,0
DA:1044,0
DA:1046,0
DA:1048,0
DA:1049,0
DA:1050,0
DA:1056,0
DA:1057,0
DA:1058,0
DA:1059,0
DA:1060,0
DA:1065,0
DA:1070,3
DA:1073,3
DA:1079,3
DA:1081,2
DA:1087,2
DA:1090,2
DA:1091,2
DA:1092,0
DA:1099,0
DA:1100,0
DA:1101,0
DA:1103,0
DA:1107,2
DA:1112,2
DA:1114,2
DA:1115,2
DA:1116,2
DA:1117,2
DA:1118,2
DA:1122,3
DA:1126,1
DA:1127,1
DA:1129,1
DA:1130,1
DA:1133,0
DA:1134,0
DA:1135,0
DA:1138,0
DA:1140,0
DA:1141,0
DA:1144,0
DA:1160,0
DA:1162,0
DA:1166,0
DA:1181,0
DA:1182,0
DA:1185,0
DA:1193,0
DA:1197,3
DA:1199,3
DA:1200,2
DA:1201,2
DA:1202,2
DA:1203,0
DA:1206,2
DA:1207,2
DA:1214,2
DA:1216,2
DA:1217,0
DA:1221,2
DA:1222,0
DA:1225,2
DA:1226,2
DA:1227,2
DA:1229,2
DA:1232,3
DA:1236,2
DA:1237,2
DA:1239,2
DA:1240,5
DA:1241,5
DA:1244,5
DA:1246,5
DA:1247,0
DA:1250,5
DA:1267,75
DA:1269,0
DA:1272,5
DA:1273,5
DA:1275,5
DA:1276,5
DA:1277,5
DA:1281,5
DA:1283,0
DA:1286,5
DA:1287,0
DA:1290,5
DA:1291,1
DA:1294,4
DA:1311,43
DA:1312,4
DA:1314,4
DA:1315,0
DA:1318,4
DA:1326,2
DA:1337,27
DA:1338,27
DA:1340,27
DA:1341,0
DA:1344,27
DA:1352,6
DA:1354,6
DA:1355,27
DA:1356,27
DA:1357,0
DA:1360,27
DA:1361,27
DA:1362,10
DA:1366,6
DA:1370,2
DA:1373,2
DA:1374,0
DA:1377,2
DA:1380,2
DA:1381,2
DA:1384,0
DA:1387,2
DA:1388,0
DA:1391,0
DA:1395,4
DA:1396,0
DA:1399,4
DA:1400,4
DA:1408,2
DA:1410,1
DA:1420,0
DA:1429,1
DA:1444,2
DA:1452,4
DA:1453,4
DA:1455,4
DA:1457,22
DA:1458,22
DA:1460,0
DA:1463,22
DA:1464,4
DA:1465,0
DA:1467,4
DA:1468,2
DA:1471,2
DA:1474,4
DA:1475,0
DA:1478,2
DA:1479,2
DA:1483,4
DA:1487,12
DA:1488,12
DA:1489,12
DA:1490,0
DA:1493,12
DA:1494,12
DA:1495,12
DA:1514,12
DA:1515,1
DA:1518,11
DA:1519,0
DA:1522,11
DA:1527,0
DA:1530,11
DA:1534,0
DA:1537,11
DA:1542,10
DA:1544,1
DA:1547,10
DA:1549,0
DA:1554,27
DA:1555,297
DA:1556,297
DA:1561,11
DA:1562,11
DA:1563,11
DA:1564,11
DA:1565,11
DA:1567,11
DA:1568,7
DA:1571,4
DA:1576,0
DA:1579,4
DA:1580,3
DA:1583,1
DA:1584,1
DA:1587,0
DA:1588,0
DA:1591,0
DA:1592,0
DA:1595,0
DA:1599,24
DA:1600,24
DA:1601,0
DA:1604,304
DA:1608,50
DA:1609,50
DA:1610,0
DA:1613,861
DA:1620,12
DA:1627,12
DA:1628,5
DA:1631,7
DA:1632,7
DA:1633,7
DA:1636,7
DA:1637,7
DA:1638,7
DA:1642,0
DA:1643,0
DA:1644,0
DA:1646,0
DA:1647,0
DA:1651,0
DA:1655,0
DA:1657,0
DA:1658,0
DA:1662,16
DA:1721,8
DA:1722,8
DA:1723,6
DA:1726,2
DA:1727,7
DA:1728,7
DA:1736,8
DA:1737,6
DA:1740,2
DA:1741,3
DA:1754,3
DA:1755,0
DA:1758,3
DA:1759,0
DA:1761,3
DA:1762,0
DA:1764,3
DA:1765,0
DA:1767,3
DA:1771,8
DA:1773,0
DA:1775,2
DA:1777,0
DA:1779,6
DA:1784,21
DA:1785,21
DA:1786,0
DA:1789,21
DA:1790,0
DA:1793,21
DA:1797,10
DA:1800,11
DA:1801,0
DA:1804,11
DA:1807,11
DA:1808,8
DA:1811,3
DA:1814,3
DA:1815,0
DA:1818,3
DA:1819,0
DA:1822,3
DA:1823,0
DA:1826,3
DA:1830,8
DA:1831,8
DA:1832,0
DA:1835,8
DA:1836,8
DA:1837,0
DA:1839,8
DA:1840,7
DA:1842,1
DA:1843,1
DA:1845,0
DA:1846,0
DA:1848,0
DA:1854,8
DA:1856,8
DA:1858,7
DA:1859,7
DA:1864,3
DA:1866,7
DA:1867,1
DA:1869,7
DA:1870,1
DA:1872,7
DA:1876,1
DA:1877,1
DA:1880,1
DA:1882,1
DA:1883,0
DA:1885,1
DA:1886,0
DA:1888,1
DA:1892,0
DA:1893,0
DA:1895,0
DA:1896,0
DA:1898,0
LF:527
LH:344
BRDA:83,0,0,0
BRDA:83,0,1,3
BRDA:83,0,2,0
BRDA:83,0,3,1
BRDA:83,0,4,1
BRDA:83,0,5,2
BRDA:83,0,6,0
BRDA:341,1,0,8
BRDA:348,2,0,6
BRDA:348,2,1,2
BRDA:350,3,0,4
BRDA:350,3,1,4
BRDA:355,4,0,2
BRDA:355,4,1,2
BRDA:355,5,0,4
BRDA:355,5,1,3
BRDA:369,6,0,1
BRDA:369,6,1,0
BRDA:369,6,2,0
BRDA:375,7,0,0
BRDA:375,7,1,8
BRDA:391,8,0,26
BRDA:393,9,0,0
BRDA:393,9,1,26
BRDA:401,10,0,0
BRDA:401,10,1,26
BRDA:417,11,0,0
BRDA:417,11,1,26
BRDA:417,12,0,26
BRDA:417,12,1,26
BRDA:421,13,0,0
BRDA:421,13,1,10
BRDA:421,13,2,0
BRDA:421,13,3,5
BRDA:421,13,4,5
BRDA:421,13,5,11
BRDA:421,13,6,0
BRDA:424,14,0,0
BRDA:424,14,1,0
BRDA:424,14,2,0
BRDA:433,15,0,6
BRDA:433,15,1,4
BRDA:434,16,0,3
BRDA:434,16,1,1
BRDA:437,17,0,1
BRDA:437,17,1,0
BRDA:438,18,0,1
BRDA:438,18,1,0
BRDA:438,18,2,0
BRDA:438,18,3,0
BRDA:438,18,4,0
BRDA:438,18,5,0
BRDA:449,19,0,0
BRDA:449,19,1,0
BRDA:452,20,0,0
BRDA:452,20,1,0
BRDA:453,21,0,0
BRDA:453,21,1,0
BRDA:456,22,0,0
BRDA:456,22,1,0
BRDA:457,23,0,0
BRDA:457,23,1,0
BRDA:458,24,0,0
BRDA:458,24,1,0
BRDA:466,25,0,0
BRDA:466,25,1,0
BRDA:466,26,0,0
BRDA:466,26,1,0
BRDA:475,27,0,0
BRDA:475,27,1,0
BRDA:476,28,0,0
BRDA:476,28,1,0
BRDA:479,29,0,0
BRDA:479,29,1,0
BRDA:481,30,0,0
BRDA:481,30,1,0
BRDA:482,31,0,0
BRDA:482,31,1,0
BRDA:482,31,2,0
BRDA:492,32,0,0
BRDA:492,32,1,0
BRDA:492,33,0,0
BRDA:492,33,1,0
BRDA:500,34,0,2
BRDA:500,34,1,3
BRDA:501,35,0,5
BRDA:501,35,1,5
BRDA:501,35,2,3
BRDA:501,35,3,3
BRDA:501,35,4,3
BRDA:501,35,5,3
BRDA:501,35,6,3
BRDA:501,35,7,3
BRDA:513,36,0,0
BRDA:513,36,1,3
BRDA:514,37,0,3
BRDA:514,37,1,3
BRDA:514,37,2,3
BRDA:514,37,3,3
BRDA:514,37,4,3
BRDA:514,37,5,3
BRDA:514,37,6,3
BRDA:514,37,7,3
BRDA:526,38,0,2
BRDA:526,38,1,1
BRDA:530,39,0,1
BRDA:530,39,1,0
BRDA:531,40,0,1
BRDA:531,40,1,0
BRDA:532,41,0,1
BRDA:532,41,1,1
BRDA:532,41,2,1
BRDA:532,41,3,0
BRDA:543,42,0,0
BRDA:543,42,1,0
BRDA:543,43,0,0
BRDA:543,43,1,0
BRDA:551,44,0,0
BRDA:551,44,1,0
BRDA:562,45,0,0
BRDA:562,45,1,11
BRDA:565,46,0,1
BRDA:565,46,1,10
BRDA:568,47,0,3
BRDA:568,47,1,7
BRDA:575,48,0,1
BRDA:575,48,1,6
BRDA:598,49,0,6
BRDA:598,49,1,0
BRDA:603,50,0,6
BRDA:603,50,1,0
BRDA:608,51,0,6
BRDA:608,51,1,4
BRDA:609,52,0,10
BRDA:609,52,1,6
BRDA:609,52,2,6
BRDA:617,53,0,0
BRDA:617,53,1,0
BRDA:622,54,0,0
BRDA:622,54,1,0
BRDA:628,55,0,0
BRDA:628,55,1,0
BRDA:631,56,0,0
BRDA:631,56,1,0
BRDA:632,57,0,0
BRDA:632,57,1,11
BRDA:637,58,0,0
BRDA:637,58,1,0
BRDA:638,59,0,0
BRDA:638,59,1,0
BRDA:638,60,0,0
BRDA:638,60,1,0
BRDA:652,61,0,0
BRDA:652,61,1,0
BRDA:654,62,0,11
BRDA:654,62,1,0
BRDA:654,62,2,0
BRDA:658,63,0,0
BRDA:658,63,1,11
BRDA:659,64,0,11
BRDA:659,64,1,0
BRDA:659,64,2,0
BRDA:659,64,3,0
BRDA:681,65,0,0
BRDA:681,65,1,10
BRDA:742,66,0,9
BRDA:742,66,1,49
BRDA:747,67,0,1
BRDA:747,67,1,48
BRDA:786,68,0,0
BRDA:786,68,1,3
BRDA:791,69,0,0
BRDA:791,69,1,3
BRDA:824,70,0,2
BRDA:828,71,0,1
BRDA:828,71,1,1
BRDA:844,72,0,1
BRDA:844,72,1,3
BRDA:848,73,0,0
BRDA:848,73,1,3
BRDA:853,74,0,3
BRDA:853,74,1,1
BRDA:853,74,2,0
BRDA:853,74,3,0
BRDA:857,75,0,3
BRDA:857,75,1,0
BRDA:858,76,0,3
BRDA:858,76,1,0
BRDA:860,77,0,4
BRDA:860,77,1,2
BRDA:908,78,0,18
BRDA:908,78,1,0
BRDA:917,79,0,18
BRDA:917,79,1,0
BRDA:918,80,0,18
BRDA:918,80,1,0
BRDA:918,80,2,0
BRDA:918,80,3,0
BRDA:924,81,0,0
BRDA:924,81,1,0
BRDA:927,82,0,0
BRDA:927,82,1,0
BRDA:930,83,0,18
BRDA:930,83,1,0
BRDA:930,83,2,0
BRDA:932,84,0,6
BRDA:932,84,1,12
BRDA:934,85,0,0
BRDA:934,85,1,6
BRDA:940,86,0,0
BRDA:940,86,1,12
BRDA:940,87,0,12
BRDA:940,87,1,12
BRDA:940,87,2,12
BRDA:944,88,0,0
BRDA:944,88,1,12
BRDA:961,89,0,7
BRDA:961,89,1,0
BRDA:961,89,2,0
BRDA:964,90,0,0
BRDA:964,90,1,7
BRDA:995,91,0,0
BRDA:995,91,1,0
BRDA:1000,92,0,0
BRDA:1000,92,1,0
BRDA:1002,93,0,0
BRDA:1002,93,1,0
BRDA:1003,94,0,0
BRDA:1003,94,1,0
BRDA:1005,95,0,0
BRDA:1005,95,1,0
BRDA:1009,96,0,0
BRDA:1009,96,1,0
BRDA:1009,96,2,0
BRDA:1010,97,0,0
BRDA:1010,97,1,0
BRDA:1023,98,0,0
BRDA:1023,98,1,0
BRDA:1023,99,0,0
BRDA:1023,99,1,0
BRDA:1028,100,0,0
BRDA:1028,100,1,0
BRDA:1028,100,2,0
BRDA:1034,101,0,0
BRDA:1034,101,1,0
BRDA:1034,101,2,0
BRDA:1036,102,0,0
BRDA:1036,102,1,0
BRDA:1036,103,0,0
BRDA:1036,103,1,0
BRDA:1049,104,0,0
BRDA:1049,104,1,0
BRDA:1057,105,0,0
BRDA:1057,105,1,0
BRDA:1058,106,0,0
BRDA:1058,106,1,0
BRDA:1058,106,2,0
BRDA:1059,107,0,0
BRDA:1059,107,1,0
BRDA:1059,108,0,0
BRDA:1059,108,1,0
BRDA:1081,109,0,2
BRDA:1081,109,1,2
BRDA:1081,109,2,0
BRDA:1081,109,3,0
BRDA:1081,109,4,0
BRDA:1087,110,0,0
BRDA:1087,110,1,2
BRDA:1087,111,0,2
BRDA:1087,111,1,2
BRDA:1091,112,0,0
BRDA:1091,112,1,2
BRDA:1093,113,0,0
BRDA:1093,113,1,0
BRDA:1093,113,2,0
BRDA:1099,114,0,0
BRDA:1099,114,1,0
BRDA:1099,114,2,0
BRDA:1100,115,0,0
BRDA:1100,115,1,0
BRDA:1108,116,0,2
BRDA:1108,116,1,0
BRDA:1112,117,0,2
BRDA:1112,117,1,0
BRDA:1112,117,2,0
BRDA:1114,118,0,2
BRDA:1114,118,1,0
BRDA:1129,119,0,1
BRDA:1129,119,1,0
BRDA:1134,120,0,0
BRDA:1134,120,1,0
BRDA:1136,121,0,0
BRDA:1136,121,1,0
BRDA:1136,121,2,0
BRDA:1140,122,0,0
BRDA:1140,122,1,0
BRDA:1140,123,0,0
BRDA:1140,123,1,0
BRDA:1140,123,2,0
BRDA:1144,124,0,0
BRDA:1144,124,1,0
BRDA:1166,125,0,0
BRDA:1166,125,1,0
BRDA:1166,125,2,0
BRDA:1166,125,3,0
BRDA:1166,125,4,0
BRDA:1166,125,5,0
BRDA:1166,125,6,0
BRDA:1166,125,7,0
BRDA:1166,125,8,0
BRDA:1166,125,9,0
BRDA:1166,125,10,0
BRDA:1166,125,11,0
BRDA:1166,125,12,0
BRDA:1166,125,13,0
BRDA:1166,125,14,0
BRDA:1181,126,0,0
BRDA:1181,126,1,0
BRDA:1200,127,0,2
BRDA:1200,127,1,0
BRDA:1201,128,0,2
BRDA:1201,128,1,0
BRDA:1202,129,0,0
BRDA:1202,129,1,2
BRDA:1207,130,0,2
BRDA:1207,130,1,0
BRDA:1213,131,0,0
BRDA:1213,131,1,0
BRDA:1214,132,0,2
BRDA:1214,132,1,0
BRDA:1214,132,2,0
BRDA:1216,133,0,0
BRDA:1216,133,1,2
BRDA:1221,134,0,0
BRDA:1221,134,1,2
BRDA:1240,135,0,5
BRDA:1240,135,1,0
BRDA:1242,136,0,5
BRDA:1242,136,1,0
BRDA:1242,136,2,0
BRDA:1246,137,0,0
BRDA:1246,137,1,5
BRDA:1246,138,0,5
BRDA:1246,138,1,5
BRDA:1246,138,2,5
BRDA:1250,139,0,0
BRDA:1250,139,1,5
BRDA:1278,140,0,5
BRDA:1278,140,1,3
BRDA:1278,140,2,3
BRDA:1286,141,0,0
BRDA:1286,141,1,5
BRDA:1286,142,0,5
BRDA:1286,142,1,3
BRDA:1290,143,0,1
BRDA:1290,143,1,4
BRDA:1290,144,0,5
BRDA:1290,144,1,4
BRDA:1314,145,0,0
BRDA:1314,145,1,4
BRDA:1314,146,0,4
BRDA:1314,146,1,3
BRDA:1314,146,2,1
BRDA:1340,147,0,0
BRDA:1340,147,1,27
BRDA:1340,148,0,27
BRDA:1340,148,1,27
BRDA:1356,149,0,0
BRDA:1356,149,1,27
BRDA:1356,150,0,27
BRDA:1356,150,1,27
BRDA:1356,150,2,27
BRDA:1361,151,0,10
BRDA:1361,151,1,17
BRDA:1361,152,0,27
BRDA:1361,152,1,17
BRDA:1373,153,0,0
BRDA:1373,153,1,2
BRDA:1380,154,0,2
BRDA:1380,154,1,0
BRDA:1384,155,0,0
BRDA:1384,155,1,0
BRDA:1387,156,0,0
BRDA:1387,156,1,2
BRDA:1395,157,0,0
BRDA:1395,157,1,4
BRDA:1401,158,0,4
BRDA:1401,158,1,4
BRDA:1401,158,2,4
BRDA:1408,159,0,1
BRDA:1408,159,1,0
BRDA:1408,159,2,1
BRDA:1464,160,0,0
BRDA:1464,160,1,4
BRDA:1467,161,0,2
BRDA:1467,161,1,2
BRDA:1471,162,0,2
BRDA:1471,162,1,0
BRDA:1471,162,2,0
BRDA:1474,163,0,0
BRDA:1474,163,1,4
BRDA:1474,164,0,4
BRDA:1474,164,1,2
BRDA:1474,164,2,2
BRDA:1489,165,0,0
BRDA:1489,165,1,12
BRDA:1514,166,0,1
BRDA:1514,166,1,11
BRDA:1518,167,0,0
BRDA:1518,167,1,11
BRDA:1522,168,0,0
BRDA:1522,168,1,11
BRDA:1523,169,0,11
BRDA:1523,169,1,11
BRDA:1523,169,2,11
BRDA:1530,170,0,0
BRDA:1530,170,1,11
BRDA:1531,171,0,11
BRDA:1531,171,1,4
BRDA:1532,172,0,4
BRDA:1532,172,1,0
BRDA:1537,173,0,1
BRDA:1537,173,1,10
BRDA:1538,174,0,11
BRDA:1538,174,1,8
BRDA:1538,174,2,8
BRDA:1556,175,0,297
BRDA:1556,175,1,0
BRDA:1564,176,0,11
BRDA:1564,176,1,0
BRDA:1567,177,0,7
BRDA:1567,177,1,4
BRDA:1567,178,0,11
BRDA:1567,178,1,4
BRDA:1571,179,0,0
BRDA:1571,179,1,4
BRDA:1572,180,0,4
BRDA:1572,180,1,4
BRDA:1572,180,2,4
BRDA:1579,181,0,3
BRDA:1579,181,1,1
BRDA:1583,182,0,1
BRDA:1583,182,1,0
BRDA:1584,183,0,1
BRDA:1584,183,1,1
BRDA:1584,183,2,0
BRDA:1587,184,0,0
BRDA:1587,184,1,0
BRDA:1588,185,0,0
BRDA:1588,185,1,0
BRDA:1588,185,2,0
BRDA:1591,186,0,0
BRDA:1591,186,1,0
BRDA:1595,187,0,0
BRDA:1595,187,1,0
BRDA:1600,188,0,0
BRDA:1600,188,1,24
BRDA:1609,189,0,0
BRDA:1609,189,1,50
BRDA:1621,190,0,12
BRDA:1621,190,1,0
BRDA:1621,190,2,0
BRDA:1621,190,3,0
BRDA:1627,191,0,5
BRDA:1627,191,1,7
BRDA:1627,192,0,12
BRDA:1627,192,1,12
BRDA:1627,192,2,8
BRDA:1632,193,0,7
BRDA:1632,193,1,0
BRDA:1636,194,0,7
BRDA:1636,194,1,0
BRDA:1637,195,0,7
BRDA:1637,195,1,0
BRDA:1637,196,0,7
BRDA:1637,196,1,7
BRDA:1643,197,0,0
BRDA:1643,197,1,0
BRDA:1643,198,0,0
BRDA:1643,198,1,0
BRDA:1646,199,0,0
BRDA:1646,199,1,0
BRDA:1658,200,0,0
BRDA:1658,200,1,0
BRDA:1722,201,0,6
BRDA:1722,201,1,2
BRDA:1728,202,0,7
BRDA:1728,202,1,7
BRDA:1736,203,0,6
BRDA:1736,203,1,2
BRDA:1754,204,0,0
BRDA:1754,204,1,3
BRDA:1758,205,0,0
BRDA:1758,205,1,3
BRDA:1758,206,0,3
BRDA:1758,206,1,0
BRDA:1761,207,0,0
BRDA:1761,207,1,3
BRDA:1764,208,0,0
BRDA:1764,208,1,3
BRDA:1771,209,0,0
BRDA:1771,209,1,2
BRDA:1771,209,2,0
BRDA:1771,209,3,6
BRDA:1785,210,0,0
BRDA:1785,210,1,21
BRDA:1789,211,0,0
BRDA:1789,211,1,21
BRDA:1793,212,0,10
BRDA:1793,212,1,11
BRDA:1794,213,0,21
BRDA:1794,213,1,11
BRDA:1800,214,0,0
BRDA:1800,214,1,11
BRDA:1807,215,0,8
BRDA:1807,215,1,3
BRDA:1814,216,0,0
BRDA:1814,216,1,3
BRDA:1818,217,0,0
BRDA:1818,217,1,3
BRDA:1822,218,0,0
BRDA:1822,218,1,3
BRDA:1831,219,0,0
BRDA:1831,219,1,8
BRDA:1831,220,0,8
BRDA:1831,220,1,8
BRDA:1836,221,0,0
BRDA:1836,221,1,8
BRDA:1836,222,0,8
BRDA:1836,222,1,8
BRDA:1836,222,2,8
BRDA:1836,222,3,8
BRDA:1836,222,4,8
BRDA:1839,223,0,7
BRDA:1839,223,1,1
BRDA:1839,224,0,8
BRDA:1839,224,1,8
BRDA:1839,224,2,8
BRDA:1842,225,0,1
BRDA:1842,225,1,0
BRDA:1842,226,0,1
BRDA:1842,226,1,1
BRDA:1842,226,2,0
BRDA:1845,227,0,0
BRDA:1845,227,1,0
BRDA:1845,228,0,0
BRDA:1845,228,1,0
BRDA:1845,228,2,0
BRDA:1845,228,3,0
BRDA:1856,229,0,7
BRDA:1856,229,1,1
BRDA:1856,229,2,0
BRDA:1859,230,0,3
BRDA:1859,230,1,4
BRDA:1866,231,0,1
BRDA:1866,231,1,6
BRDA:1869,232,0,1
BRDA:1869,232,1,6
BRDA:1877,233,0,1
BRDA:1877,233,1,0
BRDA:1882,234,0,0
BRDA:1882,234,1,1
BRDA:1885,235,0,0
BRDA:1885,235,1,1
BRDA:1892,236,0,0
BRDA:1892,236,1,0
BRDA:1895,237,0,0
BRDA:1895,237,1,0
BRF:568
BRH:272
end_of_record
TN:
SF:src\content\pdfWorker.ts
FN:9,ensurePdfJsWorkerPort
FN:17,getSharedPdfWorkerPort
FN:29,getBundledExtensionAssetUrl
FN:41,resetPdfJsWorkerPortForTests
FNF:4
FNH:4
FNDA:3,ensurePdfJsWorkerPort
FNDA:2,getSharedPdfWorkerPort
FNDA:2,getBundledExtensionAssetUrl
FNDA:3,resetPdfJsWorkerPortForTests
DA:7,1
DA:10,3
DA:11,1
DA:14,2
DA:18,2
DA:26,2
DA:30,2
DA:31,2
DA:33,2
DA:34,0
DA:37,2
DA:38,2
DA:42,3
LF:13
LH:12
BRDA:10,0,0,1
BRDA:10,0,1,2
BRDA:10,1,0,3
BRDA:10,1,1,3
BRDA:31,2,0,2
BRDA:31,2,1,0
BRDA:33,3,0,0
BRDA:33,3,1,2
BRF:8
BRH:6
end_of_record
TN:
SF:src\content\resumeUpload.ts
FN:8,getSelectedFileName
FN:23,shouldAttemptResumeUpload
FN:48,normalizeFileName
FN:52,inferResumeKindFromLabel
FN:75,resolveResumeKindForJob
FN:89,pickResumeAssetForUpload
FNF:6
FNH:6
FNDA:5,getSelectedFileName
FNDA:5,shouldAttemptResumeUpload
FNDA:6,normalizeFileName
FNDA:6,inferResumeKindFromLabel
FNDA:4,resolveResumeKindForJob
FNDA:3,pickResumeAssetForUpload
DA:9,5
DA:10,5
DA:11,3
DA:14,2
DA:15,2
DA:16,1
DA:19,1
DA:20,1
DA:30,5
DA:31,1
DA:34,4
DA:35,1
DA:38,3
DA:39,3
DA:41,3
DA:42,1
DA:45,2
DA:49,6
DA:55,6
DA:56,6
DA:57,1
DA:60,5
DA:61,1
DA:64,4
DA:65,2
DA:68,2
DA:69,1
DA:72,1
DA:80,4
DA:82,4
DA:93,3
DA:94,2
DA:97,1
DA:102,1
DA:103,1
DA:107,0
LF:36
LH:35
BRDA:10,0,0,3
BRDA:10,0,1,2
BRDA:15,1,0,1
BRDA:15,1,1,1
BRDA:20,2,0,1
BRDA:20,2,1,0
BRDA:27,3,0,5
BRDA:28,4,0,5
BRDA:30,5,0,1
BRDA:30,5,1,4
BRDA:34,6,0,1
BRDA:34,6,1,3
BRDA:34,7,0,4
BRDA:34,7,1,2
BRDA:41,8,0,1
BRDA:41,8,1,2
BRDA:41,9,0,3
BRDA:41,9,1,2
BRDA:41,9,2,2
BRDA:55,10,0,6
BRDA:55,10,1,1
BRDA:56,11,0,1
BRDA:56,11,1,5
BRDA:60,12,0,1
BRDA:60,12,1,4
BRDA:64,13,0,2
BRDA:64,13,1,2
BRDA:68,14,0,1
BRDA:68,14,1,1
BRDA:83,15,0,4
BRDA:83,15,1,2
BRDA:83,15,2,1
BRDA:85,16,0,1
BRDA:85,16,1,0
BRDA:93,17,0,2
BRDA:93,17,1,1
BRDA:94,18,0,2
BRDA:94,18,1,1
BRDA:102,19,0,1
BRDA:102,19,1,0
BRDA:103,20,0,1
BRDA:103,20,1,0
BRF:42
BRH:38
end_of_record
TN:
SF:src\content\text.ts
FN:4,cleanText
FN:15,truncateText
FN:35,normalizeChoiceText
FN:47,cssEscape
FN:61,extractNumber
FN:76,textSimilarity
FN:111,looksLikeQuestion
FN:150,(anonymous_7)
FN:154,extractEmail
FN:164,extractPhone
FN:177,extractUrl
FNF:11
FNH:11
FNDA:266,cleanText
FNDA:2,truncateText
FNDA:1655,normalizeChoiceText
FNDA:20,cssEscape
FNDA:1,extractNumber
FNDA:39,textSimilarity
FNDA:3,looksLikeQuestion
FNDA:41,(anonymous_7)
FNDA:1,extractEmail
FNDA:1,extractPhone
FNDA:1,extractUrl
DA:5,266
DA:6,24
DA:9,242
DA:16,2
DA:17,0
DA:20,2
DA:21,1
DA:25,1
DA:26,1
DA:28,1
DA:29,0
DA:32,1
DA:36,1655
DA:37,4
DA:40,1651
DA:48,20
DA:49,0
DA:52,20
DA:53,0
DA:57,20
DA:62,1
DA:63,0
DA:66,1
DA:67,1
DA:68,0
DA:71,1
DA:72,1
DA:77,39
DA:78,0
DA:81,39
DA:82,39
DA:84,39
DA:85,1
DA:88,38
DA:89,2
DA:93,36
DA:94,36
DA:96,36
DA:97,0
DA:100,36
DA:101,36
DA:102,197
DA:103,41
DA:107,36
DA:112,3
DA:113,0
DA:116,3
DA:119,3
DA:120,1
DA:124,2
DA:150,41
DA:155,1
DA:156,0
DA:159,1
DA:160,1
DA:165,1
DA:166,0
DA:170,1
DA:173,1
DA:178,1
DA:179,0
DA:182,1
DA:185,1
LF:63
LH:51
BRDA:5,0,0,24
BRDA:5,0,1,242
BRDA:16,1,0,0
BRDA:16,1,1,2
BRDA:20,2,0,1
BRDA:20,2,1,1
BRDA:28,3,0,0
BRDA:28,3,1,1
BRDA:36,4,0,4
BRDA:36,4,1,1651
BRDA:48,5,0,0
BRDA:48,5,1,20
BRDA:52,6,0,0
BRDA:52,6,1,20
BRDA:52,7,0,20
BRDA:52,7,1,0
BRDA:62,8,0,0
BRDA:62,8,1,1
BRDA:67,9,0,0
BRDA:67,9,1,1
BRDA:72,10,0,1
BRDA:72,10,1,0
BRDA:77,11,0,0
BRDA:77,11,1,39
BRDA:77,12,0,39
BRDA:77,12,1,39
BRDA:84,13,0,1
BRDA:84,13,1,38
BRDA:88,14,0,2
BRDA:88,14,1,36
BRDA:88,15,0,38
BRDA:88,15,1,37
BRDA:96,16,0,0
BRDA:96,16,1,36
BRDA:96,17,0,36
BRDA:96,17,1,36
BRDA:102,18,0,41
BRDA:102,18,1,156
BRDA:112,19,0,0
BRDA:112,19,1,3
BRDA:119,20,0,1
BRDA:119,20,1,2
BRDA:155,21,0,0
BRDA:155,21,1,1
BRDA:160,22,0,1
BRDA:160,22,1,0
BRDA:165,23,0,0
BRDA:165,23,1,1
BRDA:173,24,0,1
BRDA:173,24,1,0
BRDA:178,25,0,0
BRDA:178,25,1,1
BRDA:185,26,0,1
BRDA:185,26,1,0
BRF:54
BRH:37
end_of_record
